<?xml version="1.0" encoding="UTF-8"?>
<testsuite xmlns:xsi="http://www.w3.org/2001/XMLSchema-instance" xsi:noNamespaceSchemaLocation="https://maven.apache.org/surefire/maven-surefire-plugin/xsd/surefire-test-report-3.0.xsd" version="3.0" name="com.tpa.controller.SecurityAndUploadTest" time="3.7" tests="2" errors="0" skipped="0" failures="0">
  <properties>
[...]
</properties>
  <testcase name="getTimeline_Authorized_Returns200" classname="com.tpa.controller.SecurityAndUploadTest" time="0.126">
    <system-out><![CDATA[2026-05-11T12:56:02.580+05:30  INFO 30620 --- [tpa-test] [           main] t.c.s.AnnotationConfigContextLoaderUtils : Could not detect default configuration classes for test class [com.tpa.controller.SecurityAndUploadTest]: SecurityAndUploadTest does not declare any static, non-private, non-final, nested classes annotated with @Configuration.
2026-05-11T12:56:02.580+05:30  INFO 30620 --- [tpa-test] [           main] .b.t.c.SpringBootTestContextBootstrapper : Found @SpringBootConfiguration com.tpa.TpaApplication for test class com.tpa.controller.SecurityAndUploadTest
2026-05-11T12:56:02.607+05:30  INFO 30620 --- [tpa-test] [           main] m.p.springdotenv.DotenvPropertySource    : Initialized Dotenv with DotenvConfig{directory=null, filename=null, ignoreIfMalformed=false, ignoreIfMissing=true, systemProperties=false, prefix=null}
 _______ ______ _______
|_     _|   __ \   _   |
  |   | |    __/       |
  |___| |___|  |___|___|

2026-05-11T12:56:02.635+05:30  WARN 30620 --- [tpa-test] [           main] ory$DuplicateJsonObjectContextCustomizer : 

Found multiple occurrences of org.json.JSONObject on the class path:

	jar:file:/C:/Users/MithunM/.m2/repository/org/json/json/20231013/json-20231013.jar!/org/json/JSONObject.class
	jar:file:/C:/Users/MithunM/.m2/repository/com/vaadin/external/google/android-json/0.0.20131108.vaadin1/android-json-0.0.20131108.vaadin1.jar!/org/json/JSONObject.class

You may wish to exclude one of them to ensure predictable runtime behavior

2026-05-11T12:56:02.640+05:30  INFO 30620 --- [tpa-test] [           main] c.tpa.controller.SecurityAndUploadTest   : Starting SecurityAndUploadTest using Java 17.0.12 with PID 30620 (started by MithunM in C:\Users\MithunM\IdeaProjects\tpa)
2026-05-11T12:56:02.640+05:30  INFO 30620 --- [tpa-test] [           main] c.tpa.controller.SecurityAndUploadTest   : The following 1 profile is active: "test"
2026-05-11T12:56:03.314+05:30  INFO 30620 --- [tpa-test] [           main] .s.d.r.c.RepositoryConfigurationDelegate : Multiple Spring Data modules found, entering strict repository configuration mode
2026-05-11T12:56:03.314+05:30  INFO 30620 --- [tpa-test] [           main] .s.d.r.c.RepositoryConfigurationDelegate : Bootstrapping Spring Data JPA repositories in DEFAULT mode.
2026-05-11T12:56:03.463+05:30  INFO 30620 --- [tpa-test] [           main] .s.d.r.c.RepositoryConfigurationDelegate : Finished Spring Data repository scanning in 150 ms. Found 17 JPA repository interfaces.
2026-05-11T12:56:03.514+05:30  INFO 30620 --- [tpa-test] [           main] .s.d.r.c.RepositoryConfigurationDelegate : Multiple Spring Data modules found, entering strict repository configuration mode
2026-05-11T12:56:03.514+05:30  INFO 30620 --- [tpa-test] [           main] .s.d.r.c.RepositoryConfigurationDelegate : Bootstrapping Spring Data Redis repositories in DEFAULT mode.
2026-05-11T12:56:03.524+05:30  INFO 30620 --- [tpa-test] [           main] .RepositoryConfigurationExtensionSupport : Spring Data Redis - Could not safely identify store assignment for repository candidate interface com.tpa.repository.AuditLogRepository; If you want this repository to be a Redis repository, consider annotating your entities with one of these annotations: org.springframework.data.redis.core.RedisHash (preferred), or consider extending one of the following types with your repository: org.springframework.data.keyvalue.repository.KeyValueRepository
2026-05-11T12:56:03.524+05:30  INFO 30620 --- [tpa-test] [           main] .RepositoryConfigurationExtensionSupport : Spring Data Redis - Could not safely identify store assignment for repository candidate interface com.tpa.repository.CarrierRepository; If you want this repository to be a Redis repository, consider annotating your entities with one of these annotations: org.springframework.data.redis.core.RedisHash (preferred), or consider extending one of the following types with your repository: org.springframework.data.keyvalue.repository.KeyValueRepository
2026-05-11T12:56:03.524+05:30  INFO 30620 --- [tpa-test] [           main] .RepositoryConfigurationExtensionSupport : Spring Data Redis - Could not safely identify store assignment for repository candidate interface com.tpa.repository.ClaimAuditRepository; If you want this repository to be a Redis repository, consider annotating your entities with one of these annotations: org.springframework.data.redis.core.RedisHash (preferred), or consider extending one of the following types with your repository: org.springframework.data.keyvalue.repository.KeyValueRepository
2026-05-11T12:56:03.524+05:30  INFO 30620 --- [tpa-test] [           main] .RepositoryConfigurationExtensionSupport : Spring Data Redis - Could not safely identify store assignment for repository candidate interface com.tpa.repository.ClaimDocumentRepository; If you want this repository to be a Redis repository, consider annotating your entities with one of these annotations: org.springframework.data.redis.core.RedisHash (preferred), or consider extending one of the following types with your repository: org.springframework.data.keyvalue.repository.KeyValueRepository
2026-05-11T12:56:03.524+05:30  INFO 30620 --- [tpa-test] [           main] .RepositoryConfigurationExtensionSupport : Spring Data Redis - Could not safely identify store assignment for repository candidate interface com.tpa.repository.ClaimQueryRepository; If you want this repository to be a Redis repository, consider annotating your entities with one of these annotations: org.springframework.data.redis.core.RedisHash (preferred), or consider extending one of the following types with your repository: org.springframework.data.keyvalue.repository.KeyValueRepository
2026-05-11T12:56:03.524+05:30  INFO 30620 --- [tpa-test] [           main] .RepositoryConfigurationExtensionSupport : Spring Data Redis - Could not safely identify store assignment for repository candidate interface com.tpa.repository.ClaimRepository; If you want this repository to be a Redis repository, consider annotating your entities with one of these annotations: org.springframework.data.redis.core.RedisHash (preferred), or consider extending one of the following types with your repository: org.springframework.data.keyvalue.repository.KeyValueRepository
2026-05-11T12:56:03.524+05:30  INFO 30620 --- [tpa-test] [           main] .RepositoryConfigurationExtensionSupport : Spring Data Redis - Could not safely identify store assignment for repository candidate interface com.tpa.repository.ClaimStatusTimelineRepository; If you want this repository to be a Redis repository, consider annotating your entities with one of these annotations: org.springframework.data.redis.core.RedisHash (preferred), or consider extending one of the following types with your repository: org.springframework.data.keyvalue.repository.KeyValueRepository
2026-05-11T12:56:03.524+05:30  INFO 30620 --- [tpa-test] [           main] .RepositoryConfigurationExtensionSupport : Spring Data Redis - Could not safely identify store assignment for repository candidate interface com.tpa.repository.CustomerRepository; If you want this repository to be a Redis repository, consider annotating your entities with one of these annotations: org.springframework.data.redis.core.RedisHash (preferred), or consider extending one of the following types with your repository: org.springframework.data.keyvalue.repository.KeyValueRepository
2026-05-11T12:56:03.524+05:30  INFO 30620 --- [tpa-test] [           main] .RepositoryConfigurationExtensionSupport : Spring Data Redis - Could not safely identify store assignment for repository candidate interface com.tpa.repository.EventAuditLogRepository; If you want this repository to be a Redis repository, consider annotating your entities with one of these annotations: org.springframework.data.redis.core.RedisHash (preferred), or consider extending one of the following types with your repository: org.springframework.data.keyvalue.repository.KeyValueRepository
2026-05-11T12:56:03.524+05:30  INFO 30620 --- [tpa-test] [           main] .RepositoryConfigurationExtensionSupport : Spring Data Redis - Could not safely identify store assignment for repository candidate interface com.tpa.repository.NotificationRepository; If you want this repository to be a Redis repository, consider annotating your entities with one of these annotations: org.springframework.data.redis.core.RedisHash (preferred), or consider extending one of the following types with your repository: org.springframework.data.keyvalue.repository.KeyValueRepository
2026-05-11T12:56:03.524+05:30  INFO 30620 --- [tpa-test] [           main] .RepositoryConfigurationExtensionSupport : Spring Data Redis - Could not safely identify store assignment for repository candidate interface com.tpa.repository.PatientRepository; If you want this repository to be a Redis repository, consider annotating your entities with one of these annotations: org.springframework.data.redis.core.RedisHash (preferred), or consider extending one of the following types with your repository: org.springframework.data.keyvalue.repository.KeyValueRepository
2026-05-11T12:56:03.524+05:30  INFO 30620 --- [tpa-test] [           main] .RepositoryConfigurationExtensionSupport : Spring Data Redis - Could not safely identify store assignment for repository candidate interface com.tpa.repository.PaymentLedgerRepository; If you want this repository to be a Redis repository, consider annotating your entities with one of these annotations: org.springframework.data.redis.core.RedisHash (preferred), or consider extending one of the following types with your repository: org.springframework.data.keyvalue.repository.KeyValueRepository
2026-05-11T12:56:03.524+05:30  INFO 30620 --- [tpa-test] [           main] .RepositoryConfigurationExtensionSupport : Spring Data Redis - Could not safely identify store assignment for repository candidate interface com.tpa.repository.PaymentRepository; If you want this repository to be a Redis repository, consider annotating your entities with one of these annotations: org.springframework.data.redis.core.RedisHash (preferred), or consider extending one of the following types with your repository: org.springframework.data.keyvalue.repository.KeyValueRepository
2026-05-11T12:56:03.524+05:30  INFO 30620 --- [tpa-test] [           main] .RepositoryConfigurationExtensionSupport : Spring Data Redis - Could not safely identify store assignment for repository candidate interface com.tpa.repository.RefreshTokenRepository; If you want this repository to be a Redis repository, consider annotating your entities with one of these annotations: org.springframework.data.redis.core.RedisHash (preferred), or consider extending one of the following types with your repository: org.springframework.data.keyvalue.repository.KeyValueRepository
2026-05-11T12:56:03.524+05:30  INFO 30620 --- [tpa-test] [           main] .RepositoryConfigurationExtensionSupport : Spring Data Redis - Could not safely identify store assignment for repository candidate interface com.tpa.repository.RuleConfigRepository; If you want this repository to be a Redis repository, consider annotating your entities with one of these annotations: org.springframework.data.redis.core.RedisHash (preferred), or consider extending one of the following types with your repository: org.springframework.data.keyvalue.repository.KeyValueRepository
2026-05-11T12:56:03.524+05:30  INFO 30620 --- [tpa-test] [           main] .RepositoryConfigurationExtensionSupport : Spring Data Redis - Could not safely identify store assignment for repository candidate interface com.tpa.repository.RuleExecutionAuditRepository; If you want this repository to be a Redis repository, consider annotating your entities with one of these annotations: org.springframework.data.redis.core.RedisHash (preferred), or consider extending one of the following types with your repository: org.springframework.data.keyvalue.repository.KeyValueRepository
2026-05-11T12:56:03.524+05:30  INFO 30620 --- [tpa-test] [           main] .RepositoryConfigurationExtensionSupport : Spring Data Redis - Could not safely identify store assignment for repository candidate interface com.tpa.repository.UserRepository; If you want this repository to be a Redis repository, consider annotating your entities with one of these annotations: org.springframework.data.redis.core.RedisHash (preferred), or consider extending one of the following types with your repository: org.springframework.data.keyvalue.repository.KeyValueRepository
2026-05-11T12:56:03.524+05:30  INFO 30620 --- [tpa-test] [           main] .s.d.r.c.RepositoryConfigurationDelegate : Finished Spring Data repository scanning in 8 ms. Found 0 Redis repository interfaces.
2026-05-11T12:56:03.657+05:30  WARN 30620 --- [tpa-test] [           main] trationDelegate$BeanPostProcessorChecker : Bean 'kafkaTestConfig' of type [com.tpa.config.KafkaTestConfig$$SpringCGLIB$$0] is not eligible for getting processed by all BeanPostProcessors (for example: not eligible for auto-proxying). The currently created BeanPostProcessor [disableKafkaListenersInTests] is declared through a non-static factory method on that class; consider declaring it as static instead.
2026-05-11T12:56:03.724+05:30  INFO 30620 --- [tpa-test] [           main] o.hibernate.jpa.internal.util.LogHelper  : HHH000204: Processing PersistenceUnitInfo [name: default]
2026-05-11T12:56:03.724+05:30  INFO 30620 --- [tpa-test] [           main] o.h.c.internal.RegionFactoryInitiator    : HHH000026: Second-level cache disabled
2026-05-11T12:56:03.724+05:30  INFO 30620 --- [tpa-test] [           main] o.s.o.j.p.SpringPersistenceUnitInfo      : No LoadTimeWeaver setup: ignoring JPA class transformer
2026-05-11T12:56:03.724+05:30  INFO 30620 --- [tpa-test] [           main] com.zaxxer.hikari.HikariDataSource       : HikariPool-2 - Starting...
2026-05-11T12:56:03.724+05:30  INFO 30620 --- [tpa-test] [           main] com.zaxxer.hikari.pool.HikariPool        : HikariPool-2 - Added connection conn10: url=jdbc:h2:mem:tpadb-07889e5f-984d-4523-a08f-39945a593199 user=SA
2026-05-11T12:56:03.724+05:30  INFO 30620 --- [tpa-test] [           main] com.zaxxer.hikari.HikariDataSource       : HikariPool-2 - Start completed.
2026-05-11T12:56:03.724+05:30  WARN 30620 --- [tpa-test] [           main] org.hibernate.orm.deprecation            : HHH90000025: H2Dialect does not need to be specified explicitly using 'hibernate.dialect' (remove the property setting and it will be selected by default)
2026-05-11T12:56:04.213+05:30  INFO 30620 --- [tpa-test] [           main] o.h.e.t.j.p.i.JtaPlatformInitiator       : HHH000489: No JTA platform available (set 'hibernate.transaction.jta.platform' to enable JTA platform integration)
Hibernate: 
    drop table if exists audit_logs cascade 
Hibernate: 
    drop table if exists carriers cascade 
Hibernate: 
    drop table if exists claim_audits cascade 
Hibernate: 
    drop table if exists claim_documents cascade 
Hibernate: 
    drop table if exists claim_queries cascade 
Hibernate: 
    drop table if exists claim_status_timelines cascade 
Hibernate: 
    drop table if exists claims cascade 
Hibernate: 
    drop table if exists customers cascade 
Hibernate: 
    drop table if exists event_audit_logs cascade 
Hibernate: 
    drop table if exists notifications cascade 
Hibernate: 
    drop table if exists patients cascade 
Hibernate: 
    drop table if exists payment_ledger cascade 
Hibernate: 
    drop table if exists payments cascade 
Hibernate: 
    drop table if exists refresh_tokens cascade 
Hibernate: 
    drop table if exists rule_configs cascade 
Hibernate: 
    drop table if exists rule_execution_audits cascade 
Hibernate: 
    drop table if exists tenants cascade 
Hibernate: 
    drop table if exists users cascade 
Hibernate: 
    create table audit_logs (
        claim_id bigint not null,
        id bigint generated by default as identity,
        timestamp timestamp(6) not null,
        integrity_hash varchar(64),
        previous_hash varchar(64),
        action varchar(255) not null,
        blockchain_hash varchar(255),
        details TEXT,
        new_status varchar(255),
        performed_by varchar(255) not null,
        previous_status varchar(255),
        primary key (id)
    )
Hibernate: 
    create table carriers (
        ai_recommendation tinyint check (ai_recommendation between 0 and 2),
        ai_risk_score float(53),
        ai_risk_status tinyint check (ai_risk_status between 0 and 2),
        id bigint generated by default as identity,
        user_id bigint not null unique,
        company_name varchar(255) not null,
        company_type varchar(255) not null,
        contact_person_name varchar(255) not null,
        contact_person_phone varchar(255) not null,
        license_number varchar(255) not null,
        registration_number varchar(255) not null unique,
        tax_id varchar(255) not null,
        website varchar(255),
        primary key (id)
    )
Hibernate: 
    create table claim_audits (
        changed_at timestamp(6) not null,
        claim_id bigint not null,
        id bigint generated by default as identity,
        notes varchar(1000),
        changed_by varchar(255) not null,
        new_status varchar(255) not null check (new_status in ('SUBMITTED','AI_VALIDATED','UNDER_REVIEW','ADMIN_APPROVED','CARRIER_APPROVED','APPROVED','REJECTED','PAYMENT_PENDING','SETTLED','CANCELLED')),
        previous_status varchar(255) check (previous_status in ('SUBMITTED','AI_VALIDATED','UNDER_REVIEW','ADMIN_APPROVED','CARRIER_APPROVED','APPROVED','REJECTED','PAYMENT_PENDING','SETTLED','CANCELLED')),
        primary key (id)
    )
Hibernate: 
    create table claim_documents (
        confidence_score integer,
        claim_id bigint not null,
        id bigint generated by default as identity,
        file_name varchar(255) not null,
        file_path varchar(255) not null,
        file_type varchar(255),
        type varchar(255) not null check (type in ('CLAIM_FORM','COMBINED_DOCUMENT','SUPPORTING_DOCUMENT')),
        validation_issues TEXT,
        validation_status varchar(255),
        primary key (id)
    )
Hibernate: 
    create table claim_queries (
        is_carrier_query boolean not null,
        claim_id bigint not null,
        id bigint generated by default as identity,
        timestamp timestamp(6) not null,
        message TEXT not null,
        sender_username varchar(255) not null,
        primary key (id)
    )
Hibernate: 
    create table claim_status_timelines (
        estimated_days_remaining integer,
        claim_id bigint not null,
        id bigint generated by default as identity,
        occurred_at timestamp(6) not null,
        notes varchar(1000),
        changed_by varchar(255),
        from_status varchar(255) not null,
        to_status varchar(255) not null,
        primary key (id)
    )
Hibernate: 
    create table claims (
        admission_date date,
        amount float(53),
        bill_date date,
        discharge_date date,
        escalated boolean not null,
        fraud_score float(53),
        health_score integer,
        risk_score float(53),
        total_bill_amount float(53),
        carrier_id bigint,
        created_date timestamp(6) not null,
        escalated_at timestamp(6),
        id bigint generated by default as identity,
        processed_date timestamp(6),
        reviewed_at timestamp(6),
        sla_deadline timestamp(6),
        user_id bigint not null,
        fraud_flags varchar(500),
        rejection_reason varchar(1000),
        review_notes varchar(1000),
        risk_flags varchar(1000),
        ai_summary varchar(2000),
        assigned_to varchar(255),
        bill_number varchar(255),
        carrier_name varchar(255),
        claim_type varchar(255),
        diagnosis varchar(255),
        escalation_reason varchar(255),
        hospital_name varchar(255),
        icd_code varchar(255),
        patient_name varchar(255),
        policy_id varchar(255),
        policy_name varchar(255),
        policy_number varchar(255) not null,
        reviewed_by varchar(255),
        risk_level varchar(255) check (risk_level in ('LOW','MEDIUM','HIGH')),
        status varchar(255) not null check (status in ('SUBMITTED','AI_VALIDATED','UNDER_REVIEW','ADMIN_APPROVED','CARRIER_APPROVED','APPROVED','REJECTED','PAYMENT_PENDING','SETTLED','CANCELLED')),
        tenant_id varchar(255),
        primary key (id)
    )
Hibernate: 
    create table customers (
        id bigint generated by default as identity,
        user_id bigint not null unique,
        primary key (id)
    )
Hibernate: 
    create table event_audit_logs (
        processed boolean not null,
        retry_count integer not null,
        claim_id bigint not null,
        id bigint generated by default as identity,
        processed_at timestamp(6),
        received_at timestamp(6) not null,
        claim_status varchar(255) not null,
        error_details TEXT,
        event_id varchar(255) not null unique,
        message TEXT,
        metadata TEXT,
        stage varchar(255) not null,
        topic varchar(255),
        primary key (id)
    )
Hibernate: 
    create table notifications (
        is_read boolean not null,
        created_at timestamp(6) not null,
        id bigint generated by default as identity,
        user_id bigint not null,
        message varchar(500) not null,
        target_url varchar(255),
        title varchar(255) not null,
        primary key (id)
    )
Hibernate: 
    create table patients (
        id bigint generated by default as identity,
        user_id bigint not null unique,
        primary key (id)
    )
Hibernate: 
    create table payment_ledger (
        amount float(53) not null,
        claim_id bigint not null,
        created_at timestamp(6) not null,
        id bigint generated by default as identity,
        payment_id bigint,
        integrity_hash varchar(64),
        currency varchar(255) not null,
        event_type varchar(255) not null,
        initiated_by varchar(255),
        notes TEXT,
        razorpay_order_id varchar(255),
        razorpay_payment_id varchar(255),
        status varchar(255) not null,
        primary key (id)
    )
Hibernate: 
    create table payments (
        amount float(53) not null,
        claim_id bigint not null,
        created_at timestamp(6) not null,
        id bigint generated by default as identity,
        user_id bigint not null,
        currency varchar(255) not null,
        razorpay_order_id varchar(255) unique,
        razorpay_payment_id varchar(255),
        razorpay_signature varchar(255),
        status varchar(255) not null check (status in ('CREATED','SUCCESS','FAILED','PAID')),
        primary key (id)
    )
Hibernate: 
    create table refresh_tokens (
        expiry_date timestamp(6) not null,
        id bigint generated by default as identity,
        user_id bigint,
        token varchar(255) not null unique,
        primary key (id)
    )
Hibernate: 
    create table rule_configs (
        active boolean not null,
        priority integer not null,
        simulation_mode boolean not null,
        version integer not null,
        created_at timestamp(6) not null,
        id bigint generated by default as identity,
        updated_at timestamp(6) not null,
        category varchar(255),
        description varchar(255),
        groovy_script TEXT,
        last_updated_by varchar(255),
        rule_key varchar(255) not null unique,
        rule_type varchar(255) not null,
        rule_value varchar(255) not null,
        primary key (id)
    )
Hibernate: 
    create table rule_execution_audits (
        fired boolean not null,
        rule_version integer,
        simulation boolean not null,
        claim_id bigint not null,
        executed_at timestamp(6) not null,
        execution_time_ms bigint,
        id bigint generated by default as identity,
        executed_by varchar(255),
        input_status varchar(255),
        output_status varchar(255),
        reasons TEXT,
        rule_key varchar(255) not null,
        rule_type varchar(255),
        primary key (id)
    )
Hibernate: 
    create table tenants (
        active boolean not null,
        claims_quota_monthly integer not null,
        created_at timestamp(6) not null,
        id bigint generated by default as identity,
        config_json TEXT,
        contact_email varchar(255),
        logo_url varchar(255),
        name varchar(255) not null unique,
        slug varchar(255) not null unique,
        primary key (id)
    )
Hibernate: 
    create table users (
        date_of_birth date not null,
        created_at timestamp(6) not null,
        id bigint generated by default as identity,
        address varchar(255) not null,
        email varchar(255) not null unique,
        gender varchar(255) check (gender in ('MALE','FEMALE')),
        mobile varchar(255) not null unique,
        password varchar(255) not null,
        user_role varchar(255) check (user_role in ('FMG_ADMIN','FMG_EMPLOYEE','CARRIER_USER','CUSTOMER')),
        user_status varchar(255) check (user_status in ('ACTIVE','INACTIVE','BLOCKED','UNBLOCKED','PENDING')),
        username varchar(255) not null,
        primary key (id)
    )
Hibernate: 
    create index idx_al_claim_id 
       on audit_logs (claim_id)
Hibernate: 
    create index idx_al_timestamp 
       on audit_logs (timestamp)
Hibernate: 
    create index idx_al_action 
       on audit_logs (action)
Hibernate: 
    create index idx_cst_claim_id 
       on claim_status_timelines (claim_id)
Hibernate: 
    create index idx_cst_occurred_at 
       on claim_status_timelines (occurred_at)
Hibernate: 
    create index idx_eal_claim_id 
       on event_audit_logs (claim_id)
Hibernate: 
    create index idx_eal_stage 
       on event_audit_logs (stage)
Hibernate: 
    create index idx_eal_processed 
       on event_audit_logs (processed)
Hibernate: 
    create index idx_pl_claim_id 
       on payment_ledger (claim_id)
Hibernate: 
    create index idx_pl_payment_id 
       on payment_ledger (payment_id)
Hibernate: 
    create index idx_pl_event_type 
       on payment_ledger (event_type)
Hibernate: 
    create index idx_rule_key 
       on rule_configs (rule_key)
Hibernate: 
    create index idx_rule_active 
       on rule_configs (active)
Hibernate: 
    create index idx_rule_priority 
       on rule_configs (priority)
Hibernate: 
    create index idx_rea_claim_id 
       on rule_execution_audits (claim_id)
Hibernate: 
    create index idx_rea_rule_key 
       on rule_execution_audits (rule_key)
Hibernate: 
    create index idx_rea_executed_at 
       on rule_execution_audits (executed_at)
Hibernate: 
    create index idx_tenant_active 
       on tenants (active)
Hibernate: 
    alter table if exists carriers 
       add constraint FKg7pq2i62vx96x4qyiq91ffsom 
       foreign key (user_id) 
       references users
Hibernate: 
    alter table if exists claim_audits 
       add constraint FKq4t2x7babduwiemgogrg53c0h 
       foreign key (claim_id) 
       references claims
Hibernate: 
    alter table if exists claim_documents 
       add constraint FK1wmywqj1uideimwd7pdc8rxh4 
       foreign key (claim_id) 
       references claims
Hibernate: 
    alter table if exists claim_queries 
       add constraint FKfjwn0hfu880a52rnr3vpnug5l 
       foreign key (claim_id) 
       references claims
Hibernate: 
    alter table if exists claims 
       add constraint FKfurf0irbhi1p3uibcy49um1qm 
       foreign key (carrier_id) 
       references carriers
Hibernate: 
    alter table if exists claims 
       add constraint FKpa11rhvbu0t3yoouw2m6k15ic 
       foreign key (user_id) 
       references users
Hibernate: 
    alter table if exists customers 
       add constraint FKrh1g1a20omjmn6kurd35o3eit 
       foreign key (user_id) 
       references users
Hibernate: 
    alter table if exists notifications 
       add constraint FK9y21adhxn0ayjhfocscqox7bh 
       foreign key (user_id) 
       references users
Hibernate: 
    alter table if exists patients 
       add constraint FKuwca24wcd1tg6pjex8lmc0y7 
       foreign key (user_id) 
       references users
Hibernate: 
    alter table if exists refresh_tokens 
       add constraint FK1lih5y2npsf8u5o3vhdb9y0os 
       foreign key (user_id) 
       references users
2026-05-11T12:56:04.247+05:30  INFO 30620 --- [tpa-test] [           main] j.LocalContainerEntityManagerFactoryBean : Initialized JPA EntityManagerFactory for persistence unit 'default'
2026-05-11T12:56:05.068+05:30  WARN 30620 --- [tpa-test] [           main] o.d.c.kie.builder.impl.KieBuilderImpl    : File 'rules/claim-rules.drl' is in folder 'rules' but declares package 'com.tpa.rules'. It is advised to have a correspondance between package and folder names.
2026-05-11T12:56:05.324+05:30  WARN 30620 --- [tpa-test] [           main] JpaBaseConfiguration$JpaWebConfiguration : spring.jpa.open-in-view is enabled by default. Therefore, database queries may be performed during view rendering. Explicitly configure spring.jpa.open-in-view to disable this warning
2026-05-11T12:56:05.547+05:30  INFO 30620 --- [tpa-test] [           main] o.s.b.a.e.web.EndpointLinksResolver      : Exposing 1 endpoint(s) beneath base path '/actuator'
2026-05-11T12:56:05.580+05:30  INFO 30620 --- [tpa-test] [           main] o.s.s.web.DefaultSecurityFilterChain     : Will secure any request with [org.springframework.security.web.session.DisableEncodeUrlFilter@348d5e63, org.springframework.security.web.context.request.async.WebAsyncManagerIntegrationFilter@14cc329b, org.springframework.security.web.context.SecurityContextHolderFilter@6b874ec6, org.springframework.security.web.header.HeaderWriterFilter@65a14ef7, org.springframework.web.filter.CorsFilter@79d4041a, org.springframework.security.web.authentication.logout.LogoutFilter@fd0202e, com.tpa.security.TenantFilter@142fb6e7, com.tpa.security.JwtAuthFilter@14533c3, org.springframework.security.web.savedrequest.RequestCacheAwareFilter@520ef3cf, org.springframework.security.web.servletapi.SecurityContextHolderAwareRequestFilter@7339a383, org.springframework.security.web.authentication.AnonymousAuthenticationFilter@6a140673, org.springframework.security.web.session.SessionManagementFilter@799688ca, org.springframework.security.web.access.ExceptionTranslationFilter@3d7465b1, org.springframework.security.web.access.intercept.AuthorizationFilter@50be0bf2]
2026-05-11T12:56:06.121+05:30  INFO 30620 --- [tpa-test] [           main] o.s.m.s.b.SimpleBrokerMessageHandler     : Starting...
2026-05-11T12:56:06.121+05:30  INFO 30620 --- [tpa-test] [           main] o.s.m.s.b.SimpleBrokerMessageHandler     : BrokerAvailabilityEvent[available=true, SimpleBrokerMessageHandler [org.springframework.messaging.simp.broker.DefaultSubscriptionRegistry@4d111b48]]
2026-05-11T12:56:06.121+05:30  INFO 30620 --- [tpa-test] [           main] o.s.m.s.b.SimpleBrokerMessageHandler     : Started.
2026-05-11T12:56:06.140+05:30  INFO 30620 --- [tpa-test] [MessageBroker-1] com.tpa.service.ClaimAssignmentService   : [SLA] Running SLA check at 2026-05-11T12:56:06.140778500
2026-05-11T12:56:06.141+05:30  INFO 30620 --- [tpa-test] [           main] c.tpa.controller.SecurityAndUploadTest   : Started SecurityAndUploadTest in 3.561 seconds (process running for 39.694)
Hibernate: 
    select
        c1_0.id,
        c1_0.admission_date,
        c1_0.ai_summary,
        c1_0.amount,
        c1_0.assigned_to,
        c1_0.bill_date,
        c1_0.bill_number,
        c2_0.id,
        c2_0.ai_recommendation,
        c2_0.ai_risk_score,
        c2_0.ai_risk_status,
        c2_0.company_name,
        c2_0.company_type,
        c2_0.contact_person_name,
        c2_0.contact_person_phone,
        c2_0.license_number,
        c2_0.registration_number,
        c2_0.tax_id,
        c2_0.user_id,
        c2_0.website,
        c1_0.carrier_name,
        c1_0.claim_type,
        c1_0.created_date,
        c1_0.diagnosis,
        c1_0.discharge_date,
        c1_0.escalated,
        c1_0.escalated_at,
        c1_0.escalation_reason,
        c1_0.fraud_flags,
        c1_0.fraud_score,
        c1_0.health_score,
        c1_0.hospital_name,
        c1_0.icd_code,
        c1_0.patient_name,
        c1_0.policy_id,
        c1_0.policy_name,
        c1_0.policy_number,
        c1_0.processed_date,
        c1_0.rejection_reason,
        c1_0.review_notes,
        c1_0.reviewed_at,
        c1_0.reviewed_by,
        c1_0.risk_flags,
        c1_0.risk_level,
        c1_0.risk_score,
        c1_0.sla_deadline,
        c1_0.status,
        c1_0.tenant_id,
        c1_0.total_bill_amount,
        c1_0.user_id,
        u2_0.id,
        u2_0.address,
        u2_0.created_at,
        u2_0.date_of_birth,
        u2_0.email,
        u2_0.gender,
        u2_0.mobile,
        u2_0.password,
        u2_0.user_role,
        u2_0.user_status,
        u2_0.username 
    from
        claims c1_0 
    left join
        carriers c2_0 
            on c2_0.id=c1_0.carrier_id 
    join
        users u2_0 
            on u2_0.id=c1_0.user_id
2026-05-11T12:56:06.148+05:30  INFO 30620 --- [tpa-test] [           main] o.s.b.t.m.w.SpringBootMockServletContext : Initializing Spring TestDispatcherServlet ''
2026-05-11T12:56:06.148+05:30  INFO 30620 --- [tpa-test] [           main] o.s.t.web.servlet.TestDispatcherServlet  : Initializing Servlet ''
2026-05-11T12:56:06.148+05:30  INFO 30620 --- [tpa-test] [           main] o.s.t.web.servlet.TestDispatcherServlet  : Completed initialization in 0 ms
2026-05-11T12:56:06.148+05:30  INFO 30620 --- [tpa-test] [MessageBroker-1] com.tpa.service.ClaimAssignmentService   : [SLA] No SLA breaches found

MockHttpServletRequest:
      HTTP Method = GET
      Request URI = /api/v1/claims/1/timeline
       Parameters = {}
          Headers = []
             Body = <no character encoding set>
    Session Attrs = {}

Handler:
             Type = com.tpa.controller.ClaimController
           Method = com.tpa.controller.ClaimController#getClaimTimeline(Long)

Async:
    Async started = false
     Async result = null

Resolved Exception:
             Type = null

ModelAndView:
        View name = null
             View = null
            Model = null

FlashMap:
       Attributes = null

MockHttpServletResponse:
           Status = 200
    Error message = null
          Headers = [Vary:"Origin", "Access-Control-Request-Method", "Access-Control-Request-Headers", Content-Type:"application/json", X-Content-Type-Options:"nosniff", X-XSS-Protection:"0", Cache-Control:"no-cache, no-store, max-age=0, must-revalidate", Pragma:"no-cache", Expires:"0", X-Frame-Options:"DENY"]
     Content type = application/json
             Body = []
    Forwarded URL = null
   Redirected URL = null
          Cookies = []
]]></system-out>
  </testcase>
  <testcase name="getTimeline_Unauthenticated_Returns401Or403" classname="com.tpa.controller.SecurityAndUploadTest" time="0.01">
    <system-out><![CDATA[2026-05-11T12:56:06.274+05:30  INFO 30620 --- [tpa-test] [           main] o.s.b.t.m.w.SpringBootMockServletContext : Initializing Spring TestDispatcherServlet ''
2026-05-11T12:56:06.274+05:30  INFO 30620 --- [tpa-test] [           main] o.s.t.web.servlet.TestDispatcherServlet  : Initializing Servlet ''
2026-05-11T12:56:06.275+05:30  INFO 30620 --- [tpa-test] [           main] o.s.t.web.servlet.TestDispatcherServlet  : Completed initialization in 1 ms
]]></system-out>
  </testcase>
</testsuite>