<?xml version="1.0" encoding="UTF-8"?>
<testsuite xmlns:xsi="http://www.w3.org/2001/XMLSchema-instance" xsi:noNamespaceSchemaLocation="https://maven.apache.org/surefire/maven-surefire-plugin/xsd/surefire-test-report-3.0.xsd" version="3.0" name="com.tpa.controller.AdminAndIntegrationTest" time="54.051" tests="4" errors="0" skipped="0" failures="0">
  <properties>
[...]
</properties>
  <testcase name="getClaim_nonExistent_shouldReturn500" classname="com.tpa.controller.AdminAndIntegrationTest" time="0.617">
    <system-out><![CDATA[Standard Commons Logging discovery in action with spring-jcl: please remove commons-logging.jar from classpath in order to avoid potential conflicts
20:00:44.043 [main] INFO org.springframework.test.context.support.AnnotationConfigContextLoaderUtils -- Could not detect default configuration classes for test class [com.tpa.controller.AdminAndIntegrationTest]: AdminAndIntegrationTest does not declare any static, non-private, non-final, nested classes annotated with @Configuration.
20:00:44.216 [main] INFO org.springframework.boot.test.context.SpringBootTestContextBootstrapper -- Found @SpringBootConfiguration com.tpa.TpaApplication for test class com.tpa.controller.AdminAndIntegrationTest
 _______ ______ _______
|_     _|   __ \   _   |
  |   | |    __/       |
  |___| |___|  |___|___|

2026-05-16T20:00:44.699+05:30  WARN 16976 --- [           main] ory$DuplicateJsonObjectContextCustomizer : 

Found multiple occurrences of org.json.JSONObject on the class path:

	jar:file:/C:/Users/mithun/.m2/repository/org/json/json/20231013/json-20231013.jar!/org/json/JSONObject.class
	jar:file:/C:/Users/mithun/.m2/repository/com/vaadin/external/google/android-json/0.0.20131108.vaadin1/android-json-0.0.20131108.vaadin1.jar!/org/json/JSONObject.class

You may wish to exclude one of them to ensure predictable runtime behavior

2026-05-16T20:00:49.017+05:30  WARN 16976 --- [           main] org.hibernate.orm.deprecation            : HHH90000025: H2Dialect does not need to be specified explicitly using 'hibernate.dialect' (remove the property setting and it will be selected by default)
2026-05-16T20:00:53.342+05:30  WARN 16976 --- [           main] r$InitializeUserDetailsManagerConfigurer : Global AuthenticationManager configured with an AuthenticationProvider bean. UserDetailsService beans will not be used by Spring Security for automatically configuring username/password login. Consider removing the AuthenticationProvider bean. Alternatively, consider using the UserDetailsService in a manually instantiated DaoAuthenticationProvider. If the current configuration is intentional, to turn off this warning, increase the logging level of 'org.springframework.security.config.annotation.authentication.configuration.InitializeUserDetailsBeanManagerConfigurer' to ERROR
2026-05-16T20:00:53.932+05:30  WARN 16976 --- [           main] JpaBaseConfiguration$JpaWebConfiguration : spring.jpa.open-in-view is enabled by default. Therefore, database queries may be performed during view rendering. Explicitly configure spring.jpa.open-in-view to disable this warning
2026-05-16T20:00:56.198+05:30  WARN 16976 --- [| adminclient-1] org.apache.kafka.clients.NetworkClient   : [AdminClient clientId=adminclient-1] Connection to node -1 (localhost/127.0.0.1:9092) could not be established. Node may not be available.
2026-05-16T20:00:56.305+05:30  WARN 16976 --- [| adminclient-1] org.apache.kafka.clients.NetworkClient   : [AdminClient clientId=adminclient-1] Connection to node -1 (localhost/127.0.0.1:9092) could not be established. Node may not be available.
2026-05-16T20:00:56.524+05:30  WARN 16976 --- [| adminclient-1] org.apache.kafka.clients.NetworkClient   : [AdminClient clientId=adminclient-1] Connection to node -1 (localhost/127.0.0.1:9092) could not be established. Node may not be available.
2026-05-16T20:00:56.743+05:30  WARN 16976 --- [| adminclient-1] org.apache.kafka.clients.NetworkClient   : [AdminClient clientId=adminclient-1] Connection to node -1 (localhost/127.0.0.1:9092) could not be established. Node may not be available.
2026-05-16T20:00:57.069+05:30  WARN 16976 --- [| adminclient-1] org.apache.kafka.clients.NetworkClient   : [AdminClient clientId=adminclient-1] Connection to node -1 (localhost/127.0.0.1:9092) could not be established. Node may not be available.
2026-05-16T20:00:58.046+05:30  WARN 16976 --- [| adminclient-1] org.apache.kafka.clients.NetworkClient   : [AdminClient clientId=adminclient-1] Connection to node -1 (localhost/127.0.0.1:9092) could not be established. Node may not be available.
2026-05-16T20:00:59.104+05:30  WARN 16976 --- [| adminclient-1] org.apache.kafka.clients.NetworkClient   : [AdminClient clientId=adminclient-1] Connection to node -1 (localhost/127.0.0.1:9092) could not be established. Node may not be available.
2026-05-16T20:01:00.177+05:30  WARN 16976 --- [| adminclient-1] org.apache.kafka.clients.NetworkClient   : [AdminClient clientId=adminclient-1] Connection to node -1 (localhost/127.0.0.1:9092) could not be established. Node may not be available.
2026-05-16T20:01:01.271+05:30  WARN 16976 --- [| adminclient-1] org.apache.kafka.clients.NetworkClient   : [AdminClient clientId=adminclient-1] Connection to node -1 (localhost/127.0.0.1:9092) could not be established. Node may not be available.
2026-05-16T20:01:02.347+05:30  WARN 16976 --- [| adminclient-1] org.apache.kafka.clients.NetworkClient   : [AdminClient clientId=adminclient-1] Connection to node -1 (localhost/127.0.0.1:9092) could not be established. Node may not be available.
2026-05-16T20:01:03.430+05:30  WARN 16976 --- [| adminclient-1] org.apache.kafka.clients.NetworkClient   : [AdminClient clientId=adminclient-1] Connection to node -1 (localhost/127.0.0.1:9092) could not be established. Node may not be available.
2026-05-16T20:01:04.270+05:30  WARN 16976 --- [| adminclient-1] org.apache.kafka.clients.NetworkClient   : [AdminClient clientId=adminclient-1] Connection to node -1 (localhost/127.0.0.1:9092) could not be established. Node may not be available.
2026-05-16T20:01:05.341+05:30  WARN 16976 --- [| adminclient-1] org.apache.kafka.clients.NetworkClient   : [AdminClient clientId=adminclient-1] Connection to node -1 (localhost/127.0.0.1:9092) could not be established. Node may not be available.
2026-05-16T20:01:06.321+05:30  WARN 16976 --- [| adminclient-1] org.apache.kafka.clients.NetworkClient   : [AdminClient clientId=adminclient-1] Connection to node -1 (localhost/127.0.0.1:9092) could not be established. Node may not be available.
2026-05-16T20:01:07.346+05:30  WARN 16976 --- [| adminclient-1] org.apache.kafka.clients.NetworkClient   : [AdminClient clientId=adminclient-1] Connection to node -1 (localhost/127.0.0.1:9092) could not be established. Node may not be available.
2026-05-16T20:01:08.333+05:30  WARN 16976 --- [| adminclient-1] org.apache.kafka.clients.NetworkClient   : [AdminClient clientId=adminclient-1] Connection to node -1 (localhost/127.0.0.1:9092) could not be established. Node may not be available.
2026-05-16T20:01:09.189+05:30  WARN 16976 --- [| adminclient-1] org.apache.kafka.clients.NetworkClient   : [AdminClient clientId=adminclient-1] Connection to node -1 (localhost/127.0.0.1:9092) could not be established. Node may not be available.
2026-05-16T20:01:10.279+05:30  WARN 16976 --- [| adminclient-1] org.apache.kafka.clients.NetworkClient   : [AdminClient clientId=adminclient-1] Connection to node -1 (localhost/127.0.0.1:9092) could not be established. Node may not be available.
2026-05-16T20:01:11.345+05:30  WARN 16976 --- [| adminclient-1] org.apache.kafka.clients.NetworkClient   : [AdminClient clientId=adminclient-1] Connection to node -1 (localhost/127.0.0.1:9092) could not be established. Node may not be available.
2026-05-16T20:01:12.443+05:30  WARN 16976 --- [| adminclient-1] org.apache.kafka.clients.NetworkClient   : [AdminClient clientId=adminclient-1] Connection to node -1 (localhost/127.0.0.1:9092) could not be established. Node may not be available.
2026-05-16T20:01:13.531+05:30  WARN 16976 --- [| adminclient-1] org.apache.kafka.clients.NetworkClient   : [AdminClient clientId=adminclient-1] Connection to node -1 (localhost/127.0.0.1:9092) could not be established. Node may not be available.
2026-05-16T20:01:14.614+05:30  WARN 16976 --- [| adminclient-1] org.apache.kafka.clients.NetworkClient   : [AdminClient clientId=adminclient-1] Connection to node -1 (localhost/127.0.0.1:9092) could not be established. Node may not be available.
2026-05-16T20:01:15.594+05:30  WARN 16976 --- [| adminclient-1] org.apache.kafka.clients.NetworkClient   : [AdminClient clientId=adminclient-1] Connection to node -1 (localhost/127.0.0.1:9092) could not be established. Node may not be available.
2026-05-16T20:01:16.467+05:30  WARN 16976 --- [| adminclient-1] org.apache.kafka.clients.NetworkClient   : [AdminClient clientId=adminclient-1] Connection to node -1 (localhost/127.0.0.1:9092) could not be established. Node may not be available.
2026-05-16T20:01:17.543+05:30  WARN 16976 --- [| adminclient-1] org.apache.kafka.clients.NetworkClient   : [AdminClient clientId=adminclient-1] Connection to node -1 (localhost/127.0.0.1:9092) could not be established. Node may not be available.
2026-05-16T20:01:18.503+05:30  WARN 16976 --- [| adminclient-1] org.apache.kafka.clients.NetworkClient   : [AdminClient clientId=adminclient-1] Connection to node -1 (localhost/127.0.0.1:9092) could not be established. Node may not be available.
2026-05-16T20:01:19.489+05:30  WARN 16976 --- [| adminclient-1] org.apache.kafka.clients.NetworkClient   : [AdminClient clientId=adminclient-1] Connection to node -1 (localhost/127.0.0.1:9092) could not be established. Node may not be available.
2026-05-16T20:01:20.459+05:30  WARN 16976 --- [| adminclient-1] org.apache.kafka.clients.NetworkClient   : [AdminClient clientId=adminclient-1] Connection to node -1 (localhost/127.0.0.1:9092) could not be established. Node may not be available.
2026-05-16T20:01:21.548+05:30  WARN 16976 --- [| adminclient-1] org.apache.kafka.clients.NetworkClient   : [AdminClient clientId=adminclient-1] Connection to node -1 (localhost/127.0.0.1:9092) could not be established. Node may not be available.
2026-05-16T20:01:22.513+05:30  WARN 16976 --- [| adminclient-1] org.apache.kafka.clients.NetworkClient   : [AdminClient clientId=adminclient-1] Connection to node -1 (localhost/127.0.0.1:9092) could not be established. Node may not be available.
2026-05-16T20:01:23.387+05:30  WARN 16976 --- [| adminclient-1] org.apache.kafka.clients.NetworkClient   : [AdminClient clientId=adminclient-1] Connection to node -1 (localhost/127.0.0.1:9092) could not be established. Node may not be available.
2026-05-16T20:01:24.369+05:30  WARN 16976 --- [| adminclient-1] org.apache.kafka.clients.NetworkClient   : [AdminClient clientId=adminclient-1] Connection to node -1 (localhost/127.0.0.1:9092) could not be established. Node may not be available.
2026-05-16T20:01:25.238+05:30  WARN 16976 --- [| adminclient-1] org.apache.kafka.clients.NetworkClient   : [AdminClient clientId=adminclient-1] Connection to node -1 (localhost/127.0.0.1:9092) could not be established. Node may not be available.
2026-05-16T20:01:26.201+05:30 ERROR 16976 --- [           main] o.springframework.kafka.core.KafkaAdmin  : Could not configure topics

org.springframework.kafka.KafkaException: Timed out waiting to get existing topics
	at org.springframework.kafka.core.KafkaAdmin.lambda$checkPartitions$13(KafkaAdmin.java:571) ~[spring-kafka-3.3.5.jar:3.3.5]
	at java.base/java.util.HashMap.forEach(HashMap.java:1421) ~[na:na]
	at java.base/java.util.Collections$UnmodifiableMap.forEach(Collections.java:1554) ~[na:na]
	at org.springframework.kafka.core.KafkaAdmin.checkPartitions(KafkaAdmin.java:550) ~[spring-kafka-3.3.5.jar:3.3.5]
	at org.springframework.kafka.core.KafkaAdmin.addOrModifyTopicsIfNeeded(KafkaAdmin.java:443) ~[spring-kafka-3.3.5.jar:3.3.5]
	at org.springframework.kafka.core.KafkaAdmin.initialize(KafkaAdmin.java:276) ~[spring-kafka-3.3.5.jar:3.3.5]
	at org.springframework.kafka.core.KafkaAdmin.afterSingletonsInstantiated(KafkaAdmin.java:245) ~[spring-kafka-3.3.5.jar:3.3.5]
	at org.springframework.beans.factory.support.DefaultListableBeanFactory.preInstantiateSingletons(DefaultListableBeanFactory.java:1149) ~[spring-beans-6.2.6.jar:6.2.6]
	at org.springframework.context.support.AbstractApplicationContext.finishBeanFactoryInitialization(AbstractApplicationContext.java:987) ~[spring-context-6.2.6.jar:6.2.6]
	at org.springframework.context.support.AbstractApplicationContext.refresh(AbstractApplicationContext.java:627) ~[spring-context-6.2.6.jar:6.2.6]
	at org.springframework.boot.SpringApplication.refresh(SpringApplication.java:753) ~[spring-boot-3.4.5.jar:3.4.5]
	at org.springframework.boot.SpringApplication.refreshContext(SpringApplication.java:439) ~[spring-boot-3.4.5.jar:3.4.5]
	at org.springframework.boot.SpringApplication.run(SpringApplication.java:318) ~[spring-boot-3.4.5.jar:3.4.5]
	at org.springframework.boot.test.context.SpringBootContextLoader.lambda$loadContext$3(SpringBootContextLoader.java:144) ~[spring-boot-test-3.4.5.jar:3.4.5]
	at org.springframework.util.function.ThrowingSupplier.get(ThrowingSupplier.java:58) ~[spring-core-6.2.6.jar:6.2.6]
	at org.springframework.util.function.ThrowingSupplier.get(ThrowingSupplier.java:46) ~[spring-core-6.2.6.jar:6.2.6]
	at org.springframework.boot.SpringApplication.withHook(SpringApplication.java:1462) ~[spring-boot-3.4.5.jar:3.4.5]
	at org.springframework.boot.test.context.SpringBootContextLoader$ContextLoaderHook.run(SpringBootContextLoader.java:563) ~[spring-boot-test-3.4.5.jar:3.4.5]
	at org.springframework.boot.test.context.SpringBootContextLoader.loadContext(SpringBootContextLoader.java:144) ~[spring-boot-test-3.4.5.jar:3.4.5]
	at org.springframework.boot.test.context.SpringBootContextLoader.loadContext(SpringBootContextLoader.java:110) ~[spring-boot-test-3.4.5.jar:3.4.5]
	at org.springframework.test.context.cache.DefaultCacheAwareContextLoaderDelegate.loadContextInternal(DefaultCacheAwareContextLoaderDelegate.java:225) ~[spring-test-6.2.6.jar:6.2.6]
	at org.springframework.test.context.cache.DefaultCacheAwareContextLoaderDelegate.loadContext(DefaultCacheAwareContextLoaderDelegate.java:152) ~[spring-test-6.2.6.jar:6.2.6]
	at org.springframework.test.context.support.DefaultTestContext.getApplicationContext(DefaultTestContext.java:130) ~[spring-test-6.2.6.jar:6.2.6]
	at org.springframework.test.context.web.ServletTestExecutionListener.setUpRequestContextIfNecessary(ServletTestExecutionListener.java:200) ~[spring-test-6.2.6.jar:6.2.6]
	at org.springframework.test.context.web.ServletTestExecutionListener.prepareTestInstance(ServletTestExecutionListener.java:139) ~[spring-test-6.2.6.jar:6.2.6]
	at org.springframework.test.context.TestContextManager.prepareTestInstance(TestContextManager.java:260) ~[spring-test-6.2.6.jar:6.2.6]
	at org.springframework.test.context.junit.jupiter.SpringExtension.postProcessTestInstance(SpringExtension.java:159) ~[spring-test-6.2.6.jar:6.2.6]
	at org.junit.jupiter.engine.descriptor.ClassBasedTestDescriptor.lambda$invokeTestInstancePostProcessors$11(ClassBasedTestDescriptor.java:378) ~[junit-jupiter-engine-5.11.4.jar:5.11.4]
	at org.junit.jupiter.engine.descriptor.ClassBasedTestDescriptor.executeAndMaskThrowable(ClassBasedTestDescriptor.java:383) ~[junit-jupiter-engine-5.11.4.jar:5.11.4]
	at org.junit.jupiter.engine.descriptor.ClassBasedTestDescriptor.lambda$invokeTestInstancePostProcessors$12(ClassBasedTestDescriptor.java:378) ~[junit-jupiter-engine-5.11.4.jar:5.11.4]
	at java.base/java.util.stream.ForEachOps$ForEachOp$OfRef.accept(ForEachOps.java:183) ~[na:na]
	at java.base/java.util.stream.ReferencePipeline$3$1.accept(ReferencePipeline.java:197) ~[na:na]
	at java.base/java.util.stream.ReferencePipeline$2$1.accept(ReferencePipeline.java:179) ~[na:na]
	at java.base/java.util.stream.ReferencePipeline$3$1.accept(ReferencePipeline.java:197) ~[na:na]
	at java.base/java.util.ArrayList$ArrayListSpliterator.forEachRemaining(ArrayList.java:1625) ~[na:na]
	at java.base/java.util.stream.AbstractPipeline.copyInto(AbstractPipeline.java:509) ~[na:na]
	at java.base/java.util.stream.AbstractPipeline.wrapAndCopyInto(AbstractPipeline.java:499) ~[na:na]
	at java.base/java.util.stream.ForEachOps$ForEachOp.evaluateSequential(ForEachOps.java:150) ~[na:na]
	at java.base/java.util.stream.ForEachOps$ForEachOp$OfRef.evaluateSequential(ForEachOps.java:173) ~[na:na]
	at java.base/java.util.stream.AbstractPipeline.evaluate(AbstractPipeline.java:234) ~[na:na]
	at java.base/java.util.stream.ReferencePipeline.forEach(ReferencePipeline.java:596) ~[na:na]
	at org.junit.jupiter.engine.descriptor.ClassBasedTestDescriptor.invokeTestInstancePostProcessors(ClassBasedTestDescriptor.java:377) ~[junit-jupiter-engine-5.11.4.jar:5.11.4]
	at org.junit.jupiter.engine.descriptor.ClassBasedTestDescriptor.lambda$instantiateAndPostProcessTestInstance$7(ClassBasedTestDescriptor.java:290) ~[junit-jupiter-engine-5.11.4.jar:5.11.4]
	at org.junit.platform.engine.support.hierarchical.ThrowableCollector.execute(ThrowableCollector.java:73) ~[junit-platform-engine-1.11.4.jar:1.11.4]
	at org.junit.jupiter.engine.descriptor.ClassBasedTestDescriptor.instantiateAndPostProcessTestInstance(ClassBasedTestDescriptor.java:289) ~[junit-jupiter-engine-5.11.4.jar:5.11.4]
	at org.junit.jupiter.engine.descriptor.ClassBasedTestDescriptor.lambda$testInstancesProvider$5(ClassBasedTestDescriptor.java:279) ~[junit-jupiter-engine-5.11.4.jar:5.11.4]
	at java.base/java.util.Optional.orElseGet(Optional.java:364) ~[na:na]
	at org.junit.jupiter.engine.descriptor.ClassBasedTestDescriptor.lambda$testInstancesProvider$6(ClassBasedTestDescriptor.java:278) ~[junit-jupiter-engine-5.11.4.jar:5.11.4]
	at org.junit.jupiter.engine.execution.TestInstancesProvider.getTestInstances(TestInstancesProvider.java:31) ~[junit-jupiter-engine-5.11.4.jar:5.11.4]
	at org.junit.jupiter.engine.descriptor.TestMethodTestDescriptor.lambda$prepare$1(TestMethodTestDescriptor.java:105) ~[junit-jupiter-engine-5.11.4.jar:5.11.4]
	at org.junit.platform.engine.support.hierarchical.ThrowableCollector.execute(ThrowableCollector.java:73) ~[junit-platform-engine-1.11.4.jar:1.11.4]
	at org.junit.jupiter.engine.descriptor.TestMethodTestDescriptor.prepare(TestMethodTestDescriptor.java:104) ~[junit-jupiter-engine-5.11.4.jar:5.11.4]
	at org.junit.jupiter.engine.descriptor.TestMethodTestDescriptor.prepare(TestMethodTestDescriptor.java:68) ~[junit-jupiter-engine-5.11.4.jar:5.11.4]
	at org.junit.platform.engine.support.hierarchical.NodeTestTask.lambda$prepare$2(NodeTestTask.java:128) ~[junit-platform-engine-1.11.4.jar:1.11.4]
	at org.junit.platform.engine.support.hierarchical.ThrowableCollector.execute(ThrowableCollector.java:73) ~[junit-platform-engine-1.11.4.jar:1.11.4]
	at org.junit.platform.engine.support.hierarchical.NodeTestTask.prepare(NodeTestTask.java:128) ~[junit-platform-engine-1.11.4.jar:1.11.4]
	at org.junit.platform.engine.support.hierarchical.NodeTestTask.execute(NodeTestTask.java:95) ~[junit-platform-engine-1.11.4.jar:1.11.4]
	at java.base/java.util.ArrayList.forEach(ArrayList.java:1511) ~[na:na]
	at org.junit.platform.engine.support.hierarchical.SameThreadHierarchicalTestExecutorService.invokeAll(SameThreadHierarchicalTestExecutorService.java:41) ~[junit-platform-engine-1.11.4.jar:1.11.4]
	at org.junit.platform.engine.support.hierarchical.NodeTestTask.lambda$executeRecursively$6(NodeTestTask.java:160) ~[junit-platform-engine-1.11.4.jar:1.11.4]
	at org.junit.platform.engine.support.hierarchical.ThrowableCollector.execute(ThrowableCollector.java:73) ~[junit-platform-engine-1.11.4.jar:1.11.4]
	at org.junit.platform.engine.support.hierarchical.NodeTestTask.lambda$executeRecursively$8(NodeTestTask.java:146) ~[junit-platform-engine-1.11.4.jar:1.11.4]
	at org.junit.platform.engine.support.hierarchical.Node.around(Node.java:137) ~[junit-platform-engine-1.11.4.jar:1.11.4]
	at org.junit.platform.engine.support.hierarchical.NodeTestTask.lambda$executeRecursively$9(NodeTestTask.java:144) ~[junit-platform-engine-1.11.4.jar:1.11.4]
	at org.junit.platform.engine.support.hierarchical.ThrowableCollector.execute(ThrowableCollector.java:73) ~[junit-platform-engine-1.11.4.jar:1.11.4]
	at org.junit.platform.engine.support.hierarchical.NodeTestTask.executeRecursively(NodeTestTask.java:143) ~[junit-platform-engine-1.11.4.jar:1.11.4]
	at org.junit.platform.engine.support.hierarchical.NodeTestTask.execute(NodeTestTask.java:100) ~[junit-platform-engine-1.11.4.jar:1.11.4]
	at java.base/java.util.ArrayList.forEach(ArrayList.java:1511) ~[na:na]
	at org.junit.platform.engine.support.hierarchical.SameThreadHierarchicalTestExecutorService.invokeAll(SameThreadHierarchicalTestExecutorService.java:41) ~[junit-platform-engine-1.11.4.jar:1.11.4]
	at org.junit.platform.engine.support.hierarchical.NodeTestTask.lambda$executeRecursively$6(NodeTestTask.java:160) ~[junit-platform-engine-1.11.4.jar:1.11.4]
	at org.junit.platform.engine.support.hierarchical.ThrowableCollector.execute(ThrowableCollector.java:73) ~[junit-platform-engine-1.11.4.jar:1.11.4]
	at org.junit.platform.engine.support.hierarchical.NodeTestTask.lambda$executeRecursively$8(NodeTestTask.java:146) ~[junit-platform-engine-1.11.4.jar:1.11.4]
	at org.junit.platform.engine.support.hierarchical.Node.around(Node.java:137) ~[junit-platform-engine-1.11.4.jar:1.11.4]
	at org.junit.platform.engine.support.hierarchical.NodeTestTask.lambda$executeRecursively$9(NodeTestTask.java:144) ~[junit-platform-engine-1.11.4.jar:1.11.4]
	at org.junit.platform.engine.support.hierarchical.ThrowableCollector.execute(ThrowableCollector.java:73) ~[junit-platform-engine-1.11.4.jar:1.11.4]
	at org.junit.platform.engine.support.hierarchical.NodeTestTask.executeRecursively(NodeTestTask.java:143) ~[junit-platform-engine-1.11.4.jar:1.11.4]
	at org.junit.platform.engine.support.hierarchical.NodeTestTask.execute(NodeTestTask.java:100) ~[junit-platform-engine-1.11.4.jar:1.11.4]
	at org.junit.platform.engine.support.hierarchical.SameThreadHierarchicalTestExecutorService.submit(SameThreadHierarchicalTestExecutorService.java:35) ~[junit-platform-engine-1.11.4.jar:1.11.4]
	at org.junit.platform.engine.support.hierarchical.HierarchicalTestExecutor.execute(HierarchicalTestExecutor.java:57) ~[junit-platform-engine-1.11.4.jar:1.11.4]
	at org.junit.platform.engine.support.hierarchical.HierarchicalTestEngine.execute(HierarchicalTestEngine.java:54) ~[junit-platform-engine-1.11.4.jar:1.11.4]
	at org.junit.platform.launcher.core.EngineExecutionOrchestrator.execute(EngineExecutionOrchestrator.java:198) ~[junit-platform-launcher-1.11.4.jar:1.11.4]
	at org.junit.platform.launcher.core.EngineExecutionOrchestrator.execute(EngineExecutionOrchestrator.java:169) ~[junit-platform-launcher-1.11.4.jar:1.11.4]
	at org.junit.platform.launcher.core.EngineExecutionOrchestrator.execute(EngineExecutionOrchestrator.java:93) ~[junit-platform-launcher-1.11.4.jar:1.11.4]
	at org.junit.platform.launcher.core.EngineExecutionOrchestrator.lambda$execute$0(EngineExecutionOrchestrator.java:58) ~[junit-platform-launcher-1.11.4.jar:1.11.4]
	at org.junit.platform.launcher.core.EngineExecutionOrchestrator.withInterceptedStreams(EngineExecutionOrchestrator.java:141) ~[junit-platform-launcher-1.11.4.jar:1.11.4]
	at org.junit.platform.launcher.core.EngineExecutionOrchestrator.execute(EngineExecutionOrchestrator.java:57) ~[junit-platform-launcher-1.11.4.jar:1.11.4]
	at org.junit.platform.launcher.core.DefaultLauncher.execute(DefaultLauncher.java:103) ~[junit-platform-launcher-1.11.4.jar:1.11.4]
	at org.junit.platform.launcher.core.DefaultLauncher.execute(DefaultLauncher.java:85) ~[junit-platform-launcher-1.11.4.jar:1.11.4]
	at org.junit.platform.launcher.core.DelegatingLauncher.execute(DelegatingLauncher.java:47) ~[junit-platform-launcher-1.11.4.jar:1.11.4]
	at org.apache.maven.surefire.junitplatform.LazyLauncher.execute(LazyLauncher.java:56) ~[surefire-junit-platform-3.2.5.jar:3.2.5]
	at org.apache.maven.surefire.junitplatform.JUnitPlatformProvider.execute(JUnitPlatformProvider.java:184) ~[surefire-junit-platform-3.2.5.jar:3.2.5]
	at org.apache.maven.surefire.junitplatform.JUnitPlatformProvider.invokeAllTests(JUnitPlatformProvider.java:148) ~[surefire-junit-platform-3.2.5.jar:3.2.5]
	at org.apache.maven.surefire.junitplatform.JUnitPlatformProvider.invoke(JUnitPlatformProvider.java:122) ~[surefire-junit-platform-3.2.5.jar:3.2.5]
	at org.apache.maven.surefire.booter.ForkedBooter.runSuitesInProcess(ForkedBooter.java:385) ~[surefire-booter-3.2.5.jar:3.2.5]
	at org.apache.maven.surefire.booter.ForkedBooter.execute(ForkedBooter.java:162) ~[surefire-booter-3.2.5.jar:3.2.5]
	at org.apache.maven.surefire.booter.ForkedBooter.run(ForkedBooter.java:507) ~[surefire-booter-3.2.5.jar:3.2.5]
	at org.apache.maven.surefire.booter.ForkedBooter.main(ForkedBooter.java:495) ~[surefire-booter-3.2.5.jar:3.2.5]
Caused by: java.util.concurrent.TimeoutException: null
	at java.base/java.util.concurrent.CompletableFuture.timedGet(CompletableFuture.java:1960) ~[na:na]
	at java.base/java.util.concurrent.CompletableFuture.get(CompletableFuture.java:2095) ~[na:na]
	at org.apache.kafka.common.internals.KafkaFutureImpl.get(KafkaFutureImpl.java:180) ~[kafka-clients-3.8.1.jar:na]
	at org.springframework.kafka.core.KafkaAdmin.lambda$checkPartitions$13(KafkaAdmin.java:553) ~[spring-kafka-3.3.5.jar:3.3.5]
	... 96 common frames omitted

2026-05-16T20:01:26.311+05:30  WARN 16976 --- [| adminclient-1] org.apache.kafka.clients.NetworkClient   : [AdminClient clientId=adminclient-1] Connection to node -1 (localhost/127.0.0.1:9092) could not be established. Node may not be available.
2026-05-16T20:01:27.367+05:30  WARN 16976 --- [| adminclient-1] org.apache.kafka.clients.NetworkClient   : [AdminClient clientId=adminclient-1] Connection to node -1 (localhost/127.0.0.1:9092) could not be established. Node may not be available.
2026-05-16T20:01:28.445+05:30  WARN 16976 --- [| adminclient-1] org.apache.kafka.clients.NetworkClient   : [AdminClient clientId=adminclient-1] Connection to node -1 (localhost/127.0.0.1:9092) could not be established. Node may not be available.
2026-05-16T20:01:29.539+05:30  WARN 16976 --- [| adminclient-1] org.apache.kafka.clients.NetworkClient   : [AdminClient clientId=adminclient-1] Connection to node -1 (localhost/127.0.0.1:9092) could not be established. Node may not be available.
2026-05-16T20:01:30.507+05:30  WARN 16976 --- [| adminclient-1] org.apache.kafka.clients.NetworkClient   : [AdminClient clientId=adminclient-1] Connection to node -1 (localhost/127.0.0.1:9092) could not be established. Node may not be available.
2026-05-16T20:01:31.381+05:30  WARN 16976 --- [| adminclient-1] org.apache.kafka.clients.NetworkClient   : [AdminClient clientId=adminclient-1] Connection to node -1 (localhost/127.0.0.1:9092) could not be established. Node may not be available.
2026-05-16T20:01:32.348+05:30  WARN 16976 --- [| adminclient-1] org.apache.kafka.clients.NetworkClient   : [AdminClient clientId=adminclient-1] Connection to node -1 (localhost/127.0.0.1:9092) could not be established. Node may not be available.
2026-05-16T20:01:33.438+05:30  WARN 16976 --- [| adminclient-1] org.apache.kafka.clients.NetworkClient   : [AdminClient clientId=adminclient-1] Connection to node -1 (localhost/127.0.0.1:9092) could not be established. Node may not be available.
2026-05-16T20:01:34.495+05:30  WARN 16976 --- [| adminclient-1] org.apache.kafka.clients.NetworkClient   : [AdminClient clientId=adminclient-1] Connection to node -1 (localhost/127.0.0.1:9092) could not be established. Node may not be available.
2026-05-16T20:01:35.448+05:30  WARN 16976 --- [| adminclient-1] org.apache.kafka.clients.NetworkClient   : [AdminClient clientId=adminclient-1] Connection to node -1 (localhost/127.0.0.1:9092) could not be established. Node may not be available.
2026-05-16T20:01:36.741+05:30  WARN 16976 --- [ntainer#7-1-C-1] org.apache.kafka.clients.NetworkClient   : [Consumer clientId=consumer-tpa-pipeline-group-5, groupId=tpa-pipeline-group] Connection to node -1 (localhost/127.0.0.1:9092) could not be established. Node may not be available.
2026-05-16T20:01:36.741+05:30  WARN 16976 --- [ntainer#7-1-C-1] org.apache.kafka.clients.NetworkClient   : [Consumer clientId=consumer-tpa-pipeline-group-5, groupId=tpa-pipeline-group] Bootstrap broker localhost:9092 (id: -1 rack: null) disconnected
2026-05-16T20:01:36.744+05:30  WARN 16976 --- [ntainer#7-2-C-1] org.apache.kafka.clients.NetworkClient   : [Consumer clientId=consumer-tpa-pipeline-group-6, groupId=tpa-pipeline-group] Connection to node -1 (localhost/127.0.0.1:9092) could not be established. Node may not be available.
2026-05-16T20:01:36.744+05:30  WARN 16976 --- [ntainer#7-2-C-1] org.apache.kafka.clients.NetworkClient   : [Consumer clientId=consumer-tpa-pipeline-group-6, groupId=tpa-pipeline-group] Bootstrap broker localhost:9092 (id: -1 rack: null) disconnected
2026-05-16T20:01:36.746+05:30  WARN 16976 --- [ntainer#0-0-C-1] org.apache.kafka.clients.NetworkClient   : [Consumer clientId=consumer-tpa-group-27, groupId=tpa-group] Connection to node -1 (localhost/127.0.0.1:9092) could not be established. Node may not be available.
2026-05-16T20:01:36.746+05:30  WARN 16976 --- [ntainer#0-0-C-1] org.apache.kafka.clients.NetworkClient   : [Consumer clientId=consumer-tpa-group-27, groupId=tpa-group] Bootstrap broker localhost:9092 (id: -1 rack: null) disconnected
2026-05-16T20:01:36.747+05:30  WARN 16976 --- [ntainer#5-1-C-1] org.apache.kafka.clients.NetworkClient   : [Consumer clientId=consumer-tpa-pipeline-group-21, groupId=tpa-pipeline-group] Connection to node -1 (localhost/127.0.0.1:9092) could not be established. Node may not be available.
2026-05-16T20:01:36.747+05:30  WARN 16976 --- [ntainer#5-1-C-1] org.apache.kafka.clients.NetworkClient   : [Consumer clientId=consumer-tpa-pipeline-group-21, groupId=tpa-pipeline-group] Bootstrap broker localhost:9092 (id: -1 rack: null) disconnected
2026-05-16T20:01:36.748+05:30  WARN 16976 --- [ntainer#9-0-C-1] org.apache.kafka.clients.NetworkClient   : [Consumer clientId=consumer-tpa-pipeline-group-10, groupId=tpa-pipeline-group] Connection to node -1 (localhost/127.0.0.1:9092) could not be established. Node may not be available.
2026-05-16T20:01:36.748+05:30  WARN 16976 --- [ntainer#9-0-C-1] org.apache.kafka.clients.NetworkClient   : [Consumer clientId=consumer-tpa-pipeline-group-10, groupId=tpa-pipeline-group] Bootstrap broker localhost:9092 (id: -1 rack: null) disconnected
2026-05-16T20:01:36.749+05:30  WARN 16976 --- [ntainer#3-0-C-1] org.apache.kafka.clients.NetworkClient   : [Consumer clientId=consumer-tpa-pipeline-group-14, groupId=tpa-pipeline-group] Connection to node -1 (localhost/127.0.0.1:9092) could not be established. Node may not be available.
2026-05-16T20:01:36.749+05:30  WARN 16976 --- [ntainer#3-0-C-1] org.apache.kafka.clients.NetworkClient   : [Consumer clientId=consumer-tpa-pipeline-group-14, groupId=tpa-pipeline-group] Bootstrap broker localhost:9092 (id: -1 rack: null) disconnected
2026-05-16T20:01:36.749+05:30  WARN 16976 --- [tainer#10-0-C-1] org.apache.kafka.clients.NetworkClient   : [Consumer clientId=consumer-tpa-pipeline-group-29, groupId=tpa-pipeline-group] Connection to node -1 (localhost/127.0.0.1:9092) could not be established. Node may not be available.
2026-05-16T20:01:36.749+05:30  WARN 16976 --- [ntainer#5-2-C-1] org.apache.kafka.clients.NetworkClient   : [Consumer clientId=consumer-tpa-pipeline-group-22, groupId=tpa-pipeline-group] Connection to node -1 (localhost/127.0.0.1:9092) could not be established. Node may not be available.
2026-05-16T20:01:36.749+05:30  WARN 16976 --- [tainer#10-0-C-1] org.apache.kafka.clients.NetworkClient   : [Consumer clientId=consumer-tpa-pipeline-group-29, groupId=tpa-pipeline-group] Bootstrap broker localhost:9092 (id: -1 rack: null) disconnected
2026-05-16T20:01:36.749+05:30  WARN 16976 --- [ntainer#5-2-C-1] org.apache.kafka.clients.NetworkClient   : [Consumer clientId=consumer-tpa-pipeline-group-22, groupId=tpa-pipeline-group] Bootstrap broker localhost:9092 (id: -1 rack: null) disconnected
2026-05-16T20:01:36.749+05:30  WARN 16976 --- [ntainer#6-1-C-1] org.apache.kafka.clients.NetworkClient   : [Consumer clientId=consumer-tpa-pipeline-group-2, groupId=tpa-pipeline-group] Connection to node -1 (localhost/127.0.0.1:9092) could not be established. Node may not be available.
2026-05-16T20:01:36.749+05:30  WARN 16976 --- [tainer#11-2-C-1] org.apache.kafka.clients.NetworkClient   : [Consumer clientId=consumer-tpa-pipeline-group-25, groupId=tpa-pipeline-group] Connection to node -1 (localhost/127.0.0.1:9092) could not be established. Node may not be available.
2026-05-16T20:01:36.749+05:30  WARN 16976 --- [ntainer#6-1-C-1] org.apache.kafka.clients.NetworkClient   : [Consumer clientId=consumer-tpa-pipeline-group-2, groupId=tpa-pipeline-group] Bootstrap broker localhost:9092 (id: -1 rack: null) disconnected
2026-05-16T20:01:36.750+05:30  WARN 16976 --- [tainer#11-2-C-1] org.apache.kafka.clients.NetworkClient   : [Consumer clientId=consumer-tpa-pipeline-group-25, groupId=tpa-pipeline-group] Bootstrap broker localhost:9092 (id: -1 rack: null) disconnected
2026-05-16T20:01:36.750+05:30  WARN 16976 --- [ntainer#4-1-C-1] org.apache.kafka.clients.NetworkClient   : [Consumer clientId=consumer-tpa-pipeline-group-18, groupId=tpa-pipeline-group] Connection to node -1 (localhost/127.0.0.1:9092) could not be established. Node may not be available.
2026-05-16T20:01:36.750+05:30  WARN 16976 --- [ntainer#1-0-C-1] org.apache.kafka.clients.NetworkClient   : [Consumer clientId=consumer-tpa-group-28, groupId=tpa-group] Connection to node -1 (localhost/127.0.0.1:9092) could not be established. Node may not be available.
2026-05-16T20:01:36.750+05:30  WARN 16976 --- [ntainer#7-0-C-1] org.apache.kafka.clients.NetworkClient   : [Consumer clientId=consumer-tpa-pipeline-group-4, groupId=tpa-pipeline-group] Connection to node -1 (localhost/127.0.0.1:9092) could not be established. Node may not be available.
2026-05-16T20:01:36.750+05:30  WARN 16976 --- [ntainer#4-1-C-1] org.apache.kafka.clients.NetworkClient   : [Consumer clientId=consumer-tpa-pipeline-group-18, groupId=tpa-pipeline-group] Bootstrap broker localhost:9092 (id: -1 rack: null) disconnected
2026-05-16T20:01:36.750+05:30  WARN 16976 --- [ntainer#1-0-C-1] org.apache.kafka.clients.NetworkClient   : [Consumer clientId=consumer-tpa-group-28, groupId=tpa-group] Bootstrap broker localhost:9092 (id: -1 rack: null) disconnected
2026-05-16T20:01:36.750+05:30  WARN 16976 --- [ntainer#5-0-C-1] org.apache.kafka.clients.NetworkClient   : [Consumer clientId=consumer-tpa-pipeline-group-20, groupId=tpa-pipeline-group] Connection to node -1 (localhost/127.0.0.1:9092) could not be established. Node may not be available.
2026-05-16T20:01:36.750+05:30  WARN 16976 --- [ntainer#5-0-C-1] org.apache.kafka.clients.NetworkClient   : [Consumer clientId=consumer-tpa-pipeline-group-20, groupId=tpa-pipeline-group] Bootstrap broker localhost:9092 (id: -1 rack: null) disconnected
2026-05-16T20:01:36.750+05:30  WARN 16976 --- [tainer#12-0-C-1] org.apache.kafka.clients.NetworkClient   : [Consumer clientId=consumer-tpa-group-26, groupId=tpa-group] Connection to node -1 (localhost/127.0.0.1:9092) could not be established. Node may not be available.
2026-05-16T20:01:36.750+05:30  WARN 16976 --- [tainer#12-0-C-1] org.apache.kafka.clients.NetworkClient   : [Consumer clientId=consumer-tpa-group-26, groupId=tpa-group] Bootstrap broker localhost:9092 (id: -1 rack: null) disconnected
2026-05-16T20:01:36.750+05:30  WARN 16976 --- [ntainer#7-0-C-1] org.apache.kafka.clients.NetworkClient   : [Consumer clientId=consumer-tpa-pipeline-group-4, groupId=tpa-pipeline-group] Bootstrap broker localhost:9092 (id: -1 rack: null) disconnected
2026-05-16T20:01:36.750+05:30  WARN 16976 --- [ntainer#9-2-C-1] org.apache.kafka.clients.NetworkClient   : [Consumer clientId=consumer-tpa-pipeline-group-12, groupId=tpa-pipeline-group] Connection to node -1 (localhost/127.0.0.1:9092) could not be established. Node may not be available.
2026-05-16T20:01:36.750+05:30  WARN 16976 --- [ntainer#9-2-C-1] org.apache.kafka.clients.NetworkClient   : [Consumer clientId=consumer-tpa-pipeline-group-12, groupId=tpa-pipeline-group] Bootstrap broker localhost:9092 (id: -1 rack: null) disconnected
2026-05-16T20:01:36.750+05:30  WARN 16976 --- [tainer#10-2-C-1] org.apache.kafka.clients.NetworkClient   : [Consumer clientId=consumer-tpa-pipeline-group-31, groupId=tpa-pipeline-group] Connection to node -1 (localhost/127.0.0.1:9092) could not be established. Node may not be available.
2026-05-16T20:01:36.750+05:30  WARN 16976 --- [tainer#10-2-C-1] org.apache.kafka.clients.NetworkClient   : [Consumer clientId=consumer-tpa-pipeline-group-31, groupId=tpa-pipeline-group] Bootstrap broker localhost:9092 (id: -1 rack: null) disconnected
2026-05-16T20:01:36.750+05:30  WARN 16976 --- [tainer#11-0-C-1] org.apache.kafka.clients.NetworkClient   : [Consumer clientId=consumer-tpa-pipeline-group-23, groupId=tpa-pipeline-group] Connection to node -1 (localhost/127.0.0.1:9092) could not be established. Node may not be available.
2026-05-16T20:01:36.750+05:30  WARN 16976 --- [tainer#11-0-C-1] org.apache.kafka.clients.NetworkClient   : [Consumer clientId=consumer-tpa-pipeline-group-23, groupId=tpa-pipeline-group] Bootstrap broker localhost:9092 (id: -1 rack: null) disconnected
2026-05-16T20:01:36.750+05:30  WARN 16976 --- [ntainer#6-0-C-1] org.apache.kafka.clients.NetworkClient   : [Consumer clientId=consumer-tpa-pipeline-group-1, groupId=tpa-pipeline-group] Connection to node -1 (localhost/127.0.0.1:9092) could not be established. Node may not be available.
2026-05-16T20:01:36.750+05:30  WARN 16976 --- [ntainer#9-1-C-1] org.apache.kafka.clients.NetworkClient   : [Consumer clientId=consumer-tpa-pipeline-group-11, groupId=tpa-pipeline-group] Connection to node -1 (localhost/127.0.0.1:9092) could not be established. Node may not be available.
2026-05-16T20:01:36.751+05:30  WARN 16976 --- [ntainer#6-0-C-1] org.apache.kafka.clients.NetworkClient   : [Consumer clientId=consumer-tpa-pipeline-group-1, groupId=tpa-pipeline-group] Bootstrap broker localhost:9092 (id: -1 rack: null) disconnected
2026-05-16T20:01:36.751+05:30  WARN 16976 --- [ntainer#4-0-C-1] org.apache.kafka.clients.NetworkClient   : [Consumer clientId=consumer-tpa-pipeline-group-17, groupId=tpa-pipeline-group] Connection to node -1 (localhost/127.0.0.1:9092) could not be established. Node may not be available.
2026-05-16T20:01:36.751+05:30  WARN 16976 --- [ntainer#9-1-C-1] org.apache.kafka.clients.NetworkClient   : [Consumer clientId=consumer-tpa-pipeline-group-11, groupId=tpa-pipeline-group] Bootstrap broker localhost:9092 (id: -1 rack: null) disconnected
2026-05-16T20:01:36.751+05:30  WARN 16976 --- [ntainer#8-0-C-1] org.apache.kafka.clients.NetworkClient   : [Consumer clientId=consumer-tpa-pipeline-group-7, groupId=tpa-pipeline-group] Connection to node -1 (localhost/127.0.0.1:9092) could not be established. Node may not be available.
2026-05-16T20:01:36.751+05:30  WARN 16976 --- [ntainer#4-0-C-1] org.apache.kafka.clients.NetworkClient   : [Consumer clientId=consumer-tpa-pipeline-group-17, groupId=tpa-pipeline-group] Bootstrap broker localhost:9092 (id: -1 rack: null) disconnected
2026-05-16T20:01:36.751+05:30  WARN 16976 --- [ntainer#8-2-C-1] org.apache.kafka.clients.NetworkClient   : [Consumer clientId=consumer-tpa-pipeline-group-9, groupId=tpa-pipeline-group] Connection to node -1 (localhost/127.0.0.1:9092) could not be established. Node may not be available.
2026-05-16T20:01:36.751+05:30  WARN 16976 --- [ntainer#3-1-C-1] org.apache.kafka.clients.NetworkClient   : [Consumer clientId=consumer-tpa-pipeline-group-15, groupId=tpa-pipeline-group] Connection to node -1 (localhost/127.0.0.1:9092) could not be established. Node may not be available.
2026-05-16T20:01:36.751+05:30  WARN 16976 --- [ntainer#8-0-C-1] org.apache.kafka.clients.NetworkClient   : [Consumer clientId=consumer-tpa-pipeline-group-7, groupId=tpa-pipeline-group] Bootstrap broker localhost:9092 (id: -1 rack: null) disconnected
2026-05-16T20:01:36.751+05:30  WARN 16976 --- [tainer#11-1-C-1] org.apache.kafka.clients.NetworkClient   : [Consumer clientId=consumer-tpa-pipeline-group-24, groupId=tpa-pipeline-group] Connection to node -1 (localhost/127.0.0.1:9092) could not be established. Node may not be available.
2026-05-16T20:01:36.752+05:30  WARN 16976 --- [ntainer#2-0-C-1] org.apache.kafka.clients.NetworkClient   : [Consumer clientId=consumer-tpa-dlq-group-13, groupId=tpa-dlq-group] Connection to node -1 (localhost/127.0.0.1:9092) could not be established. Node may not be available.
2026-05-16T20:01:36.751+05:30  WARN 16976 --- [ntainer#8-2-C-1] org.apache.kafka.clients.NetworkClient   : [Consumer clientId=consumer-tpa-pipeline-group-9, groupId=tpa-pipeline-group] Bootstrap broker localhost:9092 (id: -1 rack: null) disconnected
2026-05-16T20:01:36.751+05:30  WARN 16976 --- [ntainer#8-1-C-1] org.apache.kafka.clients.NetworkClient   : [Consumer clientId=consumer-tpa-pipeline-group-8, groupId=tpa-pipeline-group] Connection to node -1 (localhost/127.0.0.1:9092) could not be established. Node may not be available.
2026-05-16T20:01:36.751+05:30  WARN 16976 --- [ntainer#6-2-C-1] org.apache.kafka.clients.NetworkClient   : [Consumer clientId=consumer-tpa-pipeline-group-3, groupId=tpa-pipeline-group] Connection to node -1 (localhost/127.0.0.1:9092) could not be established. Node may not be available.
2026-05-16T20:01:36.752+05:30  WARN 16976 --- [ntainer#8-1-C-1] org.apache.kafka.clients.NetworkClient   : [Consumer clientId=consumer-tpa-pipeline-group-8, groupId=tpa-pipeline-group] Bootstrap broker localhost:9092 (id: -1 rack: null) disconnected
2026-05-16T20:01:36.752+05:30  WARN 16976 --- [ntainer#6-2-C-1] org.apache.kafka.clients.NetworkClient   : [Consumer clientId=consumer-tpa-pipeline-group-3, groupId=tpa-pipeline-group] Bootstrap broker localhost:9092 (id: -1 rack: null) disconnected
2026-05-16T20:01:36.751+05:30  WARN 16976 --- [ntainer#3-1-C-1] org.apache.kafka.clients.NetworkClient   : [Consumer clientId=consumer-tpa-pipeline-group-15, groupId=tpa-pipeline-group] Bootstrap broker localhost:9092 (id: -1 rack: null) disconnected
2026-05-16T20:01:36.752+05:30  WARN 16976 --- [tainer#11-1-C-1] org.apache.kafka.clients.NetworkClient   : [Consumer clientId=consumer-tpa-pipeline-group-24, groupId=tpa-pipeline-group] Bootstrap broker localhost:9092 (id: -1 rack: null) disconnected
2026-05-16T20:01:36.752+05:30  WARN 16976 --- [ntainer#2-0-C-1] org.apache.kafka.clients.NetworkClient   : [Consumer clientId=consumer-tpa-dlq-group-13, groupId=tpa-dlq-group] Bootstrap broker localhost:9092 (id: -1 rack: null) disconnected
2026-05-16T20:01:36.752+05:30  WARN 16976 --- [ntainer#4-2-C-1] org.apache.kafka.clients.NetworkClient   : [Consumer clientId=consumer-tpa-pipeline-group-19, groupId=tpa-pipeline-group] Connection to node -1 (localhost/127.0.0.1:9092) could not be established. Node may not be available.
2026-05-16T20:01:36.752+05:30  WARN 16976 --- [ntainer#3-2-C-1] org.apache.kafka.clients.NetworkClient   : [Consumer clientId=consumer-tpa-pipeline-group-16, groupId=tpa-pipeline-group] Connection to node -1 (localhost/127.0.0.1:9092) could not be established. Node may not be available.
2026-05-16T20:01:36.752+05:30  WARN 16976 --- [tainer#10-1-C-1] org.apache.kafka.clients.NetworkClient   : [Consumer clientId=consumer-tpa-pipeline-group-30, groupId=tpa-pipeline-group] Connection to node -1 (localhost/127.0.0.1:9092) could not be established. Node may not be available.
2026-05-16T20:01:36.752+05:30  WARN 16976 --- [ntainer#4-2-C-1] org.apache.kafka.clients.NetworkClient   : [Consumer clientId=consumer-tpa-pipeline-group-19, groupId=tpa-pipeline-group] Bootstrap broker localhost:9092 (id: -1 rack: null) disconnected
2026-05-16T20:01:36.752+05:30  WARN 16976 --- [ntainer#3-2-C-1] org.apache.kafka.clients.NetworkClient   : [Consumer clientId=consumer-tpa-pipeline-group-16, groupId=tpa-pipeline-group] Bootstrap broker localhost:9092 (id: -1 rack: null) disconnected
2026-05-16T20:01:36.752+05:30  WARN 16976 --- [tainer#10-1-C-1] org.apache.kafka.clients.NetworkClient   : [Consumer clientId=consumer-tpa-pipeline-group-30, groupId=tpa-pipeline-group] Bootstrap broker localhost:9092 (id: -1 rack: null) disconnected
2026-05-16T20:01:36.833+05:30  WARN 16976 --- [ntainer#5-0-C-1] org.apache.kafka.clients.NetworkClient   : [Consumer clientId=consumer-tpa-pipeline-group-20, groupId=tpa-pipeline-group] Connection to node -1 (localhost/127.0.0.1:9092) could not be established. Node may not be available.
2026-05-16T20:01:36.832+05:30  WARN 16976 --- [ntainer#3-0-C-1] org.apache.kafka.clients.NetworkClient   : [Consumer clientId=consumer-tpa-pipeline-group-14, groupId=tpa-pipeline-group] Connection to node -1 (localhost/127.0.0.1:9092) could not be established. Node may not be available.
2026-05-16T20:01:36.833+05:30  WARN 16976 --- [ntainer#5-0-C-1] org.apache.kafka.clients.NetworkClient   : [Consumer clientId=consumer-tpa-pipeline-group-20, groupId=tpa-pipeline-group] Bootstrap broker localhost:9092 (id: -1 rack: null) disconnected
2026-05-16T20:01:36.832+05:30  WARN 16976 --- [ntainer#7-1-C-1] org.apache.kafka.clients.NetworkClient   : [Consumer clientId=consumer-tpa-pipeline-group-5, groupId=tpa-pipeline-group] Connection to node -1 (localhost/127.0.0.1:9092) could not be established. Node may not be available.
2026-05-16T20:01:36.833+05:30  WARN 16976 --- [ntainer#3-0-C-1] org.apache.kafka.clients.NetworkClient   : [Consumer clientId=consumer-tpa-pipeline-group-14, groupId=tpa-pipeline-group] Bootstrap broker localhost:9092 (id: -1 rack: null) disconnected
2026-05-16T20:01:36.833+05:30  WARN 16976 --- [ntainer#7-1-C-1] org.apache.kafka.clients.NetworkClient   : [Consumer clientId=consumer-tpa-pipeline-group-5, groupId=tpa-pipeline-group] Bootstrap broker localhost:9092 (id: -1 rack: null) disconnected
2026-05-16T20:01:36.836+05:30  WARN 16976 --- [tainer#11-2-C-1] org.apache.kafka.clients.NetworkClient   : [Consumer clientId=consumer-tpa-pipeline-group-25, groupId=tpa-pipeline-group] Connection to node -1 (localhost/127.0.0.1:9092) could not be established. Node may not be available.
2026-05-16T20:01:36.836+05:30  WARN 16976 --- [tainer#10-1-C-1] org.apache.kafka.clients.NetworkClient   : [Consumer clientId=consumer-tpa-pipeline-group-30, groupId=tpa-pipeline-group] Connection to node -1 (localhost/127.0.0.1:9092) could not be established. Node may not be available.
2026-05-16T20:01:36.836+05:30  WARN 16976 --- [ntainer#4-2-C-1] org.apache.kafka.clients.NetworkClient   : [Consumer clientId=consumer-tpa-pipeline-group-19, groupId=tpa-pipeline-group] Connection to node -1 (localhost/127.0.0.1:9092) could not be established. Node may not be available.
2026-05-16T20:01:36.836+05:30  WARN 16976 --- [tainer#11-2-C-1] org.apache.kafka.clients.NetworkClient   : [Consumer clientId=consumer-tpa-pipeline-group-25, groupId=tpa-pipeline-group] Bootstrap broker localhost:9092 (id: -1 rack: null) disconnected
2026-05-16T20:01:36.836+05:30  WARN 16976 --- [ntainer#4-2-C-1] org.apache.kafka.clients.NetworkClient   : [Consumer clientId=consumer-tpa-pipeline-group-19, groupId=tpa-pipeline-group] Bootstrap broker localhost:9092 (id: -1 rack: null) disconnected
2026-05-16T20:01:36.836+05:30  WARN 16976 --- [tainer#10-1-C-1] org.apache.kafka.clients.NetworkClient   : [Consumer clientId=consumer-tpa-pipeline-group-30, groupId=tpa-pipeline-group] Bootstrap broker localhost:9092 (id: -1 rack: null) disconnected
2026-05-16T20:01:36.837+05:30  WARN 16976 --- [ntainer#3-1-C-1] org.apache.kafka.clients.NetworkClient   : [Consumer clientId=consumer-tpa-pipeline-group-15, groupId=tpa-pipeline-group] Connection to node -1 (localhost/127.0.0.1:9092) could not be established. Node may not be available.
2026-05-16T20:01:36.837+05:30  WARN 16976 --- [ntainer#3-1-C-1] org.apache.kafka.clients.NetworkClient   : [Consumer clientId=consumer-tpa-pipeline-group-15, groupId=tpa-pipeline-group] Bootstrap broker localhost:9092 (id: -1 rack: null) disconnected
2026-05-16T20:01:36.843+05:30  WARN 16976 --- [tainer#12-0-C-1] org.apache.kafka.clients.NetworkClient   : [Consumer clientId=consumer-tpa-group-26, groupId=tpa-group] Connection to node -1 (localhost/127.0.0.1:9092) could not be established. Node may not be available.
2026-05-16T20:01:36.843+05:30  WARN 16976 --- [tainer#12-0-C-1] org.apache.kafka.clients.NetworkClient   : [Consumer clientId=consumer-tpa-group-26, groupId=tpa-group] Bootstrap broker localhost:9092 (id: -1 rack: null) disconnected
2026-05-16T20:01:36.845+05:30  WARN 16976 --- [ntainer#5-1-C-1] org.apache.kafka.clients.NetworkClient   : [Consumer clientId=consumer-tpa-pipeline-group-21, groupId=tpa-pipeline-group] Connection to node -1 (localhost/127.0.0.1:9092) could not be established. Node may not be available.
2026-05-16T20:01:36.845+05:30  WARN 16976 --- [ntainer#3-2-C-1] org.apache.kafka.clients.NetworkClient   : [Consumer clientId=consumer-tpa-pipeline-group-16, groupId=tpa-pipeline-group] Connection to node -1 (localhost/127.0.0.1:9092) could not be established. Node may not be available.
2026-05-16T20:01:36.845+05:30  WARN 16976 --- [ntainer#5-1-C-1] org.apache.kafka.clients.NetworkClient   : [Consumer clientId=consumer-tpa-pipeline-group-21, groupId=tpa-pipeline-group] Bootstrap broker localhost:9092 (id: -1 rack: null) disconnected
2026-05-16T20:01:36.845+05:30  WARN 16976 --- [tainer#11-1-C-1] org.apache.kafka.clients.NetworkClient   : [Consumer clientId=consumer-tpa-pipeline-group-24, groupId=tpa-pipeline-group] Connection to node -1 (localhost/127.0.0.1:9092) could not be established. Node may not be available.
2026-05-16T20:01:36.845+05:30  WARN 16976 --- [ntainer#3-2-C-1] org.apache.kafka.clients.NetworkClient   : [Consumer clientId=consumer-tpa-pipeline-group-16, groupId=tpa-pipeline-group] Bootstrap broker localhost:9092 (id: -1 rack: null) disconnected
2026-05-16T20:01:36.845+05:30  WARN 16976 --- [tainer#11-1-C-1] org.apache.kafka.clients.NetworkClient   : [Consumer clientId=consumer-tpa-pipeline-group-24, groupId=tpa-pipeline-group] Bootstrap broker localhost:9092 (id: -1 rack: null) disconnected
2026-05-16T20:01:36.848+05:30  WARN 16976 --- [ntainer#8-1-C-1] org.apache.kafka.clients.NetworkClient   : [Consumer clientId=consumer-tpa-pipeline-group-8, groupId=tpa-pipeline-group] Connection to node -1 (localhost/127.0.0.1:9092) could not be established. Node may not be available.
2026-05-16T20:01:36.848+05:30  WARN 16976 --- [ntainer#4-0-C-1] org.apache.kafka.clients.NetworkClient   : [Consumer clientId=consumer-tpa-pipeline-group-17, groupId=tpa-pipeline-group] Connection to node -1 (localhost/127.0.0.1:9092) could not be established. Node may not be available.
2026-05-16T20:01:36.848+05:30  WARN 16976 --- [ntainer#8-1-C-1] org.apache.kafka.clients.NetworkClient   : [Consumer clientId=consumer-tpa-pipeline-group-8, groupId=tpa-pipeline-group] Bootstrap broker localhost:9092 (id: -1 rack: null) disconnected
2026-05-16T20:01:36.848+05:30  WARN 16976 --- [ntainer#4-0-C-1] org.apache.kafka.clients.NetworkClient   : [Consumer clientId=consumer-tpa-pipeline-group-17, groupId=tpa-pipeline-group] Bootstrap broker localhost:9092 (id: -1 rack: null) disconnected
2026-05-16T20:01:36.850+05:30  WARN 16976 --- [ntainer#6-0-C-1] org.apache.kafka.clients.NetworkClient   : [Consumer clientId=consumer-tpa-pipeline-group-1, groupId=tpa-pipeline-group] Connection to node -1 (localhost/127.0.0.1:9092) could not be established. Node may not be available.
2026-05-16T20:01:36.850+05:30  WARN 16976 --- [ntainer#6-0-C-1] org.apache.kafka.clients.NetworkClient   : [Consumer clientId=consumer-tpa-pipeline-group-1, groupId=tpa-pipeline-group] Bootstrap broker localhost:9092 (id: -1 rack: null) disconnected
2026-05-16T20:01:36.851+05:30  WARN 16976 --- [ntainer#1-0-C-1] org.apache.kafka.clients.NetworkClient   : [Consumer clientId=consumer-tpa-group-28, groupId=tpa-group] Connection to node -1 (localhost/127.0.0.1:9092) could not be established. Node may not be available.
2026-05-16T20:01:36.851+05:30  WARN 16976 --- [ntainer#8-0-C-1] org.apache.kafka.clients.NetworkClient   : [Consumer clientId=consumer-tpa-pipeline-group-7, groupId=tpa-pipeline-group] Connection to node -1 (localhost/127.0.0.1:9092) could not be established. Node may not be available.
2026-05-16T20:01:36.851+05:30  WARN 16976 --- [ntainer#9-0-C-1] org.apache.kafka.clients.NetworkClient   : [Consumer clientId=consumer-tpa-pipeline-group-10, groupId=tpa-pipeline-group] Connection to node -1 (localhost/127.0.0.1:9092) could not be established. Node may not be available.
2026-05-16T20:01:36.851+05:30  WARN 16976 --- [ntainer#8-0-C-1] org.apache.kafka.clients.NetworkClient   : [Consumer clientId=consumer-tpa-pipeline-group-7, groupId=tpa-pipeline-group] Bootstrap broker localhost:9092 (id: -1 rack: null) disconnected
2026-05-16T20:01:36.851+05:30  WARN 16976 --- [ntainer#1-0-C-1] org.apache.kafka.clients.NetworkClient   : [Consumer clientId=consumer-tpa-group-28, groupId=tpa-group] Bootstrap broker localhost:9092 (id: -1 rack: null) disconnected
2026-05-16T20:01:36.851+05:30  WARN 16976 --- [ntainer#9-0-C-1] org.apache.kafka.clients.NetworkClient   : [Consumer clientId=consumer-tpa-pipeline-group-10, groupId=tpa-pipeline-group] Bootstrap broker localhost:9092 (id: -1 rack: null) disconnected
2026-05-16T20:01:36.853+05:30  WARN 16976 --- [tainer#10-0-C-1] org.apache.kafka.clients.NetworkClient   : [Consumer clientId=consumer-tpa-pipeline-group-29, groupId=tpa-pipeline-group] Connection to node -1 (localhost/127.0.0.1:9092) could not be established. Node may not be available.
2026-05-16T20:01:36.853+05:30  WARN 16976 --- [tainer#10-0-C-1] org.apache.kafka.clients.NetworkClient   : [Consumer clientId=consumer-tpa-pipeline-group-29, groupId=tpa-pipeline-group] Bootstrap broker localhost:9092 (id: -1 rack: null) disconnected
2026-05-16T20:01:36.855+05:30  WARN 16976 --- [ntainer#4-1-C-1] org.apache.kafka.clients.NetworkClient   : [Consumer clientId=consumer-tpa-pipeline-group-18, groupId=tpa-pipeline-group] Connection to node -1 (localhost/127.0.0.1:9092) could not be established. Node may not be available.
2026-05-16T20:01:36.855+05:30  WARN 16976 --- [ntainer#4-1-C-1] org.apache.kafka.clients.NetworkClient   : [Consumer clientId=consumer-tpa-pipeline-group-18, groupId=tpa-pipeline-group] Bootstrap broker localhost:9092 (id: -1 rack: null) disconnected
2026-05-16T20:01:36.858+05:30  WARN 16976 --- [tainer#11-0-C-1] org.apache.kafka.clients.NetworkClient   : [Consumer clientId=consumer-tpa-pipeline-group-23, groupId=tpa-pipeline-group] Connection to node -1 (localhost/127.0.0.1:9092) could not be established. Node may not be available.
2026-05-16T20:01:36.858+05:30  WARN 16976 --- [ntainer#7-2-C-1] org.apache.kafka.clients.NetworkClient   : [Consumer clientId=consumer-tpa-pipeline-group-6, groupId=tpa-pipeline-group] Connection to node -1 (localhost/127.0.0.1:9092) could not be established. Node may not be available.
2026-05-16T20:01:36.860+05:30  WARN 16976 --- [ntainer#7-2-C-1] org.apache.kafka.clients.NetworkClient   : [Consumer clientId=consumer-tpa-pipeline-group-6, groupId=tpa-pipeline-group] Bootstrap broker localhost:9092 (id: -1 rack: null) disconnected
2026-05-16T20:01:36.860+05:30  WARN 16976 --- [tainer#11-0-C-1] org.apache.kafka.clients.NetworkClient   : [Consumer clientId=consumer-tpa-pipeline-group-23, groupId=tpa-pipeline-group] Bootstrap broker localhost:9092 (id: -1 rack: null) disconnected
2026-05-16T20:01:36.860+05:30  WARN 16976 --- [ntainer#6-2-C-1] org.apache.kafka.clients.NetworkClient   : [Consumer clientId=consumer-tpa-pipeline-group-3, groupId=tpa-pipeline-group] Connection to node -1 (localhost/127.0.0.1:9092) could not be established. Node may not be available.
2026-05-16T20:01:36.860+05:30  WARN 16976 --- [ntainer#6-2-C-1] org.apache.kafka.clients.NetworkClient   : [Consumer clientId=consumer-tpa-pipeline-group-3, groupId=tpa-pipeline-group] Bootstrap broker localhost:9092 (id: -1 rack: null) disconnected
2026-05-16T20:01:36.862+05:30  WARN 16976 --- [ntainer#8-2-C-1] org.apache.kafka.clients.NetworkClient   : [Consumer clientId=consumer-tpa-pipeline-group-9, groupId=tpa-pipeline-group] Connection to node -1 (localhost/127.0.0.1:9092) could not be established. Node may not be available.
2026-05-16T20:01:36.862+05:30  WARN 16976 --- [ntainer#8-2-C-1] org.apache.kafka.clients.NetworkClient   : [Consumer clientId=consumer-tpa-pipeline-group-9, groupId=tpa-pipeline-group] Bootstrap broker localhost:9092 (id: -1 rack: null) disconnected
2026-05-16T20:01:36.864+05:30  WARN 16976 --- [ntainer#7-0-C-1] org.apache.kafka.clients.NetworkClient   : [Consumer clientId=consumer-tpa-pipeline-group-4, groupId=tpa-pipeline-group] Connection to node -1 (localhost/127.0.0.1:9092) could not be established. Node may not be available.
2026-05-16T20:01:36.864+05:30  WARN 16976 --- [ntainer#2-0-C-1] org.apache.kafka.clients.NetworkClient   : [Consumer clientId=consumer-tpa-dlq-group-13, groupId=tpa-dlq-group] Connection to node -1 (localhost/127.0.0.1:9092) could not be established. Node may not be available.
2026-05-16T20:01:36.864+05:30  WARN 16976 --- [ntainer#0-0-C-1] org.apache.kafka.clients.NetworkClient   : [Consumer clientId=consumer-tpa-group-27, groupId=tpa-group] Connection to node -1 (localhost/127.0.0.1:9092) could not be established. Node may not be available.
2026-05-16T20:01:36.864+05:30  WARN 16976 --- [ntainer#7-0-C-1] org.apache.kafka.clients.NetworkClient   : [Consumer clientId=consumer-tpa-pipeline-group-4, groupId=tpa-pipeline-group] Bootstrap broker localhost:9092 (id: -1 rack: null) disconnected
2026-05-16T20:01:36.864+05:30  WARN 16976 --- [ntainer#2-0-C-1] org.apache.kafka.clients.NetworkClient   : [Consumer clientId=consumer-tpa-dlq-group-13, groupId=tpa-dlq-group] Bootstrap broker localhost:9092 (id: -1 rack: null) disconnected
2026-05-16T20:01:36.864+05:30  WARN 16976 --- [ntainer#0-0-C-1] org.apache.kafka.clients.NetworkClient   : [Consumer clientId=consumer-tpa-group-27, groupId=tpa-group] Bootstrap broker localhost:9092 (id: -1 rack: null) disconnected
2026-05-16T20:01:36.865+05:30  WARN 16976 --- [tainer#10-2-C-1] org.apache.kafka.clients.NetworkClient   : [Consumer clientId=consumer-tpa-pipeline-group-31, groupId=tpa-pipeline-group] Connection to node -1 (localhost/127.0.0.1:9092) could not be established. Node may not be available.
2026-05-16T20:01:36.865+05:30  WARN 16976 --- [ntainer#6-1-C-1] org.apache.kafka.clients.NetworkClient   : [Consumer clientId=consumer-tpa-pipeline-group-2, groupId=tpa-pipeline-group] Connection to node -1 (localhost/127.0.0.1:9092) could not be established. Node may not be available.
2026-05-16T20:01:36.865+05:30  WARN 16976 --- [tainer#10-2-C-1] org.apache.kafka.clients.NetworkClient   : [Consumer clientId=consumer-tpa-pipeline-group-31, groupId=tpa-pipeline-group] Bootstrap broker localhost:9092 (id: -1 rack: null) disconnected
2026-05-16T20:01:36.865+05:30  WARN 16976 --- [ntainer#6-1-C-1] org.apache.kafka.clients.NetworkClient   : [Consumer clientId=consumer-tpa-pipeline-group-2, groupId=tpa-pipeline-group] Bootstrap broker localhost:9092 (id: -1 rack: null) disconnected
2026-05-16T20:01:36.869+05:30  WARN 16976 --- [ntainer#5-2-C-1] org.apache.kafka.clients.NetworkClient   : [Consumer clientId=consumer-tpa-pipeline-group-22, groupId=tpa-pipeline-group] Connection to node -1 (localhost/127.0.0.1:9092) could not be established. Node may not be available.
2026-05-16T20:01:36.869+05:30  WARN 16976 --- [ntainer#5-2-C-1] org.apache.kafka.clients.NetworkClient   : [Consumer clientId=consumer-tpa-pipeline-group-22, groupId=tpa-pipeline-group] Bootstrap broker localhost:9092 (id: -1 rack: null) disconnected
2026-05-16T20:01:36.870+05:30  WARN 16976 --- [ntainer#9-2-C-1] org.apache.kafka.clients.NetworkClient   : [Consumer clientId=consumer-tpa-pipeline-group-12, groupId=tpa-pipeline-group] Connection to node -1 (localhost/127.0.0.1:9092) could not be established. Node may not be available.
2026-05-16T20:01:36.870+05:30  WARN 16976 --- [ntainer#9-2-C-1] org.apache.kafka.clients.NetworkClient   : [Consumer clientId=consumer-tpa-pipeline-group-12, groupId=tpa-pipeline-group] Bootstrap broker localhost:9092 (id: -1 rack: null) disconnected
2026-05-16T20:01:36.871+05:30  WARN 16976 --- [ntainer#9-1-C-1] org.apache.kafka.clients.NetworkClient   : [Consumer clientId=consumer-tpa-pipeline-group-11, groupId=tpa-pipeline-group] Connection to node -1 (localhost/127.0.0.1:9092) could not be established. Node may not be available.
2026-05-16T20:01:36.871+05:30  WARN 16976 --- [ntainer#9-1-C-1] org.apache.kafka.clients.NetworkClient   : [Consumer clientId=consumer-tpa-pipeline-group-11, groupId=tpa-pipeline-group] Bootstrap broker localhost:9092 (id: -1 rack: null) disconnected
2026-05-16T20:01:36.943+05:30  WARN 16976 --- [tainer#11-2-C-1] org.apache.kafka.clients.NetworkClient   : [Consumer clientId=consumer-tpa-pipeline-group-25, groupId=tpa-pipeline-group] Connection to node -1 (localhost/127.0.0.1:9092) could not be established. Node may not be available.
2026-05-16T20:01:36.943+05:30  WARN 16976 --- [tainer#11-2-C-1] org.apache.kafka.clients.NetworkClient   : [Consumer clientId=consumer-tpa-pipeline-group-25, groupId=tpa-pipeline-group] Bootstrap broker localhost:9092 (id: -1 rack: null) disconnected
2026-05-16T20:01:36.959+05:30  WARN 16976 --- [tainer#11-1-C-1] org.apache.kafka.clients.NetworkClient   : [Consumer clientId=consumer-tpa-pipeline-group-24, groupId=tpa-pipeline-group] Connection to node -1 (localhost/127.0.0.1:9092) could not be established. Node may not be available.
2026-05-16T20:01:36.959+05:30  WARN 16976 --- [ntainer#6-0-C-1] org.apache.kafka.clients.NetworkClient   : [Consumer clientId=consumer-tpa-pipeline-group-1, groupId=tpa-pipeline-group] Connection to node -1 (localhost/127.0.0.1:9092) could not be established. Node may not be available.
2026-05-16T20:01:36.959+05:30  WARN 16976 --- [tainer#10-0-C-1] org.apache.kafka.clients.NetworkClient   : [Consumer clientId=consumer-tpa-pipeline-group-29, groupId=tpa-pipeline-group] Connection to node -1 (localhost/127.0.0.1:9092) could not be established. Node may not be available.
2026-05-16T20:01:36.959+05:30  WARN 16976 --- [ntainer#9-0-C-1] org.apache.kafka.clients.NetworkClient   : [Consumer clientId=consumer-tpa-pipeline-group-10, groupId=tpa-pipeline-group] Connection to node -1 (localhost/127.0.0.1:9092) could not be established. Node may not be available.
2026-05-16T20:01:36.959+05:30  WARN 16976 --- [ntainer#8-0-C-1] org.apache.kafka.clients.NetworkClient   : [Consumer clientId=consumer-tpa-pipeline-group-7, groupId=tpa-pipeline-group] Connection to node -1 (localhost/127.0.0.1:9092) could not be established. Node may not be available.
2026-05-16T20:01:36.959+05:30  WARN 16976 --- [tainer#12-0-C-1] org.apache.kafka.clients.NetworkClient   : [Consumer clientId=consumer-tpa-group-26, groupId=tpa-group] Connection to node -1 (localhost/127.0.0.1:9092) could not be established. Node may not be available.
2026-05-16T20:01:36.959+05:30  WARN 16976 --- [ntainer#9-0-C-1] org.apache.kafka.clients.NetworkClient   : [Consumer clientId=consumer-tpa-pipeline-group-10, groupId=tpa-pipeline-group] Bootstrap broker localhost:9092 (id: -1 rack: null) disconnected
2026-05-16T20:01:36.959+05:30  WARN 16976 --- [tainer#11-1-C-1] org.apache.kafka.clients.NetworkClient   : [Consumer clientId=consumer-tpa-pipeline-group-24, groupId=tpa-pipeline-group] Bootstrap broker localhost:9092 (id: -1 rack: null) disconnected
2026-05-16T20:01:36.959+05:30  WARN 16976 --- [ntainer#6-0-C-1] org.apache.kafka.clients.NetworkClient   : [Consumer clientId=consumer-tpa-pipeline-group-1, groupId=tpa-pipeline-group] Bootstrap broker localhost:9092 (id: -1 rack: null) disconnected
2026-05-16T20:01:36.959+05:30  WARN 16976 --- [tainer#10-0-C-1] org.apache.kafka.clients.NetworkClient   : [Consumer clientId=consumer-tpa-pipeline-group-29, groupId=tpa-pipeline-group] Bootstrap broker localhost:9092 (id: -1 rack: null) disconnected
2026-05-16T20:01:36.959+05:30  WARN 16976 --- [ntainer#8-0-C-1] org.apache.kafka.clients.NetworkClient   : [Consumer clientId=consumer-tpa-pipeline-group-7, groupId=tpa-pipeline-group] Bootstrap broker localhost:9092 (id: -1 rack: null) disconnected
2026-05-16T20:01:36.959+05:30  WARN 16976 --- [tainer#12-0-C-1] org.apache.kafka.clients.NetworkClient   : [Consumer clientId=consumer-tpa-group-26, groupId=tpa-group] Bootstrap broker localhost:9092 (id: -1 rack: null) disconnected
2026-05-16T20:01:36.959+05:30  WARN 16976 --- [ntainer#4-0-C-1] org.apache.kafka.clients.NetworkClient   : [Consumer clientId=consumer-tpa-pipeline-group-17, groupId=tpa-pipeline-group] Connection to node -1 (localhost/127.0.0.1:9092) could not be established. Node may not be available.
2026-05-16T20:01:36.959+05:30  WARN 16976 --- [ntainer#4-0-C-1] org.apache.kafka.clients.NetworkClient   : [Consumer clientId=consumer-tpa-pipeline-group-17, groupId=tpa-pipeline-group] Bootstrap broker localhost:9092 (id: -1 rack: null) disconnected
2026-05-16T20:01:36.974+05:30  WARN 16976 --- [ntainer#8-2-C-1] org.apache.kafka.clients.NetworkClient   : [Consumer clientId=consumer-tpa-pipeline-group-9, groupId=tpa-pipeline-group] Connection to node -1 (localhost/127.0.0.1:9092) could not be established. Node may not be available.
2026-05-16T20:01:36.974+05:30  WARN 16976 --- [ntainer#3-2-C-1] org.apache.kafka.clients.NetworkClient   : [Consumer clientId=consumer-tpa-pipeline-group-16, groupId=tpa-pipeline-group] Connection to node -1 (localhost/127.0.0.1:9092) could not be established. Node may not be available.
2026-05-16T20:01:36.974+05:30  WARN 16976 --- [ntainer#5-2-C-1] org.apache.kafka.clients.NetworkClient   : [Consumer clientId=consumer-tpa-pipeline-group-22, groupId=tpa-pipeline-group] Connection to node -1 (localhost/127.0.0.1:9092) could not be established. Node may not be available.
2026-05-16T20:01:36.974+05:30  WARN 16976 --- [ntainer#7-2-C-1] org.apache.kafka.clients.NetworkClient   : [Consumer clientId=consumer-tpa-pipeline-group-6, groupId=tpa-pipeline-group] Connection to node -1 (localhost/127.0.0.1:9092) could not be established. Node may not be available.
2026-05-16T20:01:36.974+05:30  WARN 16976 --- [ntainer#5-2-C-1] org.apache.kafka.clients.NetworkClient   : [Consumer clientId=consumer-tpa-pipeline-group-22, groupId=tpa-pipeline-group] Bootstrap broker localhost:9092 (id: -1 rack: null) disconnected
2026-05-16T20:01:36.974+05:30  WARN 16976 --- [tainer#10-1-C-1] org.apache.kafka.clients.NetworkClient   : [Consumer clientId=consumer-tpa-pipeline-group-30, groupId=tpa-pipeline-group] Connection to node -1 (localhost/127.0.0.1:9092) could not be established. Node may not be available.
2026-05-16T20:01:36.974+05:30  WARN 16976 --- [tainer#10-1-C-1] org.apache.kafka.clients.NetworkClient   : [Consumer clientId=consumer-tpa-pipeline-group-30, groupId=tpa-pipeline-group] Bootstrap broker localhost:9092 (id: -1 rack: null) disconnected
2026-05-16T20:01:36.974+05:30  WARN 16976 --- [ntainer#5-0-C-1] org.apache.kafka.clients.NetworkClient   : [Consumer clientId=consumer-tpa-pipeline-group-20, groupId=tpa-pipeline-group] Connection to node -1 (localhost/127.0.0.1:9092) could not be established. Node may not be available.
2026-05-16T20:01:36.974+05:30  WARN 16976 --- [ntainer#8-2-C-1] org.apache.kafka.clients.NetworkClient   : [Consumer clientId=consumer-tpa-pipeline-group-9, groupId=tpa-pipeline-group] Bootstrap broker localhost:9092 (id: -1 rack: null) disconnected
2026-05-16T20:01:36.974+05:30  WARN 16976 --- [ntainer#5-0-C-1] org.apache.kafka.clients.NetworkClient   : [Consumer clientId=consumer-tpa-pipeline-group-20, groupId=tpa-pipeline-group] Bootstrap broker localhost:9092 (id: -1 rack: null) disconnected
2026-05-16T20:01:36.974+05:30  WARN 16976 --- [ntainer#3-2-C-1] org.apache.kafka.clients.NetworkClient   : [Consumer clientId=consumer-tpa-pipeline-group-16, groupId=tpa-pipeline-group] Bootstrap broker localhost:9092 (id: -1 rack: null) disconnected
2026-05-16T20:01:36.974+05:30  WARN 16976 --- [tainer#11-0-C-1] org.apache.kafka.clients.NetworkClient   : [Consumer clientId=consumer-tpa-pipeline-group-23, groupId=tpa-pipeline-group] Connection to node -1 (localhost/127.0.0.1:9092) could not be established. Node may not be available.
2026-05-16T20:01:36.974+05:30  WARN 16976 --- [ntainer#7-2-C-1] org.apache.kafka.clients.NetworkClient   : [Consumer clientId=consumer-tpa-pipeline-group-6, groupId=tpa-pipeline-group] Bootstrap broker localhost:9092 (id: -1 rack: null) disconnected
2026-05-16T20:01:36.975+05:30  WARN 16976 --- [tainer#11-0-C-1] org.apache.kafka.clients.NetworkClient   : [Consumer clientId=consumer-tpa-pipeline-group-23, groupId=tpa-pipeline-group] Bootstrap broker localhost:9092 (id: -1 rack: null) disconnected
2026-05-16T20:01:36.974+05:30  WARN 16976 --- [tainer#10-2-C-1] org.apache.kafka.clients.NetworkClient   : [Consumer clientId=consumer-tpa-pipeline-group-31, groupId=tpa-pipeline-group] Connection to node -1 (localhost/127.0.0.1:9092) could not be established. Node may not be available.
2026-05-16T20:01:36.974+05:30  WARN 16976 --- [ntainer#6-1-C-1] org.apache.kafka.clients.NetworkClient   : [Consumer clientId=consumer-tpa-pipeline-group-2, groupId=tpa-pipeline-group] Connection to node -1 (localhost/127.0.0.1:9092) could not be established. Node may not be available.
2026-05-16T20:01:36.975+05:30  WARN 16976 --- [tainer#10-2-C-1] org.apache.kafka.clients.NetworkClient   : [Consumer clientId=consumer-tpa-pipeline-group-31, groupId=tpa-pipeline-group] Bootstrap broker localhost:9092 (id: -1 rack: null) disconnected
2026-05-16T20:01:36.974+05:30  WARN 16976 --- [ntainer#7-0-C-1] org.apache.kafka.clients.NetworkClient   : [Consumer clientId=consumer-tpa-pipeline-group-4, groupId=tpa-pipeline-group] Connection to node -1 (localhost/127.0.0.1:9092) could not be established. Node may not be available.
2026-05-16T20:01:36.974+05:30  WARN 16976 --- [ntainer#9-2-C-1] org.apache.kafka.clients.NetworkClient   : [Consumer clientId=consumer-tpa-pipeline-group-12, groupId=tpa-pipeline-group] Connection to node -1 (localhost/127.0.0.1:9092) could not be established. Node may not be available.
2026-05-16T20:01:36.975+05:30  WARN 16976 --- [ntainer#7-0-C-1] org.apache.kafka.clients.NetworkClient   : [Consumer clientId=consumer-tpa-pipeline-group-4, groupId=tpa-pipeline-group] Bootstrap broker localhost:9092 (id: -1 rack: null) disconnected
2026-05-16T20:01:36.975+05:30  WARN 16976 --- [ntainer#6-1-C-1] org.apache.kafka.clients.NetworkClient   : [Consumer clientId=consumer-tpa-pipeline-group-2, groupId=tpa-pipeline-group] Bootstrap broker localhost:9092 (id: -1 rack: null) disconnected
2026-05-16T20:01:36.975+05:30  WARN 16976 --- [ntainer#0-0-C-1] org.apache.kafka.clients.NetworkClient   : [Consumer clientId=consumer-tpa-group-27, groupId=tpa-group] Connection to node -1 (localhost/127.0.0.1:9092) could not be established. Node may not be available.
2026-05-16T20:01:36.975+05:30  WARN 16976 --- [ntainer#8-1-C-1] org.apache.kafka.clients.NetworkClient   : [Consumer clientId=consumer-tpa-pipeline-group-8, groupId=tpa-pipeline-group] Connection to node -1 (localhost/127.0.0.1:9092) could not be established. Node may not be available.
2026-05-16T20:01:36.975+05:30  WARN 16976 --- [ntainer#0-0-C-1] org.apache.kafka.clients.NetworkClient   : [Consumer clientId=consumer-tpa-group-27, groupId=tpa-group] Bootstrap broker localhost:9092 (id: -1 rack: null) disconnected
2026-05-16T20:01:36.975+05:30  WARN 16976 --- [ntainer#9-2-C-1] org.apache.kafka.clients.NetworkClient   : [Consumer clientId=consumer-tpa-pipeline-group-12, groupId=tpa-pipeline-group] Bootstrap broker localhost:9092 (id: -1 rack: null) disconnected
2026-05-16T20:01:36.975+05:30  WARN 16976 --- [ntainer#8-1-C-1] org.apache.kafka.clients.NetworkClient   : [Consumer clientId=consumer-tpa-pipeline-group-8, groupId=tpa-pipeline-group] Bootstrap broker localhost:9092 (id: -1 rack: null) disconnected
2026-05-16T20:01:36.989+05:30  WARN 16976 --- [ntainer#9-1-C-1] org.apache.kafka.clients.NetworkClient   : [Consumer clientId=consumer-tpa-pipeline-group-11, groupId=tpa-pipeline-group] Connection to node -1 (localhost/127.0.0.1:9092) could not be established. Node may not be available.
2026-05-16T20:01:36.989+05:30  WARN 16976 --- [ntainer#9-1-C-1] org.apache.kafka.clients.NetworkClient   : [Consumer clientId=consumer-tpa-pipeline-group-11, groupId=tpa-pipeline-group] Bootstrap broker localhost:9092 (id: -1 rack: null) disconnected
2026-05-16T20:01:36.993+05:30  WARN 16976 --- [ntainer#3-1-C-1] org.apache.kafka.clients.NetworkClient   : [Consumer clientId=consumer-tpa-pipeline-group-15, groupId=tpa-pipeline-group] Connection to node -1 (localhost/127.0.0.1:9092) could not be established. Node may not be available.
2026-05-16T20:01:36.993+05:30  WARN 16976 --- [ntainer#3-0-C-1] org.apache.kafka.clients.NetworkClient   : [Consumer clientId=consumer-tpa-pipeline-group-14, groupId=tpa-pipeline-group] Connection to node -1 (localhost/127.0.0.1:9092) could not be established. Node may not be available.
2026-05-16T20:01:36.993+05:30  WARN 16976 --- [ntainer#7-1-C-1] org.apache.kafka.clients.NetworkClient   : [Consumer clientId=consumer-tpa-pipeline-group-5, groupId=tpa-pipeline-group] Connection to node -1 (localhost/127.0.0.1:9092) could not be established. Node may not be available.
2026-05-16T20:01:36.993+05:30  WARN 16976 --- [ntainer#4-2-C-1] org.apache.kafka.clients.NetworkClient   : [Consumer clientId=consumer-tpa-pipeline-group-19, groupId=tpa-pipeline-group] Connection to node -1 (localhost/127.0.0.1:9092) could not be established. Node may not be available.
2026-05-16T20:01:36.994+05:30  WARN 16976 --- [ntainer#3-1-C-1] org.apache.kafka.clients.NetworkClient   : [Consumer clientId=consumer-tpa-pipeline-group-15, groupId=tpa-pipeline-group] Bootstrap broker localhost:9092 (id: -1 rack: null) disconnected
2026-05-16T20:01:36.994+05:30  WARN 16976 --- [ntainer#3-0-C-1] org.apache.kafka.clients.NetworkClient   : [Consumer clientId=consumer-tpa-pipeline-group-14, groupId=tpa-pipeline-group] Bootstrap broker localhost:9092 (id: -1 rack: null) disconnected
2026-05-16T20:01:36.994+05:30  WARN 16976 --- [ntainer#7-1-C-1] org.apache.kafka.clients.NetworkClient   : [Consumer clientId=consumer-tpa-pipeline-group-5, groupId=tpa-pipeline-group] Bootstrap broker localhost:9092 (id: -1 rack: null) disconnected
2026-05-16T20:01:36.994+05:30  WARN 16976 --- [ntainer#4-2-C-1] org.apache.kafka.clients.NetworkClient   : [Consumer clientId=consumer-tpa-pipeline-group-19, groupId=tpa-pipeline-group] Bootstrap broker localhost:9092 (id: -1 rack: null) disconnected
2026-05-16T20:01:37.020+05:30  WARN 16976 --- [ntainer#4-1-C-1] org.apache.kafka.clients.NetworkClient   : [Consumer clientId=consumer-tpa-pipeline-group-18, groupId=tpa-pipeline-group] Connection to node -1 (localhost/127.0.0.1:9092) could not be established. Node may not be available.
2026-05-16T20:01:37.020+05:30  WARN 16976 --- [ntainer#5-1-C-1] org.apache.kafka.clients.NetworkClient   : [Consumer clientId=consumer-tpa-pipeline-group-21, groupId=tpa-pipeline-group] Connection to node -1 (localhost/127.0.0.1:9092) could not be established. Node may not be available.
2026-05-16T20:01:37.020+05:30  WARN 16976 --- [ntainer#4-1-C-1] org.apache.kafka.clients.NetworkClient   : [Consumer clientId=consumer-tpa-pipeline-group-18, groupId=tpa-pipeline-group] Bootstrap broker localhost:9092 (id: -1 rack: null) disconnected
2026-05-16T20:01:37.020+05:30  WARN 16976 --- [ntainer#1-0-C-1] org.apache.kafka.clients.NetworkClient   : [Consumer clientId=consumer-tpa-group-28, groupId=tpa-group] Connection to node -1 (localhost/127.0.0.1:9092) could not be established. Node may not be available.
2026-05-16T20:01:37.020+05:30  WARN 16976 --- [ntainer#5-1-C-1] org.apache.kafka.clients.NetworkClient   : [Consumer clientId=consumer-tpa-pipeline-group-21, groupId=tpa-pipeline-group] Bootstrap broker localhost:9092 (id: -1 rack: null) disconnected
2026-05-16T20:01:37.020+05:30  WARN 16976 --- [ntainer#1-0-C-1] org.apache.kafka.clients.NetworkClient   : [Consumer clientId=consumer-tpa-group-28, groupId=tpa-group] Bootstrap broker localhost:9092 (id: -1 rack: null) disconnected
2026-05-16T20:01:37.036+05:30  WARN 16976 --- [ntainer#2-0-C-1] org.apache.kafka.clients.NetworkClient   : [Consumer clientId=consumer-tpa-dlq-group-13, groupId=tpa-dlq-group] Connection to node -1 (localhost/127.0.0.1:9092) could not be established. Node may not be available.
2026-05-16T20:01:37.036+05:30  WARN 16976 --- [ntainer#6-2-C-1] org.apache.kafka.clients.NetworkClient   : [Consumer clientId=consumer-tpa-pipeline-group-3, groupId=tpa-pipeline-group] Connection to node -1 (localhost/127.0.0.1:9092) could not be established. Node may not be available.
2026-05-16T20:01:37.036+05:30  WARN 16976 --- [ntainer#2-0-C-1] org.apache.kafka.clients.NetworkClient   : [Consumer clientId=consumer-tpa-dlq-group-13, groupId=tpa-dlq-group] Bootstrap broker localhost:9092 (id: -1 rack: null) disconnected
2026-05-16T20:01:37.036+05:30  WARN 16976 --- [ntainer#6-2-C-1] org.apache.kafka.clients.NetworkClient   : [Consumer clientId=consumer-tpa-pipeline-group-3, groupId=tpa-pipeline-group] Bootstrap broker localhost:9092 (id: -1 rack: null) disconnected
2026-05-16T20:01:37.130+05:30 ERROR 16976 --- [           main] c.tpa.exception.GlobalExceptionHandler   : Unhandled exception [RuntimeException]: Claim not found

java.lang.RuntimeException: Claim not found
	at com.tpa.service.impl.ClaimServiceImpl.lambda$getClaim$4(ClaimServiceImpl.java:138) ~[classes/:na]
	at java.base/java.util.Optional.orElseThrow(Optional.java:403) ~[na:na]
	at com.tpa.service.impl.ClaimServiceImpl.getClaim(ClaimServiceImpl.java:138) ~[classes/:na]
	at java.base/jdk.internal.reflect.NativeMethodAccessorImpl.invoke0(Native Method) ~[na:na]
	at java.base/jdk.internal.reflect.NativeMethodAccessorImpl.invoke(NativeMethodAccessorImpl.java:77) ~[na:na]
	at java.base/jdk.internal.reflect.DelegatingMethodAccessorImpl.invoke(DelegatingMethodAccessorImpl.java:43) ~[na:na]
	at java.base/java.lang.reflect.Method.invoke(Method.java:569) ~[na:na]
	at org.springframework.aop.support.AopUtils.invokeJoinpointUsingReflection(AopUtils.java:359) ~[spring-aop-6.2.6.jar:6.2.6]
	at org.springframework.aop.framework.ReflectiveMethodInvocation.invokeJoinpoint(ReflectiveMethodInvocation.java:196) ~[spring-aop-6.2.6.jar:6.2.6]
	at org.springframework.aop.framework.ReflectiveMethodInvocation.proceed(ReflectiveMethodInvocation.java:163) ~[spring-aop-6.2.6.jar:6.2.6]
	at org.springframework.transaction.interceptor.TransactionAspectSupport.invokeWithinTransaction(TransactionAspectSupport.java:380) ~[spring-tx-6.2.6.jar:6.2.6]
	at org.springframework.transaction.interceptor.TransactionInterceptor.invoke(TransactionInterceptor.java:119) ~[spring-tx-6.2.6.jar:6.2.6]
	at org.springframework.aop.framework.ReflectiveMethodInvocation.proceed(ReflectiveMethodInvocation.java:184) ~[spring-aop-6.2.6.jar:6.2.6]
	at org.springframework.aop.framework.CglibAopProxy$DynamicAdvisedInterceptor.intercept(CglibAopProxy.java:728) ~[spring-aop-6.2.6.jar:6.2.6]
	at com.tpa.service.impl.ClaimServiceImpl$$SpringCGLIB$$0.getClaim(<generated>) ~[classes/:na]
	at com.tpa.controller.ClaimController.getClaim(ClaimController.java:47) ~[classes/:na]
	at java.base/jdk.internal.reflect.NativeMethodAccessorImpl.invoke0(Native Method) ~[na:na]
	at java.base/jdk.internal.reflect.NativeMethodAccessorImpl.invoke(NativeMethodAccessorImpl.java:77) ~[na:na]
[...]
2026-05-16T20:01:37.254+05:30  WARN 16976 --- [ntainer#4-1-C-1] org.apache.kafka.clients.NetworkClient   : [Consumer clientId=consumer-tpa-pipeline-group-18, groupId=tpa-pipeline-group] Connection to node -1 (localhost/127.0.0.1:9092) could not be established. Node may not be available.
2026-05-16T20:01:37.254+05:30  WARN 16976 --- [ntainer#5-1-C-1] org.apache.kafka.clients.NetworkClient   : [Consumer clientId=consumer-tpa-pipeline-group-21, groupId=tpa-pipeline-group] Connection to node -1 (localhost/127.0.0.1:9092) could not be established. Node may not be available.
2026-05-16T20:01:37.254+05:30  WARN 16976 --- [ntainer#7-0-C-1] org.apache.kafka.clients.NetworkClient   : [Consumer clientId=consumer-tpa-pipeline-group-4, groupId=tpa-pipeline-group] Bootstrap broker localhost:9092 (id: -1 rack: null) disconnected
2026-05-16T20:01:37.254+05:30  WARN 16976 --- [ntainer#5-1-C-1] org.apache.kafka.clients.NetworkClient   : [Consumer clientId=consumer-tpa-pipeline-group-21, groupId=tpa-pipeline-group] Bootstrap broker localhost:9092 (id: -1 rack: null) disconnected
2026-05-16T20:01:37.254+05:30  WARN 16976 --- [ntainer#3-0-C-1] org.apache.kafka.clients.NetworkClient   : [Consumer clientId=consumer-tpa-pipeline-group-14, groupId=tpa-pipeline-group] Bootstrap broker localhost:9092 (id: -1 rack: null) disconnected
2026-05-16T20:01:37.254+05:30  WARN 16976 --- [ntainer#7-1-C-1] org.apache.kafka.clients.NetworkClient   : [Consumer clientId=consumer-tpa-pipeline-group-5, groupId=tpa-pipeline-group] Bootstrap broker localhost:9092 (id: -1 rack: null) disconnected
2026-05-16T20:01:37.254+05:30  WARN 16976 --- [ntainer#4-1-C-1] org.apache.kafka.clients.NetworkClient   : [Consumer clientId=consumer-tpa-pipeline-group-18, groupId=tpa-pipeline-group] Bootstrap broker localhost:9092 (id: -1 rack: null) disconnected
2026-05-16T20:01:37.254+05:30  WARN 16976 --- [ntainer#1-0-C-1] org.apache.kafka.clients.NetworkClient   : [Consumer clientId=consumer-tpa-group-28, groupId=tpa-group] Connection to node -1 (localhost/127.0.0.1:9092) could not be established. Node may not be available.
2026-05-16T20:01:37.254+05:30  WARN 16976 --- [ntainer#1-0-C-1] org.apache.kafka.clients.NetworkClient   : [Consumer clientId=consumer-tpa-group-28, groupId=tpa-group] Bootstrap broker localhost:9092 (id: -1 rack: null) disconnected
2026-05-16T20:01:37.286+05:30  WARN 16976 --- [ntainer#6-2-C-1] org.apache.kafka.clients.NetworkClient   : [Consumer clientId=consumer-tpa-pipeline-group-3, groupId=tpa-pipeline-group] Connection to node -1 (localhost/127.0.0.1:9092) could not be established. Node may not be available.
2026-05-16T20:01:37.287+05:30  WARN 16976 --- [ntainer#6-2-C-1] org.apache.kafka.clients.NetworkClient   : [Consumer clientId=consumer-tpa-pipeline-group-3, groupId=tpa-pipeline-group] Bootstrap broker localhost:9092 (id: -1 rack: null) disconnected
]]></system-out>
  </testcase>
  <testcase name="getClaimAudits_asAdmin_shouldReturn200WithAuditList" classname="com.tpa.controller.AdminAndIntegrationTest" time="0.222">
    <system-out><![CDATA[2026-05-16T20:01:37.503+05:30  WARN 16976 --- [ntainer#5-2-C-1] org.apache.kafka.clients.NetworkClient   : [Consumer clientId=consumer-tpa-pipeline-group-22, groupId=tpa-pipeline-group] Connection to node -1 (localhost/127.0.0.1:9092) could not be established. Node may not be available.
2026-05-16T20:01:37.504+05:30  WARN 16976 --- [ntainer#5-2-C-1] org.apache.kafka.clients.NetworkClient   : [Consumer clientId=consumer-tpa-pipeline-group-22, groupId=tpa-pipeline-group] Bootstrap broker localhost:9092 (id: -1 rack: null) disconnected
2026-05-16T20:01:37.550+05:30  WARN 16976 --- [ntainer#9-1-C-1] org.apache.kafka.clients.NetworkClient   : [Consumer clientId=consumer-tpa-pipeline-group-11, groupId=tpa-pipeline-group] Connection to node -1 (localhost/127.0.0.1:9092) could not be established. Node may not be available.
2026-05-16T20:01:37.550+05:30  WARN 16976 --- [ntainer#6-0-C-1] org.apache.kafka.clients.NetworkClient   : [Consumer clientId=consumer-tpa-pipeline-group-1, groupId=tpa-pipeline-group] Connection to node -1 (localhost/127.0.0.1:9092) could not be established. Node may not be available.
2026-05-16T20:01:37.550+05:30  WARN 16976 --- [ntainer#9-1-C-1] org.apache.kafka.clients.NetworkClient   : [Consumer clientId=consumer-tpa-pipeline-group-11, groupId=tpa-pipeline-group] Bootstrap broker localhost:9092 (id: -1 rack: null) disconnected
2026-05-16T20:01:37.550+05:30  WARN 16976 --- [ntainer#6-0-C-1] org.apache.kafka.clients.NetworkClient   : [Consumer clientId=consumer-tpa-pipeline-group-1, groupId=tpa-pipeline-group] Bootstrap broker localhost:9092 (id: -1 rack: null) disconnected
2026-05-16T20:01:37.564+05:30  WARN 16976 --- [ntainer#4-0-C-1] org.apache.kafka.clients.NetworkClient   : [Consumer clientId=consumer-tpa-pipeline-group-17, groupId=tpa-pipeline-group] Connection to node -1 (localhost/127.0.0.1:9092) could not be established. Node may not be available.
2026-05-16T20:01:37.565+05:30  WARN 16976 --- [ntainer#4-0-C-1] org.apache.kafka.clients.NetworkClient   : [Consumer clientId=consumer-tpa-pipeline-group-17, groupId=tpa-pipeline-group] Bootstrap broker localhost:9092 (id: -1 rack: null) disconnected
2026-05-16T20:01:37.579+05:30  WARN 16976 --- [tainer#10-2-C-1] org.apache.kafka.clients.NetworkClient   : [Consumer clientId=consumer-tpa-pipeline-group-31, groupId=tpa-pipeline-group] Connection to node -1 (localhost/127.0.0.1:9092) could not be established. Node may not be available.
2026-05-16T20:01:37.579+05:30  WARN 16976 --- [ntainer#9-0-C-1] org.apache.kafka.clients.NetworkClient   : [Consumer clientId=consumer-tpa-pipeline-group-10, groupId=tpa-pipeline-group] Connection to node -1 (localhost/127.0.0.1:9092) could not be established. Node may not be available.
2026-05-16T20:01:37.579+05:30  WARN 16976 --- [tainer#10-2-C-1] org.apache.kafka.clients.NetworkClient   : [Consumer clientId=consumer-tpa-pipeline-group-31, groupId=tpa-pipeline-group] Bootstrap broker localhost:9092 (id: -1 rack: null) disconnected
2026-05-16T20:01:37.579+05:30  WARN 16976 --- [ntainer#9-0-C-1] org.apache.kafka.clients.NetworkClient   : [Consumer clientId=consumer-tpa-pipeline-group-10, groupId=tpa-pipeline-group] Bootstrap broker localhost:9092 (id: -1 rack: null) disconnected
2026-05-16T20:01:37.594+05:30  WARN 16976 --- [ntainer#9-2-C-1] org.apache.kafka.clients.NetworkClient   : [Consumer clientId=consumer-tpa-pipeline-group-12, groupId=tpa-pipeline-group] Connection to node -1 (localhost/127.0.0.1:9092) could not be established. Node may not be available.
2026-05-16T20:01:37.594+05:30  WARN 16976 --- [ntainer#8-0-C-1] org.apache.kafka.clients.NetworkClient   : [Consumer clientId=consumer-tpa-pipeline-group-7, groupId=tpa-pipeline-group] Connection to node -1 (localhost/127.0.0.1:9092) could not be established. Node may not be available.
2026-05-16T20:01:37.595+05:30  WARN 16976 --- [ntainer#9-2-C-1] org.apache.kafka.clients.NetworkClient   : [Consumer clientId=consumer-tpa-pipeline-group-12, groupId=tpa-pipeline-group] Bootstrap broker localhost:9092 (id: -1 rack: null) disconnected
2026-05-16T20:01:37.595+05:30  WARN 16976 --- [ntainer#8-0-C-1] org.apache.kafka.clients.NetworkClient   : [Consumer clientId=consumer-tpa-pipeline-group-7, groupId=tpa-pipeline-group] Bootstrap broker localhost:9092 (id: -1 rack: null) disconnected
2026-05-16T20:01:37.610+05:30  WARN 16976 --- [tainer#12-0-C-1] org.apache.kafka.clients.NetworkClient   : [Consumer clientId=consumer-tpa-group-26, groupId=tpa-group] Connection to node -1 (localhost/127.0.0.1:9092) could not be established. Node may not be available.
2026-05-16T20:01:37.610+05:30  WARN 16976 --- [tainer#12-0-C-1] org.apache.kafka.clients.NetworkClient   : [Consumer clientId=consumer-tpa-group-26, groupId=tpa-group] Bootstrap broker localhost:9092 (id: -1 rack: null) disconnected
2026-05-16T20:01:37.610+05:30  WARN 16976 --- [ntainer#7-2-C-1] org.apache.kafka.clients.NetworkClient   : [Consumer clientId=consumer-tpa-pipeline-group-6, groupId=tpa-pipeline-group] Connection to node -1 (localhost/127.0.0.1:9092) could not be established. Node may not be available.
2026-05-16T20:01:37.610+05:30  WARN 16976 --- [tainer#10-0-C-1] org.apache.kafka.clients.NetworkClient   : [Consumer clientId=consumer-tpa-pipeline-group-29, groupId=tpa-pipeline-group] Connection to node -1 (localhost/127.0.0.1:9092) could not be established. Node may not be available.
2026-05-16T20:01:37.611+05:30  WARN 16976 --- [ntainer#7-2-C-1] org.apache.kafka.clients.NetworkClient   : [Consumer clientId=consumer-tpa-pipeline-group-6, groupId=tpa-pipeline-group] Bootstrap broker localhost:9092 (id: -1 rack: null) disconnected
2026-05-16T20:01:37.611+05:30  WARN 16976 --- [tainer#10-0-C-1] org.apache.kafka.clients.NetworkClient   : [Consumer clientId=consumer-tpa-pipeline-group-29, groupId=tpa-pipeline-group] Bootstrap broker localhost:9092 (id: -1 rack: null) disconnected
2026-05-16T20:01:37.611+05:30  WARN 16976 --- [tainer#11-1-C-1] org.apache.kafka.clients.NetworkClient   : [Consumer clientId=consumer-tpa-pipeline-group-24, groupId=tpa-pipeline-group] Connection to node -1 (localhost/127.0.0.1:9092) could not be established. Node may not be available.
2026-05-16T20:01:37.611+05:30  WARN 16976 --- [tainer#11-1-C-1] org.apache.kafka.clients.NetworkClient   : [Consumer clientId=consumer-tpa-pipeline-group-24, groupId=tpa-pipeline-group] Bootstrap broker localhost:9092 (id: -1 rack: null) disconnected
2026-05-16T20:01:37.624+05:30  WARN 16976 --- [ntainer#7-0-C-1] org.apache.kafka.clients.NetworkClient   : [Consumer clientId=consumer-tpa-pipeline-group-4, groupId=tpa-pipeline-group] Connection to node -1 (localhost/127.0.0.1:9092) could not be established. Node may not be available.
2026-05-16T20:01:37.624+05:30  WARN 16976 --- [ntainer#6-1-C-1] org.apache.kafka.clients.NetworkClient   : [Consumer clientId=consumer-tpa-pipeline-group-2, groupId=tpa-pipeline-group] Connection to node -1 (localhost/127.0.0.1:9092) could not be established. Node may not be available.
2026-05-16T20:01:37.624+05:30  WARN 16976 --- [ntainer#7-0-C-1] org.apache.kafka.clients.NetworkClient   : [Consumer clientId=consumer-tpa-pipeline-group-4, groupId=tpa-pipeline-group] Bootstrap broker localhost:9092 (id: -1 rack: null) disconnected
2026-05-16T20:01:37.624+05:30  WARN 16976 --- [ntainer#6-1-C-1] org.apache.kafka.clients.NetworkClient   : [Consumer clientId=consumer-tpa-pipeline-group-2, groupId=tpa-pipeline-group] Bootstrap broker localhost:9092 (id: -1 rack: null) disconnected
2026-05-16T20:01:37.639+05:30  WARN 16976 --- [ntainer#8-1-C-1] org.apache.kafka.clients.NetworkClient   : [Consumer clientId=consumer-tpa-pipeline-group-8, groupId=tpa-pipeline-group] Connection to node -1 (localhost/127.0.0.1:9092) could not be established. Node may not be available.
2026-05-16T20:01:37.639+05:30  WARN 16976 --- [ntainer#4-1-C-1] org.apache.kafka.clients.NetworkClient   : [Consumer clientId=consumer-tpa-pipeline-group-18, groupId=tpa-pipeline-group] Connection to node -1 (localhost/127.0.0.1:9092) could not be established. Node may not be available.
2026-05-16T20:01:37.639+05:30  WARN 16976 --- [ntainer#4-2-C-1] org.apache.kafka.clients.NetworkClient   : [Consumer clientId=consumer-tpa-pipeline-group-19, groupId=tpa-pipeline-group] Connection to node -1 (localhost/127.0.0.1:9092) could not be established. Node may not be available.
2026-05-16T20:01:37.640+05:30  WARN 16976 --- [ntainer#8-1-C-1] org.apache.kafka.clients.NetworkClient   : [Consumer clientId=consumer-tpa-pipeline-group-8, groupId=tpa-pipeline-group] Bootstrap broker localhost:9092 (id: -1 rack: null) disconnected
2026-05-16T20:01:37.639+05:30  WARN 16976 --- [tainer#11-0-C-1] org.apache.kafka.clients.NetworkClient   : [Consumer clientId=consumer-tpa-pipeline-group-23, groupId=tpa-pipeline-group] Connection to node -1 (localhost/127.0.0.1:9092) could not be established. Node may not be available.
2026-05-16T20:01:37.639+05:30  WARN 16976 --- [ntainer#3-2-C-1] org.apache.kafka.clients.NetworkClient   : [Consumer clientId=consumer-tpa-pipeline-group-16, groupId=tpa-pipeline-group] Connection to node -1 (localhost/127.0.0.1:9092) could not be established. Node may not be available.
2026-05-16T20:01:37.640+05:30  WARN 16976 --- [tainer#11-0-C-1] org.apache.kafka.clients.NetworkClient   : [Consumer clientId=consumer-tpa-pipeline-group-23, groupId=tpa-pipeline-group] Bootstrap broker localhost:9092 (id: -1 rack: null) disconnected
2026-05-16T20:01:37.639+05:30  WARN 16976 --- [ntainer#8-2-C-1] org.apache.kafka.clients.NetworkClient   : [Consumer clientId=consumer-tpa-pipeline-group-9, groupId=tpa-pipeline-group] Connection to node -1 (localhost/127.0.0.1:9092) could not be established. Node may not be available.
2026-05-16T20:01:37.640+05:30  WARN 16976 --- [ntainer#3-2-C-1] org.apache.kafka.clients.NetworkClient   : [Consumer clientId=consumer-tpa-pipeline-group-16, groupId=tpa-pipeline-group] Bootstrap broker localhost:9092 (id: -1 rack: null) disconnected
2026-05-16T20:01:37.640+05:30  WARN 16976 --- [ntainer#4-1-C-1] org.apache.kafka.clients.NetworkClient   : [Consumer clientId=consumer-tpa-pipeline-group-18, groupId=tpa-pipeline-group] Bootstrap broker localhost:9092 (id: -1 rack: null) disconnected
2026-05-16T20:01:37.640+05:30  WARN 16976 --- [ntainer#4-2-C-1] org.apache.kafka.clients.NetworkClient   : [Consumer clientId=consumer-tpa-pipeline-group-19, groupId=tpa-pipeline-group] Bootstrap broker localhost:9092 (id: -1 rack: null) disconnected
2026-05-16T20:01:37.640+05:30  WARN 16976 --- [ntainer#8-2-C-1] org.apache.kafka.clients.NetworkClient   : [Consumer clientId=consumer-tpa-pipeline-group-9, groupId=tpa-pipeline-group] Bootstrap broker localhost:9092 (id: -1 rack: null) disconnected
2026-05-16T20:01:37.655+05:30  WARN 16976 --- [tainer#10-1-C-1] org.apache.kafka.clients.NetworkClient   : [Consumer clientId=consumer-tpa-pipeline-group-30, groupId=tpa-pipeline-group] Connection to node -1 (localhost/127.0.0.1:9092) could not be established. Node may not be available.
2026-05-16T20:01:37.655+05:30  WARN 16976 --- [tainer#10-1-C-1] org.apache.kafka.clients.NetworkClient   : [Consumer clientId=consumer-tpa-pipeline-group-30, groupId=tpa-pipeline-group] Bootstrap broker localhost:9092 (id: -1 rack: null) disconnected
2026-05-16T20:01:37.670+05:30  WARN 16976 --- [ntainer#0-0-C-1] org.apache.kafka.clients.NetworkClient   : [Consumer clientId=consumer-tpa-group-27, groupId=tpa-group] Connection to node -1 (localhost/127.0.0.1:9092) could not be established. Node may not be available.
2026-05-16T20:01:37.670+05:30  WARN 16976 --- [ntainer#5-0-C-1] org.apache.kafka.clients.NetworkClient   : [Consumer clientId=consumer-tpa-pipeline-group-20, groupId=tpa-pipeline-group] Connection to node -1 (localhost/127.0.0.1:9092) could not be established. Node may not be available.
2026-05-16T20:01:37.670+05:30  WARN 16976 --- [ntainer#2-0-C-1] org.apache.kafka.clients.NetworkClient   : [Consumer clientId=consumer-tpa-dlq-group-13, groupId=tpa-dlq-group] Connection to node -1 (localhost/127.0.0.1:9092) could not be established. Node may not be available.
2026-05-16T20:01:37.671+05:30  WARN 16976 --- [ntainer#0-0-C-1] org.apache.kafka.clients.NetworkClient   : [Consumer clientId=consumer-tpa-group-27, groupId=tpa-group] Bootstrap broker localhost:9092 (id: -1 rack: null) disconnected
2026-05-16T20:01:37.671+05:30  WARN 16976 --- [ntainer#2-0-C-1] org.apache.kafka.clients.NetworkClient   : [Consumer clientId=consumer-tpa-dlq-group-13, groupId=tpa-dlq-group] Bootstrap broker localhost:9092 (id: -1 rack: null) disconnected
2026-05-16T20:01:37.671+05:30  WARN 16976 --- [ntainer#5-0-C-1] org.apache.kafka.clients.NetworkClient   : [Consumer clientId=consumer-tpa-pipeline-group-20, groupId=tpa-pipeline-group] Bootstrap broker localhost:9092 (id: -1 rack: null) disconnected
2026-05-16T20:01:37.686+05:30  WARN 16976 --- [ntainer#1-0-C-1] org.apache.kafka.clients.NetworkClient   : [Consumer clientId=consumer-tpa-group-28, groupId=tpa-group] Connection to node -1 (localhost/127.0.0.1:9092) could not be established. Node may not be available.
2026-05-16T20:01:37.686+05:30  WARN 16976 --- [ntainer#7-1-C-1] org.apache.kafka.clients.NetworkClient   : [Consumer clientId=consumer-tpa-pipeline-group-5, groupId=tpa-pipeline-group] Connection to node -1 (localhost/127.0.0.1:9092) could not be established. Node may not be available.
2026-05-16T20:01:37.686+05:30  WARN 16976 --- [ntainer#1-0-C-1] org.apache.kafka.clients.NetworkClient   : [Consumer clientId=consumer-tpa-group-28, groupId=tpa-group] Bootstrap broker localhost:9092 (id: -1 rack: null) disconnected
2026-05-16T20:01:37.686+05:30  WARN 16976 --- [ntainer#7-1-C-1] org.apache.kafka.clients.NetworkClient   : [Consumer clientId=consumer-tpa-pipeline-group-5, groupId=tpa-pipeline-group] Bootstrap broker localhost:9092 (id: -1 rack: null) disconnected
2026-05-16T20:01:37.701+05:30  WARN 16976 --- [tainer#11-2-C-1] org.apache.kafka.clients.NetworkClient   : [Consumer clientId=consumer-tpa-pipeline-group-25, groupId=tpa-pipeline-group] Connection to node -1 (localhost/127.0.0.1:9092) could not be established. Node may not be available.
2026-05-16T20:01:37.702+05:30  WARN 16976 --- [tainer#11-2-C-1] org.apache.kafka.clients.NetworkClient   : [Consumer clientId=consumer-tpa-pipeline-group-25, groupId=tpa-pipeline-group] Bootstrap broker localhost:9092 (id: -1 rack: null) disconnected
]]></system-out>
  </testcase>
  <testcase name="adminGetAllClaims_asPatient_shouldReturn403" classname="com.tpa.controller.AdminAndIntegrationTest" time="0.214">
    <system-out><![CDATA[2026-05-16T20:01:37.733+05:30  WARN 16976 --- [ntainer#3-1-C-1] org.apache.kafka.clients.NetworkClient   : [Consumer clientId=consumer-tpa-pipeline-group-15, groupId=tpa-pipeline-group] Connection to node -1 (localhost/127.0.0.1:9092) could not be established. Node may not be available.
2026-05-16T20:01:37.733+05:30  WARN 16976 --- [ntainer#3-0-C-1] org.apache.kafka.clients.NetworkClient   : [Consumer clientId=consumer-tpa-pipeline-group-14, groupId=tpa-pipeline-group] Connection to node -1 (localhost/127.0.0.1:9092) could not be established. Node may not be available.
2026-05-16T20:01:37.733+05:30  WARN 16976 --- [ntainer#3-1-C-1] org.apache.kafka.clients.NetworkClient   : [Consumer clientId=consumer-tpa-pipeline-group-15, groupId=tpa-pipeline-group] Bootstrap broker localhost:9092 (id: -1 rack: null) disconnected
2026-05-16T20:01:37.733+05:30  WARN 16976 --- [ntainer#3-0-C-1] org.apache.kafka.clients.NetworkClient   : [Consumer clientId=consumer-tpa-pipeline-group-14, groupId=tpa-pipeline-group] Bootstrap broker localhost:9092 (id: -1 rack: null) disconnected
2026-05-16T20:01:37.779+05:30  WARN 16976 --- [ntainer#5-1-C-1] org.apache.kafka.clients.NetworkClient   : [Consumer clientId=consumer-tpa-pipeline-group-21, groupId=tpa-pipeline-group] Connection to node -1 (localhost/127.0.0.1:9092) could not be established. Node may not be available.
2026-05-16T20:01:37.779+05:30  WARN 16976 --- [ntainer#5-1-C-1] org.apache.kafka.clients.NetworkClient   : [Consumer clientId=consumer-tpa-pipeline-group-21, groupId=tpa-pipeline-group] Bootstrap broker localhost:9092 (id: -1 rack: null) disconnected
2026-05-16T20:01:37.799+05:30  WARN 16976 --- [ntainer#6-2-C-1] org.apache.kafka.clients.NetworkClient   : [Consumer clientId=consumer-tpa-pipeline-group-3, groupId=tpa-pipeline-group] Connection to node -1 (localhost/127.0.0.1:9092) could not be established. Node may not be available.
2026-05-16T20:01:37.799+05:30  WARN 16976 --- [ntainer#6-2-C-1] org.apache.kafka.clients.NetworkClient   : [Consumer clientId=consumer-tpa-pipeline-group-3, groupId=tpa-pipeline-group] Bootstrap broker localhost:9092 (id: -1 rack: null) disconnected
]]></system-out>
  </testcase>
</testsuite>