<?xml version="1.0" encoding="UTF-8"?>
<testsuite xmlns:xsi="http://www.w3.org/2001/XMLSchema-instance" xsi:noNamespaceSchemaLocation="https://maven.apache.org/surefire/maven-surefire-plugin/xsd/surefire-test-report-3.0.xsd" version="3.0" name="com.tpa.controller.AdminAndIntegrationTest" time="12.259" tests="4" errors="0" skipped="0" failures="0">
  <properties>
[...]
</properties>
  <testcase name="getClaim_nonExistent_shouldReturn500" classname="com.tpa.controller.AdminAndIntegrationTest" time="0.417">
    <system-out><![CDATA[Standard Commons Logging discovery in action with spring-jcl: please remove commons-logging.jar from classpath in order to avoid potential conflicts
18:43:53.262 [main] INFO org.springframework.test.context.support.AnnotationConfigContextLoaderUtils -- Could not detect default configuration classes for test class [com.tpa.controller.AdminAndIntegrationTest]: AdminAndIntegrationTest does not declare any static, non-private, non-final, nested classes annotated with @Configuration.
18:43:53.389 [main] INFO org.springframework.boot.test.context.SpringBootTestContextBootstrapper -- Found @SpringBootConfiguration com.tpa.TpaApplication for test class com.tpa.controller.AdminAndIntegrationTest
 _______ ______ _______
|_     _|   __ \   _   |
  |   | |    __/       |
  |___| |___|  |___|___|

2026-05-25T18:43:53.709+05:30  WARN 31788 --- [           main] ory$DuplicateJsonObjectContextCustomizer : 

Found multiple occurrences of org.json.JSONObject on the class path:

	jar:file:/C:/Users/MithunM/.m2/repository/org/json/json/20231013/json-20231013.jar!/org/json/JSONObject.class
	jar:file:/C:/Users/MithunM/.m2/repository/com/vaadin/external/google/android-json/0.0.20131108.vaadin1/android-json-0.0.20131108.vaadin1.jar!/org/json/JSONObject.class

You may wish to exclude one of them to ensure predictable runtime behavior

2026-05-25T18:43:53.719+05:30 DEBUG 31788 --- [           main] o.s.boot.SpringApplication               : Loading source class com.tpa.TpaApplication
2026-05-25T18:43:53.868+05:30 DEBUG 31788 --- [           main] o.s.w.c.s.GenericWebApplicationContext   : Refreshing org.springframework.web.context.support.GenericWebApplicationContext@4a8df3e2
2026-05-25T18:43:55.255+05:30 DEBUG 31788 --- [           main] o.s.b.a.AutoConfigurationPackages        : @EnableAutoConfiguration was declared on a class in the package 'com.tpa'. Automatic @Repository and @Entity scanning is enabled.
2026-05-25T18:43:58.117+05:30  WARN 31788 --- [           main] org.hibernate.orm.deprecation            : HHH90000025: H2Dialect does not need to be specified explicitly using 'hibernate.dialect' (remove the property setting and it will be selected by default)
2026-05-25T18:43:59.030+05:30 DEBUG 31788 --- [           main] org.hibernate.SQL                        : drop table if exists audit_logs cascade 
2026-05-25T18:43:59.033+05:30 DEBUG 31788 --- [           main] org.hibernate.SQL                        : drop table if exists carrier_risk_assessment cascade 
2026-05-25T18:43:59.033+05:30 DEBUG 31788 --- [           main] org.hibernate.SQL                        : drop table if exists carriers cascade 
2026-05-25T18:43:59.033+05:30 DEBUG 31788 --- [           main] org.hibernate.SQL                        : drop table if exists claim_audits cascade 
2026-05-25T18:43:59.033+05:30 DEBUG 31788 --- [           main] org.hibernate.SQL                        : drop table if exists claim_documents cascade 
2026-05-25T18:43:59.033+05:30 DEBUG 31788 --- [           main] org.hibernate.SQL                        : drop table if exists claim_queries cascade 
2026-05-25T18:43:59.034+05:30 DEBUG 31788 --- [           main] org.hibernate.SQL                        : drop table if exists claim_status_timelines cascade 
2026-05-25T18:43:59.034+05:30 DEBUG 31788 --- [           main] org.hibernate.SQL                        : drop table if exists claims cascade 
2026-05-25T18:43:59.034+05:30 DEBUG 31788 --- [           main] org.hibernate.SQL                        : drop table if exists event_audit_logs cascade 
2026-05-25T18:43:59.034+05:30 DEBUG 31788 --- [           main] org.hibernate.SQL                        : drop table if exists insurance_products cascade 
2026-05-25T18:43:59.034+05:30 DEBUG 31788 --- [           main] org.hibernate.SQL                        : drop table if exists notifications cascade 
2026-05-25T18:43:59.034+05:30 DEBUG 31788 --- [           main] org.hibernate.SQL                        : drop table if exists patients cascade 
2026-05-25T18:43:59.034+05:30 DEBUG 31788 --- [           main] org.hibernate.SQL                        : drop table if exists payment_ledger cascade 
2026-05-25T18:43:59.034+05:30 DEBUG 31788 --- [           main] org.hibernate.SQL                        : drop table if exists payments cascade 
2026-05-25T18:43:59.035+05:30 DEBUG 31788 --- [           main] org.hibernate.SQL                        : drop table if exists refresh_tokens cascade 
2026-05-25T18:43:59.035+05:30 DEBUG 31788 --- [           main] org.hibernate.SQL                        : drop table if exists rule_configs cascade 
2026-05-25T18:43:59.035+05:30 DEBUG 31788 --- [           main] org.hibernate.SQL                        : drop table if exists rule_execution_audits cascade 
2026-05-25T18:43:59.035+05:30 DEBUG 31788 --- [           main] org.hibernate.SQL                        : drop table if exists tenants cascade 
2026-05-25T18:43:59.035+05:30 DEBUG 31788 --- [           main] org.hibernate.SQL                        : drop table if exists users cascade 
2026-05-25T18:43:59.037+05:30 DEBUG 31788 --- [           main] org.hibernate.SQL                        : create table audit_logs (new_status tinyint check (new_status between 0 and 10), previous_status tinyint check (previous_status between 0 and 10), claim_id bigint not null, id bigint generated by default as identity, timestamp timestamp(6) not null, integrity_hash varchar(64), previous_hash varchar(64), action varchar(255) not null, blockchain_hash varchar(255), details TEXT, performed_by varchar(255) not null, primary key (id))
2026-05-25T18:43:59.046+05:30 DEBUG 31788 --- [           main] org.hibernate.SQL                        : create table carrier_risk_assessment (ai_risk_score float(53), analyzed_at timestamp(6) not null, carrier_id bigint, id bigint generated by default as identity, ai_reasoning varchar(255), ai_recommendation enum ('MANUAL_REVIEW','REJECT','SAFE_TO_APPROVE'), ai_risk_status enum ('HIGH_RISK','LOW_RISK','MEDIUM_RISK'), primary key (id))
2026-05-25T18:43:59.047+05:30 DEBUG 31788 --- [           main] org.hibernate.SQL                        : create table carriers (ai_risk_score float(53), id bigint generated by default as identity, user_id bigint not null unique, company_name varchar(255) not null, company_type varchar(255) not null, license_number varchar(255) not null, registration_number varchar(255) not null unique, tax_id varchar(255) not null, website varchar(255), ai_recommendation enum ('MANUAL_REVIEW','REJECT','SAFE_TO_APPROVE'), ai_risk_status enum ('HIGH_RISK','LOW_RISK','MEDIUM_RISK'), primary key (id))
2026-05-25T18:43:59.049+05:30 DEBUG 31788 --- [           main] org.hibernate.SQL                        : create table claim_audits (changed_at timestamp(6) not null, claim_id bigint not null, id bigint generated by default as identity, notes varchar(1000), changed_by varchar(255) not null, new_status enum ('ADMIN_APPROVED','AI_VALIDATED','APPROVED','CANCELLED','CARRIER_APPROVED','PAYMENT_PENDING','REJECTED','SETTLED','SUBMITTED','UNDER_REVIEW','UNKNOWN') not null, previous_status enum ('ADMIN_APPROVED','AI_VALIDATED','APPROVED','CANCELLED','CARRIER_APPROVED','PAYMENT_PENDING','REJECTED','SETTLED','SUBMITTED','UNDER_REVIEW','UNKNOWN'), primary key (id))
2026-05-25T18:43:59.049+05:30 DEBUG 31788 --- [           main] org.hibernate.SQL                        : create table claim_documents (confidence_score integer, validation_status tinyint check (validation_status between 0 and 1), claim_id bigint not null, id bigint generated by default as identity, file_name varchar(255) not null, file_path varchar(255) not null, file_type varchar(255), validation_issues TEXT, type enum ('CLAIM_FORM','COMBINED_DOCUMENT','SUPPORTING_DOCUMENT') not null, primary key (id))
2026-05-25T18:43:59.050+05:30 DEBUG 31788 --- [           main] org.hibernate.SQL                        : create table claim_queries (is_carrier_query boolean not null, claim_id bigint not null, id bigint generated by default as identity, timestamp timestamp(6) not null, message TEXT not null, sender_username varchar(255) not null, primary key (id))
2026-05-25T18:43:59.051+05:30 DEBUG 31788 --- [           main] org.hibernate.SQL                        : create table claim_status_timelines (estimated_days_remaining integer, claim_id bigint not null, id bigint generated by default as identity, occurred_at timestamp(6) not null, notes varchar(1000), changed_by varchar(255), from_status varchar(255) not null, to_status varchar(255) not null, primary key (id))
2026-05-25T18:43:59.051+05:30 DEBUG 31788 --- [           main] org.hibernate.SQL                        : create table claims (admission_date date, amount float(53), bill_date date, discharge_date date, escalated boolean not null, fraud_score float(53), health_score float(53), risk_score float(53), total_bill_amount float(53), carrier_id bigint, created_date timestamp(6) not null, escalated_at timestamp(6), id bigint generated by default as identity, processed_date timestamp(6), reviewed_at timestamp(6), sla_deadline timestamp(6), user_id bigint not null, fraud_flags varchar(500), rejection_reason varchar(1000), review_notes varchar(1000), risk_flags varchar(1000), ai_summary varchar(2000), assigned_to varchar(255), bill_number varchar(255), carrier_name varchar(255), claim_type varchar(255), diagnosis varchar(255), escalation_reason varchar(255), hospital_name varchar(255), icd_code varchar(255), patient_name varchar(255), policy_id varchar(255), policy_name varchar(255), policy_number varchar(255) not null, reviewed_by varchar(255), tenant_id varchar(255), claim_status enum ('ADMIN_APPROVED','AI_VALIDATED','APPROVED','CANCELLED','CARRIER_APPROVED','PAYMENT_PENDING','REJECTED','SETTLED','SUBMITTED','UNDER_REVIEW','UNKNOWN') not null, risk_level enum ('HIGH','LOW','MEDIUM'), primary key (id))
2026-05-25T18:43:59.052+05:30 DEBUG 31788 --- [           main] org.hibernate.SQL                        : create table event_audit_logs (claim_status tinyint not null check (claim_status between 0 and 10), processed boolean not null, retry_count integer not null, claim_id bigint not null, id bigint generated by default as identity, processed_at timestamp(6), received_at timestamp(6) not null, error_details TEXT, event_id varchar(255) not null unique, message TEXT, metadata TEXT, stage varchar(255) not null, topic varchar(255), primary key (id))
2026-05-25T18:43:59.054+05:30 DEBUG 31788 --- [           main] org.hibernate.SQL                        : create table insurance_products (active boolean not null, coverage_amount float(53) not null, premium_amount float(53) not null, waiting_period_days integer not null, carrier_id bigint not null, id bigint generated by default as identity, product_code varchar(255) not null, product_name varchar(255) not null, policy_type enum ('CRITICAL_ILLNESS','FAMILY_FLOATER','GROUP_HEALTH','INDIVIDUAL_HEALTH','SENIOR_CITIZEN') not null, primary key (id))
2026-05-25T18:43:59.055+05:30 DEBUG 31788 --- [           main] org.hibernate.SQL                        : create table notifications (is_read boolean not null, created_at timestamp(6) not null, id bigint generated by default as identity, user_id bigint not null, message varchar(500) not null, target_url varchar(255), title varchar(255) not null, primary key (id))
2026-05-25T18:43:59.055+05:30 DEBUG 31788 --- [           main] org.hibernate.SQL                        : create table patients (id bigint generated by default as identity, user_id bigint not null unique, primary key (id))
2026-05-25T18:43:59.056+05:30 DEBUG 31788 --- [           main] org.hibernate.SQL                        : create table payment_ledger (amount float(53) not null, payment_status tinyint not null check (payment_status between 0 and 6), claim_id bigint not null, created_at timestamp(6) not null, id bigint generated by default as identity, payment_id bigint, integrity_hash varchar(64), currency varchar(255) not null, initiated_by varchar(255), notes TEXT, razorpay_order_id varchar(255), razorpay_payment_id varchar(255), payment_event_type enum ('PAYMENT_CREATED','PAYMENT_FAILED','PAYMENT_RECONCILED','PAYMENT_REFUNDED','PAYMENT_SUCCESS','PAYMENT_VERIFIED') not null, primary key (id))
2026-05-25T18:43:59.057+05:30 DEBUG 31788 --- [           main] org.hibernate.SQL                        : create table payments (amount float(53) not null, claim_id bigint not null, created_at timestamp(6) not null, id bigint generated by default as identity, user_id bigint not null, currency varchar(255) not null, razorpay_order_id varchar(255) unique, razorpay_payment_id varchar(255), razorpay_signature varchar(255), status enum ('CANCELLED','CREATED','FAILED','PAID','PENDING','REFUNDED','SUCCESS') not null, primary key (id))
2026-05-25T18:43:59.058+05:30 DEBUG 31788 --- [           main] org.hibernate.SQL                        : create table refresh_tokens (expiry_date timestamp(6) not null, id bigint generated by default as identity, user_id bigint, token varchar(255) not null unique, primary key (id))
2026-05-25T18:43:59.059+05:30 DEBUG 31788 --- [           main] org.hibernate.SQL                        : create table rule_configs (active boolean not null, priority integer not null, simulation_mode boolean not null, version integer not null, created_at timestamp(6) not null, id bigint generated by default as identity, updated_at timestamp(6) not null, category varchar(255), description varchar(255), groovy_script TEXT, last_updated_by varchar(255), rule_key varchar(255) not null unique, rule_type varchar(255) not null, rule_value varchar(255) not null, primary key (id))
2026-05-25T18:43:59.059+05:30 DEBUG 31788 --- [           main] org.hibernate.SQL                        : create table rule_execution_audits (fired boolean not null, input_status tinyint check (input_status between 0 and 10), output_status tinyint check (output_status between 0 and 10), rule_version integer, simulation boolean not null, claim_id bigint not null, executed_at timestamp(6) not null, execution_time_ms bigint, id bigint generated by default as identity, executed_by varchar(255), reasons TEXT, rule_key varchar(255) not null, rule_type varchar(255), primary key (id))
2026-05-25T18:43:59.060+05:30 DEBUG 31788 --- [           main] org.hibernate.SQL                        : create table tenants (active boolean not null, claims_quota_monthly integer not null, created_at timestamp(6) not null, id bigint generated by default as identity, config_json TEXT, contact_email varchar(255), logo_url varchar(255), name varchar(255) not null unique, slug varchar(255) not null unique, primary key (id))
2026-05-25T18:43:59.061+05:30 DEBUG 31788 --- [           main] org.hibernate.SQL                        : create table users (date_of_birth date not null, created_at timestamp(6) not null, id bigint generated by default as identity, address varchar(255) not null, email varchar(255) not null unique, password varchar(255) not null, phone_number varchar(255) not null unique, username varchar(255) not null, gender enum ('FEMALE','MALE'), user_role enum ('ADMIN','CARRIER','PATIENT','SPECIALIST'), user_status enum ('ACTIVE','BLOCKED','INACTIVE','PENDING','UNBLOCKED'), primary key (id))
2026-05-25T18:43:59.061+05:30 DEBUG 31788 --- [           main] org.hibernate.SQL                        : create index idx_al_claim_id on audit_logs (claim_id)
2026-05-25T18:43:59.061+05:30 DEBUG 31788 --- [           main] org.hibernate.SQL                        : create index idx_al_timestamp on audit_logs (timestamp)
2026-05-25T18:43:59.061+05:30 DEBUG 31788 --- [           main] org.hibernate.SQL                        : create index idx_al_action on audit_logs (action)
2026-05-25T18:43:59.061+05:30 DEBUG 31788 --- [           main] org.hibernate.SQL                        : create index idx_cst_claim_id on claim_status_timelines (claim_id)
2026-05-25T18:43:59.061+05:30 DEBUG 31788 --- [           main] org.hibernate.SQL                        : create index idx_cst_occurred_at on claim_status_timelines (occurred_at)
2026-05-25T18:43:59.061+05:30 DEBUG 31788 --- [           main] org.hibernate.SQL                        : create index idx_eal_claim_id on event_audit_logs (claim_id)
2026-05-25T18:43:59.061+05:30 DEBUG 31788 --- [           main] org.hibernate.SQL                        : create index idx_eal_stage on event_audit_logs (stage)
2026-05-25T18:43:59.061+05:30 DEBUG 31788 --- [           main] org.hibernate.SQL                        : create index idx_eal_processed on event_audit_logs (processed)
2026-05-25T18:43:59.061+05:30 DEBUG 31788 --- [           main] org.hibernate.SQL                        : create index idx_pl_claim_id on payment_ledger (claim_id)
2026-05-25T18:43:59.061+05:30 DEBUG 31788 --- [           main] org.hibernate.SQL                        : create index idx_pl_payment_id on payment_ledger (payment_id)
2026-05-25T18:43:59.061+05:30 DEBUG 31788 --- [           main] org.hibernate.SQL                        : create index idx_pl_event_type on payment_ledger (payment_event_type)
2026-05-25T18:43:59.061+05:30 DEBUG 31788 --- [           main] org.hibernate.SQL                        : create index idx_rule_key on rule_configs (rule_key)
2026-05-25T18:43:59.061+05:30 DEBUG 31788 --- [           main] org.hibernate.SQL                        : create index idx_rule_active on rule_configs (active)
2026-05-25T18:43:59.061+05:30 DEBUG 31788 --- [           main] org.hibernate.SQL                        : create index idx_rule_priority on rule_configs (priority)
2026-05-25T18:43:59.061+05:30 DEBUG 31788 --- [           main] org.hibernate.SQL                        : create index idx_rea_claim_id on rule_execution_audits (claim_id)
2026-05-25T18:43:59.061+05:30 DEBUG 31788 --- [           main] org.hibernate.SQL                        : create index idx_rea_rule_key on rule_execution_audits (rule_key)
2026-05-25T18:43:59.067+05:30 DEBUG 31788 --- [           main] org.hibernate.SQL                        : create index idx_rea_executed_at on rule_execution_audits (executed_at)
2026-05-25T18:43:59.067+05:30 DEBUG 31788 --- [           main] org.hibernate.SQL                        : create index idx_tenant_active on tenants (active)
2026-05-25T18:43:59.068+05:30 DEBUG 31788 --- [           main] org.hibernate.SQL                        : alter table if exists carrier_risk_assessment add constraint FKd400054jg7gc3ojp4l1so46jk foreign key (carrier_id) references carriers
2026-05-25T18:43:59.070+05:30 DEBUG 31788 --- [           main] org.hibernate.SQL                        : alter table if exists carriers add constraint FKg7pq2i62vx96x4qyiq91ffsom foreign key (user_id) references users
2026-05-25T18:43:59.070+05:30 DEBUG 31788 --- [           main] org.hibernate.SQL                        : alter table if exists claim_audits add constraint FKq4t2x7babduwiemgogrg53c0h foreign key (claim_id) references claims
2026-05-25T18:43:59.070+05:30 DEBUG 31788 --- [           main] org.hibernate.SQL                        : alter table if exists claim_documents add constraint FK1wmywqj1uideimwd7pdc8rxh4 foreign key (claim_id) references claims
2026-05-25T18:43:59.070+05:30 DEBUG 31788 --- [           main] org.hibernate.SQL                        : alter table if exists claim_queries add constraint FKfjwn0hfu880a52rnr3vpnug5l foreign key (claim_id) references claims
2026-05-25T18:43:59.070+05:30 DEBUG 31788 --- [           main] org.hibernate.SQL                        : alter table if exists claims add constraint FKfurf0irbhi1p3uibcy49um1qm foreign key (carrier_id) references carriers
2026-05-25T18:43:59.077+05:30 DEBUG 31788 --- [           main] org.hibernate.SQL                        : alter table if exists claims add constraint FKpa11rhvbu0t3yoouw2m6k15ic foreign key (user_id) references users
2026-05-25T18:43:59.078+05:30 DEBUG 31788 --- [           main] org.hibernate.SQL                        : alter table if exists insurance_products add constraint FK1oxv5shgjqlolhwobyme39qlu foreign key (carrier_id) references carriers
2026-05-25T18:43:59.080+05:30 DEBUG 31788 --- [           main] org.hibernate.SQL                        : alter table if exists notifications add constraint FK9y21adhxn0ayjhfocscqox7bh foreign key (user_id) references users
2026-05-25T18:43:59.081+05:30 DEBUG 31788 --- [           main] org.hibernate.SQL                        : alter table if exists patients add constraint FKuwca24wcd1tg6pjex8lmc0y7 foreign key (user_id) references users
2026-05-25T18:43:59.082+05:30 DEBUG 31788 --- [           main] org.hibernate.SQL                        : alter table if exists refresh_tokens add constraint FK1lih5y2npsf8u5o3vhdb9y0os foreign key (user_id) references users
2026-05-25T18:44:01.910+05:30  WARN 31788 --- [           main] r$InitializeUserDetailsManagerConfigurer : Global AuthenticationManager configured with an AuthenticationProvider bean. UserDetailsService beans will not be used by Spring Security for automatically configuring username/password login. Consider removing the AuthenticationProvider bean. Alternatively, consider using the UserDetailsService in a manually instantiated DaoAuthenticationProvider. If the current configuration is intentional, to turn off this warning, increase the logging level of 'org.springframework.security.config.annotation.authentication.configuration.InitializeUserDetailsBeanManagerConfigurer' to ERROR
2026-05-25T18:44:02.497+05:30  WARN 31788 --- [           main] JpaBaseConfiguration$JpaWebConfiguration : spring.jpa.open-in-view is enabled by default. Therefore, database queries may be performed during view rendering. Explicitly configure spring.jpa.open-in-view to disable this warning
2026-05-25T18:44:02.638+05:30 DEBUG 31788 --- [           main] o.s.w.s.s.s.WebSocketHandlerMapping      : Patterns [/ws/**] in 'stompWebSocketHandlerMapping'
2026-05-25T18:44:02.748+05:30 DEBUG 31788 --- [           main] s.w.s.m.m.a.RequestMappingHandlerMapping : 121 mappings in 'requestMappingHandlerMapping'
2026-05-25T18:44:02.857+05:30 DEBUG 31788 --- [           main] o.s.w.s.handler.SimpleUrlHandlerMapping  : Patterns [/webjars/**, /**, /uploads/**, /swagger-ui*/*swagger-initializer.js, /swagger-ui*/**] in 'resourceHandlerMapping'
2026-05-25T18:44:02.967+05:30  INFO 31788 --- [           main] o.s.b.a.e.web.EndpointLinksResolver      : Exposing 1 endpoint beneath base path '/actuator'
2026-05-25T18:44:03.111+05:30 DEBUG 31788 --- [           main] .WebSocketAnnotationMethodMessageHandler : 
	c.t.c.AdminController:
	
2026-05-25T18:44:03.111+05:30 DEBUG 31788 --- [           main] .WebSocketAnnotationMethodMessageHandler : 
	c.t.c.AiClaimAssistantController:
	
2026-05-25T18:44:03.111+05:30 DEBUG 31788 --- [           main] .WebSocketAnnotationMethodMessageHandler : 
	c.t.c.AnalyticsController:
	
2026-05-25T18:44:03.111+05:30 DEBUG 31788 --- [           main] .WebSocketAnnotationMethodMessageHandler : 
	c.t.c.AuditLogController:
	
2026-05-25T18:44:03.111+05:30 DEBUG 31788 --- [           main] .WebSocketAnnotationMethodMessageHandler : 
	c.t.c.AuthController:
	
2026-05-25T18:44:03.111+05:30 DEBUG 31788 --- [           main] .WebSocketAnnotationMethodMessageHandler : 
	c.t.c.CarrierController:
	
2026-05-25T18:44:03.111+05:30 DEBUG 31788 --- [           main] .WebSocketAnnotationMethodMessageHandler : 
	c.t.c.ClaimController:
	
2026-05-25T18:44:03.111+05:30 DEBUG 31788 --- [           main] .WebSocketAnnotationMethodMessageHandler : 
	c.t.c.FileUploadController:
	
2026-05-25T18:44:03.111+05:30 DEBUG 31788 --- [           main] .WebSocketAnnotationMethodMessageHandler : 
	c.t.c.FraudDetectionController:
	
2026-05-25T18:44:03.111+05:30 DEBUG 31788 --- [           main] .WebSocketAnnotationMethodMessageHandler : 
	c.t.c.KafkaMonitorController:
	
2026-05-25T18:44:03.111+05:30 DEBUG 31788 --- [           main] .WebSocketAnnotationMethodMessageHandler : 
	c.t.c.MedicalValidationController:
	
2026-05-25T18:44:03.111+05:30 DEBUG 31788 --- [           main] .WebSocketAnnotationMethodMessageHandler : 
	c.t.c.NotificationController:
	
2026-05-25T18:44:03.112+05:30 DEBUG 31788 --- [           main] .WebSocketAnnotationMethodMessageHandler : 
	c.t.c.PaymentController:
	
2026-05-25T18:44:03.112+05:30 DEBUG 31788 --- [           main] .WebSocketAnnotationMethodMessageHandler : 
	c.t.c.RuleEngineController:
	
2026-05-25T18:44:03.112+05:30 DEBUG 31788 --- [           main] .WebSocketAnnotationMethodMessageHandler : 
	c.t.c.UserController:
	
2026-05-25T18:44:03.112+05:30 DEBUG 31788 --- [           main] .WebSocketAnnotationMethodMessageHandler : 
	o.s.b.a.w.s.e.BasicErrorController:
	
2026-05-25T18:44:03.113+05:30 DEBUG 31788 --- [           main] .WebSocketAnnotationMethodMessageHandler : 
	o.s.w.a.OpenApiWebMvcResource:
	
2026-05-25T18:44:03.113+05:30 DEBUG 31788 --- [           main] .WebSocketAnnotationMethodMessageHandler : 
	o.s.w.u.SwaggerWelcomeWebMvc:
	
2026-05-25T18:44:03.113+05:30 DEBUG 31788 --- [           main] .WebSocketAnnotationMethodMessageHandler : 
	o.s.w.u.SwaggerConfigResource:
	
2026-05-25T18:44:03.241+05:30 DEBUG 31788 --- [           main] s.w.s.m.m.a.RequestMappingHandlerAdapter : ControllerAdvice beans: 0 @ModelAttribute, 0 @InitBinder, 1 RequestBodyAdvice, 1 ResponseBodyAdvice
2026-05-25T18:44:03.275+05:30 DEBUG 31788 --- [           main] .m.m.a.ExceptionHandlerExceptionResolver : ControllerAdvice beans: 2 @ExceptionHandler, 1 ResponseBodyAdvice
2026-05-25T18:44:03.784+05:30 DEBUG 31788 --- [           main] o.s.b.w.s.ServletContextInitializerBeans : Mapping filters: webMvcObservationFilter urls=[/*] order=-2147483647, springSecurityFilterChain urls=[/*] order=-100, characterEncodingFilter urls=[/*] order=-2147483648, formContentFilter urls=[/*] order=-9900, requestContextFilter urls=[/*] order=-105, tenantFilter urls=[/*] order=1, jwtAuthFilter urls=[/*] order=2147483647
2026-05-25T18:44:03.784+05:30 DEBUG 31788 --- [           main] o.s.b.w.s.ServletContextInitializerBeans : Mapping servlets: 
2026-05-25T18:44:03.799+05:30 DEBUG 31788 --- [           main] s.b.w.s.f.OrderedCharacterEncodingFilter : Filter 'characterEncodingFilter' configured for use
2026-05-25T18:44:03.800+05:30 DEBUG 31788 --- [           main] o.s.w.f.ServerHttpObservationFilter      : Filter 'webMvcObservationFilter' configured for use
2026-05-25T18:44:03.800+05:30 DEBUG 31788 --- [           main] o.s.b.w.s.f.OrderedFormContentFilter     : Filter 'formContentFilter' configured for use
2026-05-25T18:44:03.800+05:30 DEBUG 31788 --- [           main] o.s.b.w.s.f.OrderedRequestContextFilter  : Filter 'requestContextFilter' configured for use
2026-05-25T18:44:03.800+05:30 DEBUG 31788 --- [           main] .DelegatingFilterProxyRegistrationBean$1 : Filter 'springSecurityFilterChain' configured for use
2026-05-25T18:44:03.800+05:30  INFO 31788 --- [           main] o.s.b.t.m.w.SpringBootMockServletContext : Initializing Spring TestDispatcherServlet ''
2026-05-25T18:44:04.173+05:30  WARN 31788 --- [| adminclient-1] o.a.k.clients.admin.KafkaAdminClient     : [AdminClient clientId=adminclient-1] The DescribeTopicPartitions API is not supported, using Metadata API to describe topics.
2026-05-25T18:44:04.185+05:30 DEBUG 31788 --- [           main] org.springframework.web.SimpLogging      : clientOutboundChannel added SubProtocolWebSocketHandler[StompSubProtocolHandler[v10.stomp, v11.stomp, v12.stomp]]
2026-05-25T18:44:04.185+05:30 DEBUG 31788 --- [           main] org.springframework.web.SimpLogging      : clientInboundChannel added WebSocketAnnotationMethodMessageHandler[prefixes=[/app/]]
2026-05-25T18:44:04.185+05:30  INFO 31788 --- [           main] org.springframework.web.SimpLogging      : Starting...
2026-05-25T18:44:04.185+05:30 DEBUG 31788 --- [           main] org.springframework.web.SimpLogging      : clientInboundChannel added SimpleBrokerMessageHandler [org.springframework.messaging.simp.broker.DefaultSubscriptionRegistry@2608f139]
2026-05-25T18:44:04.185+05:30 DEBUG 31788 --- [           main] org.springframework.web.SimpLogging      : brokerChannel added SimpleBrokerMessageHandler [org.springframework.messaging.simp.broker.DefaultSubscriptionRegistry@2608f139]
2026-05-25T18:44:04.185+05:30  INFO 31788 --- [           main] org.springframework.web.SimpLogging      : BrokerAvailabilityEvent[available=true, SimpleBrokerMessageHandler [org.springframework.messaging.simp.broker.DefaultSubscriptionRegistry@2608f139]]
2026-05-25T18:44:04.186+05:30  INFO 31788 --- [           main] org.springframework.web.SimpLogging      : Started.
2026-05-25T18:44:04.186+05:30 DEBUG 31788 --- [           main] org.springframework.web.SimpLogging      : clientInboundChannel added UserDestinationMessageHandler[DefaultUserDestinationResolver[prefix=/user/]]
2026-05-25T18:44:04.186+05:30 DEBUG 31788 --- [           main] org.springframework.web.SimpLogging      : brokerChannel added UserDestinationMessageHandler[DefaultUserDestinationResolver[prefix=/user/]]
2026-05-25T18:44:04.418+05:30 DEBUG 31788 --- [           main] .s.b.a.l.ConditionEvaluationReportLogger : 


============================
CONDITIONS EVALUATION REPORT
============================


Positive matches:
-----------------

   AopAutoConfiguration matched:
      - @ConditionalOnProperty (spring.aop.auto=true) matched (OnPropertyCondition)

   AopAutoConfiguration.AspectJAutoProxyingConfiguration matched:
      - @ConditionalOnClass found required class 'org.aspectj.weaver.Advice' (OnClassCondition)

   AopAutoConfiguration.AspectJAutoProxyingConfiguration.CglibAutoProxyConfiguration matched:
      - @ConditionalOnProperty (spring.aop.proxy-target-class=true) matched (OnPropertyCondition)

   ApplicationAvailabilityAutoConfiguration#applicationAvailability matched:
      - @ConditionalOnMissingBean (types: org.springframework.boot.availability.ApplicationAvailability; SearchStrategy: all) did not find any beans (OnBeanCondition)

   CacheMeterBinderProvidersConfiguration matched:
      - @ConditionalOnClass found required class 'io.micrometer.core.instrument.binder.MeterBinder' (OnClassCondition)

   CacheMeterBinderProvidersConfiguration.RedisCacheMeterBinderProviderConfiguration matched:
      - @ConditionalOnClass found required class 'org.springframework.data.redis.cache.RedisCache' (OnClassCondition)

   CacheMetricsAutoConfiguration matched:
      - @ConditionalOnBean (types: org.springframework.cache.CacheManager; SearchStrategy: all) found bean 'cacheManager' (OnBeanCondition)

   CacheMetricsRegistrarConfiguration matched:
      - @ConditionalOnBean (types: org.springframework.boot.actuate.metrics.cache.CacheMeterBinderProvider,io.micrometer.core.instrument.MeterRegistry; SearchStrategy: all) found beans 'simpleMeterRegistry', 'redisCacheMeterBinderProvider' (OnBeanCondition)

   ChatClientAutoConfiguration matched:
      - @ConditionalOnClass found required class 'org.springframework.ai.chat.client.ChatClient' (OnClassCondition)
      - @ConditionalOnProperty (spring.ai.chat.client.enabled=true) matched (OnPropertyCondition)

   ChatClientAutoConfiguration#chatClientBuilder matched:
      - @ConditionalOnMissingBean (types: org.springframework.ai.chat.client.ChatClient$Builder; SearchStrategy: all) did not find any beans (OnBeanCondition)

   ChatClientAutoConfiguration#chatClientBuilderConfigurer matched:
      - @ConditionalOnMissingBean (types: org.springframework.ai.model.chat.client.autoconfigure.ChatClientBuilderConfigurer; SearchStrategy: all) did not find any beans (OnBeanCondition)

   ChatClientAutoConfiguration.TracerNotPresentObservationConfiguration matched:
      - @ConditionalOnMissingClass did not find unwanted class 'io.micrometer.tracing.Tracer' (OnClassCondition)

   ChatMemoryAutoConfiguration matched:
      - @ConditionalOnClass found required classes 'org.springframework.ai.chat.memory.ChatMemory', 'org.springframework.ai.chat.memory.ChatMemoryRepository' (OnClassCondition)

   ChatMemoryAutoConfiguration#chatMemory matched:
      - @ConditionalOnMissingBean (types: org.springframework.ai.chat.memory.ChatMemory; SearchStrategy: all) did not find any beans (OnBeanCondition)

   ChatMemoryAutoConfiguration#chatMemoryRepository matched:
      - @ConditionalOnMissingBean (types: org.springframework.ai.chat.memory.ChatMemoryRepository; SearchStrategy: all) did not find any beans (OnBeanCondition)

   ChatObservationAutoConfiguration matched:
      - @ConditionalOnClass found required class 'org.springframework.ai.chat.model.ChatModel' (OnClassCondition)

   ChatObservationAutoConfiguration#chatModelMeterObservationHandler matched:
      - @ConditionalOnBean (types: io.micrometer.core.instrument.MeterRegistry; SearchStrategy: all) found bean 'simpleMeterRegistry'; @ConditionalOnMissingBean (types: org.springframework.ai.chat.observation.ChatModelMeterObservationHandler; SearchStrategy: all) did not find any beans (OnBeanCondition)

   ChatObservationAutoConfiguration.TracerNotPresentObservationConfiguration matched:
      - @ConditionalOnMissingClass did not find unwanted class 'io.micrometer.tracing.Tracer' (OnClassCondition)

   ClientHttpConnectorAutoConfiguration matched:
      - @ConditionalOnClass found required class 'org.springframework.web.reactive.function.client.WebClient' (OnClassCondition)

   ClientHttpConnectorAutoConfiguration#webClientHttpConnector matched:
      - @ConditionalOnMissingBean (types: org.springframework.http.client.reactive.ClientHttpConnector; SearchStrategy: all) did not find any beans (OnBeanCondition)

   ClientHttpConnectorAutoConfiguration#webClientHttpConnectorCustomizer matched:
      - @ConditionalOnBean (types: org.springframework.http.client.reactive.ClientHttpConnector; SearchStrategy: all) found bean 'webClientHttpConnector' (OnBeanCondition)

   ClientHttpConnectorFactoryConfiguration.ReactorNetty matched:
      - @ConditionalOnClass found required class 'reactor.netty.http.client.HttpClient' (OnClassCondition)
      - @ConditionalOnMissingBean (types: org.springframework.boot.autoconfigure.web.reactive.function.client.ClientHttpConnectorFactory; SearchStrategy: all) did not find any beans (OnBeanCondition)

   CodecsAutoConfiguration matched:
      - @ConditionalOnClass found required classes 'org.springframework.http.codec.CodecConfigurer', 'org.springframework.web.reactive.function.client.WebClient' (OnClassCondition)

   CodecsAutoConfiguration.JacksonCodecConfiguration matched:
      - @ConditionalOnClass found required class 'com.fasterxml.jackson.databind.ObjectMapper' (OnClassCondition)

   CodecsAutoConfiguration.JacksonCodecConfiguration#jacksonCodecCustomizer matched:
      - @ConditionalOnBean (types: com.fasterxml.jackson.databind.ObjectMapper; SearchStrategy: all) found bean 'jacksonObjectMapper' (OnBeanCondition)

   CompositeMeterRegistryAutoConfiguration matched:
      - @ConditionalOnClass found required class 'io.micrometer.core.instrument.composite.CompositeMeterRegistry' (OnClassCondition)

   DataSourceAutoConfiguration matched:
      - @ConditionalOnClass found required classes 'javax.sql.DataSource', 'org.springframework.jdbc.datasource.embedded.EmbeddedDatabaseType' (OnClassCondition)
      - @ConditionalOnMissingBean (types: io.r2dbc.spi.ConnectionFactory; SearchStrategy: all) did not find any beans (OnBeanCondition)

   DataSourceAutoConfiguration.PooledDataSourceConfiguration matched:
      - AnyNestedCondition 1 matched 1 did not; NestedCondition on DataSourceAutoConfiguration.PooledDataSourceCondition.PooledDataSourceAvailable PooledDataSource found supported DataSource; NestedCondition on DataSourceAutoConfiguration.PooledDataSourceCondition.ExplicitType @ConditionalOnProperty (spring.datasource.type) did not find property 'type' (DataSourceAutoConfiguration.PooledDataSourceCondition)
      - @ConditionalOnMissingBean (types: javax.sql.DataSource,javax.sql.XADataSource; SearchStrategy: all) did not find any beans (OnBeanCondition)

   DataSourceAutoConfiguration.PooledDataSourceConfiguration#jdbcConnectionDetails matched:
      - @ConditionalOnMissingBean (types: org.springframework.boot.autoconfigure.jdbc.JdbcConnectionDetails; SearchStrategy: all) did not find any beans (OnBeanCondition)

   DataSourceConfiguration.Hikari matched:
      - @ConditionalOnClass found required class 'com.zaxxer.hikari.HikariDataSource' (OnClassCondition)
      - @ConditionalOnProperty (spring.datasource.type=com.zaxxer.hikari.HikariDataSource) matched (OnPropertyCondition)
      - @ConditionalOnMissingBean (types: javax.sql.DataSource; SearchStrategy: all) did not find any beans (OnBeanCondition)

   DataSourceHealthContributorAutoConfiguration matched:
      - @ConditionalOnClass found required classes 'org.springframework.jdbc.core.JdbcTemplate', 'org.springframework.jdbc.datasource.lookup.AbstractRoutingDataSource' (OnClassCondition)
      - @ConditionalOnEnabledHealthIndicator management.health.defaults.enabled is considered true (OnEnabledHealthIndicatorCondition)
      - @ConditionalOnBean (types: javax.sql.DataSource; SearchStrategy: all) found bean 'dataSource' (OnBeanCondition)

   DataSourceHealthContributorAutoConfiguration#dbHealthContributor matched:
      - @ConditionalOnMissingBean (names: dbHealthIndicator,dbHealthContributor; SearchStrategy: all) did not find any beans (OnBeanCondition)

   DataSourceInitializationConfiguration matched:
      - @ConditionalOnClass found required class 'org.springframework.jdbc.datasource.init.DatabasePopulator' (OnClassCondition)
      - @ConditionalOnSingleCandidate (types: javax.sql.DataSource; SearchStrategy: all) found a single bean 'dataSource'; @ConditionalOnMissingBean (types: org.springframework.boot.autoconfigure.sql.init.SqlDataSourceScriptDatabaseInitializer,org.springframework.boot.autoconfigure.sql.init.SqlR2dbcScriptDatabaseInitializer; SearchStrategy: all) did not find any beans (OnBeanCondition)

   DataSourcePoolMetadataProvidersConfiguration.HikariPoolDataSourceMetadataProviderConfiguration matched:
      - @ConditionalOnClass found required class 'com.zaxxer.hikari.HikariDataSource' (OnClassCondition)

   DataSourcePoolMetricsAutoConfiguration matched:
      - @ConditionalOnClass found required classes 'javax.sql.DataSource', 'io.micrometer.core.instrument.MeterRegistry' (OnClassCondition)
      - @ConditionalOnBean (types: javax.sql.DataSource,io.micrometer.core.instrument.MeterRegistry; SearchStrategy: all) found beans 'simpleMeterRegistry', 'dataSource' (OnBeanCondition)

   DataSourcePoolMetricsAutoConfiguration.DataSourcePoolMetadataMetricsConfiguration matched:
      - @ConditionalOnBean (types: org.springframework.boot.jdbc.metadata.DataSourcePoolMetadataProvider; SearchStrategy: all) found bean 'hikariPoolDataSourceMetadataProvider' (OnBeanCondition)

   DataSourcePoolMetricsAutoConfiguration.HikariDataSourceMetricsConfiguration matched:
      - @ConditionalOnClass found required class 'com.zaxxer.hikari.HikariDataSource' (OnClassCondition)

   DataSourceTransactionManagerAutoConfiguration matched:
      - @ConditionalOnClass found required classes 'javax.sql.DataSource', 'org.springframework.jdbc.core.JdbcTemplate', 'org.springframework.transaction.TransactionManager' (OnClassCondition)

   DataSourceTransactionManagerAutoConfiguration.JdbcTransactionManagerConfiguration matched:
      - @ConditionalOnSingleCandidate (types: javax.sql.DataSource; SearchStrategy: all) found a single bean 'dataSource' (OnBeanCondition)

   DiskSpaceHealthContributorAutoConfiguration matched:
      - @ConditionalOnEnabledHealthIndicator management.health.defaults.enabled is considered true (OnEnabledHealthIndicatorCondition)

   DiskSpaceHealthContributorAutoConfiguration#diskSpaceHealthIndicator matched:
      - @ConditionalOnMissingBean (names: diskSpaceHealthIndicator; SearchStrategy: all) did not find any beans (OnBeanCondition)

   DispatcherServletAutoConfiguration matched:
      - @ConditionalOnClass found required class 'org.springframework.web.servlet.DispatcherServlet' (OnClassCondition)
      - found 'session' scope (OnWebApplicationCondition)

   DispatcherServletAutoConfiguration.DispatcherServletConfiguration matched:
      - @ConditionalOnClass found required class 'jakarta.servlet.ServletRegistration' (OnClassCondition)
      - Default DispatcherServlet did not find dispatcher servlet beans (DispatcherServletAutoConfiguration.DefaultDispatcherServletCondition)

   DispatcherServletAutoConfiguration.DispatcherServletRegistrationConfiguration matched:
      - @ConditionalOnClass found required class 'jakarta.servlet.ServletRegistration' (OnClassCondition)
      - DispatcherServlet Registration did not find servlet registration bean (DispatcherServletAutoConfiguration.DispatcherServletRegistrationCondition)

   DispatcherServletAutoConfiguration.DispatcherServletRegistrationConfiguration#dispatcherServletRegistration matched:
      - @ConditionalOnBean (names: dispatcherServlet types: org.springframework.web.servlet.DispatcherServlet; SearchStrategy: all) found bean 'dispatcherServlet' (OnBeanCondition)

   EmbeddingObservationAutoConfiguration matched:
      - @ConditionalOnClass found required class 'org.springframework.ai.embedding.EmbeddingModel' (OnClassCondition)

   EmbeddingObservationAutoConfiguration#embeddingModelMeterObservationHandler matched:
      - @ConditionalOnBean (types: io.micrometer.core.instrument.MeterRegistry; SearchStrategy: all) found bean 'simpleMeterRegistry'; @ConditionalOnMissingBean (types: org.springframework.ai.embedding.observation.EmbeddingModelMeterObservationHandler; SearchStrategy: all) did not find any beans (OnBeanCondition)

   EndpointAutoConfiguration#endpointCachingOperationInvokerAdvisor matched:
      - @ConditionalOnMissingBean (types: org.springframework.boot.actuate.endpoint.invoker.cache.CachingOperationInvokerAdvisor; SearchStrategy: all) did not find any beans (OnBeanCondition)

   EndpointAutoConfiguration#endpointOperationParameterMapper matched:
      - @ConditionalOnMissingBean (types: org.springframework.boot.actuate.endpoint.invoke.ParameterValueMapper; SearchStrategy: all) did not find any beans (OnBeanCondition)

   EndpointAutoConfiguration#propertiesEndpointAccessResolver matched:
      - @ConditionalOnMissingBean (types: org.springframework.boot.actuate.endpoint.EndpointAccessResolver; SearchStrategy: all) did not find any beans (OnBeanCondition)

   ErrorMvcAutoConfiguration matched:
      - @ConditionalOnClass found required classes 'jakarta.servlet.Servlet', 'org.springframework.web.servlet.DispatcherServlet' (OnClassCondition)
      - found 'session' scope (OnWebApplicationCondition)

   ErrorMvcAutoConfiguration#basicErrorController matched:
      - @ConditionalOnMissingBean (types: org.springframework.boot.web.servlet.error.ErrorController; SearchStrategy: current) did not find any beans (OnBeanCondition)

   ErrorMvcAutoConfiguration#errorAttributes matched:
      - @ConditionalOnMissingBean (types: org.springframework.boot.web.servlet.error.ErrorAttributes; SearchStrategy: current) did not find any beans (OnBeanCondition)

   ErrorMvcAutoConfiguration.DefaultErrorViewResolverConfiguration#conventionErrorViewResolver matched:
      - @ConditionalOnBean (types: org.springframework.web.servlet.DispatcherServlet; SearchStrategy: all) found bean 'dispatcherServlet'; @ConditionalOnMissingBean (types: org.springframework.boot.autoconfigure.web.servlet.error.ErrorViewResolver; SearchStrategy: all) did not find any beans (OnBeanCondition)

   ErrorMvcAutoConfiguration.WhitelabelErrorViewConfiguration matched:
      - @ConditionalOnProperty (server.error.whitelabel.enabled) matched (OnPropertyCondition)
      - ErrorTemplate Missing did not find error template view (ErrorMvcAutoConfiguration.ErrorTemplateMissingCondition)

   ErrorMvcAutoConfiguration.WhitelabelErrorViewConfiguration#beanNameViewResolver matched:
      - @ConditionalOnMissingBean (types: org.springframework.web.servlet.view.BeanNameViewResolver; SearchStrategy: all) did not find any beans (OnBeanCondition)

   ErrorMvcAutoConfiguration.WhitelabelErrorViewConfiguration#defaultErrorView matched:
      - @ConditionalOnMissingBean (names: error; SearchStrategy: all) did not find any beans (OnBeanCondition)

   GenericCacheConfiguration matched:
      - Cache org.springframework.boot.autoconfigure.cache.GenericCacheConfiguration automatic cache type (CacheCondition)

   GoogleGenAiChatAutoConfiguration matched:
      - @ConditionalOnClass found required classes 'com.google.genai.Client', 'org.springframework.ai.google.genai.GoogleGenAiChatModel' (OnClassCondition)
      - @ConditionalOnProperty (spring.ai.model.chat=google-genai) matched (OnPropertyCondition)

   GoogleGenAiChatAutoConfiguration#googleGenAiChatModel matched:
      - @ConditionalOnMissingBean (types: org.springframework.ai.google.genai.GoogleGenAiChatModel; SearchStrategy: all) did not find any beans (OnBeanCondition)

   GoogleGenAiChatAutoConfiguration#googleGenAiClient matched:
      - @ConditionalOnMissingBean (types: com.google.genai.Client; SearchStrategy: all) did not find any beans (OnBeanCondition)

   GsonAutoConfiguration matched:
      - @ConditionalOnClass found required class 'com.google.gson.Gson' (OnClassCondition)

   GsonAutoConfiguration#gson matched:
      - @ConditionalOnMissingBean (types: com.google.gson.Gson; SearchStrategy: all) did not find any beans (OnBeanCondition)

   GsonAutoConfiguration#gsonBuilder matched:
      - @ConditionalOnMissingBean (types: com.google.gson.GsonBuilder; SearchStrategy: all) did not find any beans (OnBeanCondition)

   GsonHttpMessageConvertersConfiguration matched:
      - @ConditionalOnClass found required class 'com.google.gson.Gson' (OnClassCondition)

   HealthContributorAutoConfiguration#pingHealthContributor matched:
      - @ConditionalOnEnabledHealthIndicator management.health.defaults.enabled is considered true (OnEnabledHealthIndicatorCondition)

   HealthEndpointAutoConfiguration matched:
      - @ConditionalOnAvailableEndpoint marked as exposed by a 'management.endpoints.web.exposure' property (OnAvailableEndpointCondition)

   HealthEndpointConfiguration#healthContributorRegistry matched:
      - @ConditionalOnMissingBean (types: org.springframework.boot.actuate.health.HealthContributorRegistry; SearchStrategy: all) did not find any beans (OnBeanCondition)

   HealthEndpointConfiguration#healthEndpoint matched:
      - @ConditionalOnMissingBean (types: org.springframework.boot.actuate.health.HealthEndpoint; SearchStrategy: all) did not find any beans (OnBeanCondition)

   HealthEndpointConfiguration#healthEndpointGroupMembershipValidator matched:
      - @ConditionalOnProperty (management.endpoint.health.validate-group-membership=true) matched (OnPropertyCondition)

   HealthEndpointConfiguration#healthEndpointGroups matched:
      - @ConditionalOnMissingBean (types: org.springframework.boot.actuate.health.HealthEndpointGroups; SearchStrategy: all) did not find any beans (OnBeanCondition)

   HealthEndpointConfiguration#healthHttpCodeStatusMapper matched:
      - @ConditionalOnMissingBean (types: org.springframework.boot.actuate.health.HttpCodeStatusMapper; SearchStrategy: all) did not find any beans (OnBeanCondition)

   HealthEndpointConfiguration#healthStatusAggregator matched:
      - @ConditionalOnMissingBean (types: org.springframework.boot.actuate.health.StatusAggregator; SearchStrategy: all) did not find any beans (OnBeanCondition)

   HealthEndpointWebExtensionConfiguration matched:
      - found 'session' scope (OnWebApplicationCondition)
      - @ConditionalOnAvailableEndpoint marked as exposed by a 'management.endpoints.web.exposure' property (OnAvailableEndpointCondition)
      - @ConditionalOnBean (types: org.springframework.boot.actuate.health.HealthEndpoint; SearchStrategy: all) found bean 'healthEndpoint' (OnBeanCondition)

   HealthEndpointWebExtensionConfiguration#healthEndpointWebExtension matched:
      - @ConditionalOnMissingBean (types: org.springframework.boot.actuate.health.HealthEndpointWebExtension; SearchStrategy: all) did not find any beans (OnBeanCondition)

   HealthEndpointWebExtensionConfiguration.MvcAdditionalHealthEndpointPathsConfiguration matched:
      - @ConditionalOnBean (types: org.springframework.web.servlet.DispatcherServlet; SearchStrategy: all) found bean 'dispatcherServlet' (OnBeanCondition)

   HibernateJpaAutoConfiguration matched:
      - @ConditionalOnClass found required classes 'org.springframework.orm.jpa.LocalContainerEntityManagerFactoryBean', 'jakarta.persistence.EntityManager', 'org.hibernate.engine.spi.SessionImplementor' (OnClassCondition)

   HibernateJpaConfiguration matched:
      - @ConditionalOnSingleCandidate (types: javax.sql.DataSource; SearchStrategy: all) found a single bean 'dataSource' (OnBeanCondition)

   HttpClientAutoConfiguration matched:
      - @ConditionalOnClass found required class 'org.springframework.http.client.ClientHttpRequestFactory' (OnClassCondition)
      - NoneNestedConditions 0 matched 1 did not; NestedCondition on NotReactiveWebApplicationCondition.ReactiveWebApplication not a reactive web application (NotReactiveWebApplicationCondition)

   HttpClientAutoConfiguration#clientHttpRequestFactoryBuilder matched:
      - @ConditionalOnMissingBean (types: org.springframework.boot.http.client.ClientHttpRequestFactoryBuilder; SearchStrategy: all) did not find any beans (OnBeanCondition)

   HttpClientAutoConfiguration#clientHttpRequestFactorySettings matched:
      - @ConditionalOnMissingBean (types: org.springframework.boot.http.client.ClientHttpRequestFactorySettings; SearchStrategy: all) did not find any beans (OnBeanCondition)

   HttpClientObservationsAutoConfiguration matched:
      - @ConditionalOnClass found required class 'io.micrometer.observation.Observation' (OnClassCondition)
      - @ConditionalOnBean (types: io.micrometer.observation.ObservationRegistry; SearchStrategy: all) found bean 'observationRegistry' (OnBeanCondition)

   HttpClientObservationsAutoConfiguration.MeterFilterConfiguration matched:
      - @ConditionalOnClass found required class 'io.micrometer.core.instrument.MeterRegistry' (OnClassCondition)
      - @ConditionalOnBean (types: io.micrometer.core.instrument.MeterRegistry; SearchStrategy: all) found bean 'simpleMeterRegistry' (OnBeanCondition)

   HttpEncodingAutoConfiguration matched:
      - @ConditionalOnClass found required class 'org.springframework.web.filter.CharacterEncodingFilter' (OnClassCondition)
      - found 'session' scope (OnWebApplicationCondition)
      - @ConditionalOnProperty (server.servlet.encoding.enabled) matched (OnPropertyCondition)

   HttpEncodingAutoConfiguration#characterEncodingFilter matched:
      - @ConditionalOnMissingBean (types: org.springframework.web.filter.CharacterEncodingFilter; SearchStrategy: all) did not find any beans (OnBeanCondition)

   HttpMessageConvertersAutoConfiguration matched:
      - @ConditionalOnClass found required class 'org.springframework.http.converter.HttpMessageConverter' (OnClassCondition)
      - NoneNestedConditions 0 matched 1 did not; NestedCondition on HttpMessageConvertersAutoConfiguration.NotReactiveWebApplicationCondition.ReactiveWebApplication not a reactive web application (HttpMessageConvertersAutoConfiguration.NotReactiveWebApplicationCondition)

   HttpMessageConvertersAutoConfiguration#messageConverters matched:
      - @ConditionalOnMissingBean (types: org.springframework.boot.autoconfigure.http.HttpMessageConverters; SearchStrategy: all) did not find any beans (OnBeanCondition)

   HttpMessageConvertersAutoConfiguration.StringHttpMessageConverterConfiguration matched:
      - @ConditionalOnClass found required class 'org.springframework.http.converter.StringHttpMessageConverter' (OnClassCondition)

   HttpMessageConvertersAutoConfiguration.StringHttpMessageConverterConfiguration#stringHttpMessageConverter matched:
      - @ConditionalOnMissingBean (types: org.springframework.http.converter.StringHttpMessageConverter; SearchStrategy: all) did not find any beans (OnBeanCondition)

   JacksonAutoConfiguration matched:
      - @ConditionalOnClass found required class 'com.fasterxml.jackson.databind.ObjectMapper' (OnClassCondition)

   JacksonAutoConfiguration.Jackson2ObjectMapperBuilderCustomizerConfiguration matched:
      - @ConditionalOnClass found required class 'org.springframework.http.converter.json.Jackson2ObjectMapperBuilder' (OnClassCondition)

   JacksonAutoConfiguration.JacksonObjectMapperBuilderConfiguration matched:
      - @ConditionalOnClass found required class 'org.springframework.http.converter.json.Jackson2ObjectMapperBuilder' (OnClassCondition)

   JacksonAutoConfiguration.JacksonObjectMapperBuilderConfiguration#jacksonObjectMapperBuilder matched:
      - @ConditionalOnMissingBean (types: org.springframework.http.converter.json.Jackson2ObjectMapperBuilder; SearchStrategy: all) did not find any beans (OnBeanCondition)

   JacksonAutoConfiguration.JacksonObjectMapperConfiguration matched:
      - @ConditionalOnClass found required class 'org.springframework.http.converter.json.Jackson2ObjectMapperBuilder' (OnClassCondition)

   JacksonAutoConfiguration.JacksonObjectMapperConfiguration#jacksonObjectMapper matched:
      - @ConditionalOnMissingBean (types: com.fasterxml.jackson.databind.ObjectMapper; SearchStrategy: all) did not find any beans (OnBeanCondition)

   JacksonAutoConfiguration.ParameterNamesModuleConfiguration matched:
      - @ConditionalOnClass found required class 'com.fasterxml.jackson.module.paramnames.ParameterNamesModule' (OnClassCondition)

   JacksonAutoConfiguration.ParameterNamesModuleConfiguration#parameterNamesModule matched:
      - @ConditionalOnMissingBean (types: com.fasterxml.jackson.module.paramnames.ParameterNamesModule; SearchStrategy: all) did not find any beans (OnBeanCondition)

   JacksonEndpointAutoConfiguration#endpointObjectMapper matched:
      - @ConditionalOnClass found required classes 'com.fasterxml.jackson.databind.ObjectMapper', 'org.springframework.http.converter.json.Jackson2ObjectMapperBuilder' (OnClassCondition)
      - @ConditionalOnProperty (management.endpoints.jackson.isolated-object-mapper) matched (OnPropertyCondition)

   JacksonHttpMessageConvertersConfiguration.MappingJackson2HttpMessageConverterConfiguration matched:
      - @ConditionalOnClass found required class 'com.fasterxml.jackson.databind.ObjectMapper' (OnClassCondition)
      - @ConditionalOnProperty (spring.mvc.converters.preferred-json-mapper=jackson) matched (OnPropertyCondition)
      - @ConditionalOnBean (types: com.fasterxml.jackson.databind.ObjectMapper; SearchStrategy: all) found bean 'jacksonObjectMapper' (OnBeanCondition)

   JacksonHttpMessageConvertersConfiguration.MappingJackson2HttpMessageConverterConfiguration#mappingJackson2HttpMessageConverter matched:
      - @ConditionalOnMissingBean (types: org.springframework.http.converter.json.MappingJackson2HttpMessageConverter ignored: org.springframework.hateoas.server.mvc.TypeConstrainedMappingJackson2HttpMessageConverter,org.springframework.data.rest.webmvc.alps.AlpsJsonHttpMessageConverter; SearchStrategy: all) did not find any beans (OnBeanCondition)

   JdbcClientAutoConfiguration matched:
      - @ConditionalOnSingleCandidate (types: org.springframework.jdbc.core.namedparam.NamedParameterJdbcTemplate; SearchStrategy: all) found a single bean 'namedParameterJdbcTemplate'; @ConditionalOnMissingBean (types: org.springframework.jdbc.core.simple.JdbcClient; SearchStrategy: all) did not find any beans (OnBeanCondition)

   JdbcTemplateAutoConfiguration matched:
      - @ConditionalOnClass found required classes 'javax.sql.DataSource', 'org.springframework.jdbc.core.JdbcTemplate' (OnClassCondition)
      - @ConditionalOnSingleCandidate (types: javax.sql.DataSource; SearchStrategy: all) found a single bean 'dataSource' (OnBeanCondition)

   JdbcTemplateConfiguration matched:
      - @ConditionalOnMissingBean (types: org.springframework.jdbc.core.JdbcOperations; SearchStrategy: all) did not find any beans (OnBeanCondition)

   JpaBaseConfiguration#entityManagerFactory matched:
      - @ConditionalOnMissingBean (types: org.springframework.orm.jpa.LocalContainerEntityManagerFactoryBean,jakarta.persistence.EntityManagerFactory; SearchStrategy: all) did not find any beans (OnBeanCondition)

   JpaBaseConfiguration#entityManagerFactoryBuilder matched:
      - @ConditionalOnMissingBean (types: org.springframework.boot.orm.jpa.EntityManagerFactoryBuilder; SearchStrategy: all) did not find any beans (OnBeanCondition)

   JpaBaseConfiguration#jpaVendorAdapter matched:
      - @ConditionalOnMissingBean (types: org.springframework.orm.jpa.JpaVendorAdapter; SearchStrategy: all) did not find any beans (OnBeanCondition)

   JpaBaseConfiguration#transactionManager matched:
      - @ConditionalOnMissingBean (types: org.springframework.transaction.TransactionManager; SearchStrategy: all) did not find any beans (OnBeanCondition)

   JpaBaseConfiguration.JpaWebConfiguration matched:
      - @ConditionalOnClass found required class 'org.springframework.web.servlet.config.annotation.WebMvcConfigurer' (OnClassCondition)
      - found 'session' scope (OnWebApplicationCondition)
      - @ConditionalOnProperty (spring.jpa.open-in-view=true) matched (OnPropertyCondition)
      - @ConditionalOnMissingBean (types: org.springframework.orm.jpa.support.OpenEntityManagerInViewInterceptor,org.springframework.orm.jpa.support.OpenEntityManagerInViewFilter; SearchStrategy: all) did not find any beans (OnBeanCondition)

   JpaBaseConfiguration.PersistenceManagedTypesConfiguration matched:
      - @ConditionalOnMissingBean (types: org.springframework.orm.jpa.LocalContainerEntityManagerFactoryBean,jakarta.persistence.EntityManagerFactory; SearchStrategy: all) did not find any beans (OnBeanCondition)

   JpaBaseConfiguration.PersistenceManagedTypesConfiguration#persistenceManagedTypes matched:
      - @ConditionalOnMissingBean (types: org.springframework.orm.jpa.persistenceunit.PersistenceManagedTypes; SearchStrategy: all) did not find any beans (OnBeanCondition)

   JpaRepositoriesAutoConfiguration matched:
      - @ConditionalOnClass found required class 'org.springframework.data.jpa.repository.JpaRepository' (OnClassCondition)
      - @ConditionalOnProperty (spring.data.jpa.repositories.enabled=true) matched (OnPropertyCondition)
      - @ConditionalOnBean (types: javax.sql.DataSource; SearchStrategy: all) found bean 'dataSource'; @ConditionalOnMissingBean (types: org.springframework.data.jpa.repository.support.JpaRepositoryFactoryBean,org.springframework.data.jpa.repository.config.JpaRepositoryConfigExtension; SearchStrategy: all) did not find any beans (OnBeanCondition)

   JtaAutoConfiguration matched:
      - @ConditionalOnClass found required class 'jakarta.transaction.Transaction' (OnClassCondition)
      - @ConditionalOnProperty (spring.jta.enabled) matched (OnPropertyCondition)

   JvmMetricsAutoConfiguration matched:
      - @ConditionalOnClass found required class 'io.micrometer.core.instrument.MeterRegistry' (OnClassCondition)
      - @ConditionalOnBean (types: io.micrometer.core.instrument.MeterRegistry; SearchStrategy: all) found bean 'simpleMeterRegistry' (OnBeanCondition)

   JvmMetricsAutoConfiguration#classLoaderMetrics matched:
      - @ConditionalOnMissingBean (types: io.micrometer.core.instrument.binder.jvm.ClassLoaderMetrics; SearchStrategy: all) did not find any beans (OnBeanCondition)

   JvmMetricsAutoConfiguration#jvmCompilationMetrics matched:
      - @ConditionalOnMissingBean (types: io.micrometer.core.instrument.binder.jvm.JvmCompilationMetrics; SearchStrategy: all) did not find any beans (OnBeanCondition)

   JvmMetricsAutoConfiguration#jvmGcMetrics matched:
      - @ConditionalOnMissingBean (types: io.micrometer.core.instrument.binder.jvm.JvmGcMetrics; SearchStrategy: all) did not find any beans (OnBeanCondition)

   JvmMetricsAutoConfiguration#jvmHeapPressureMetrics matched:
      - @ConditionalOnMissingBean (types: io.micrometer.core.instrument.binder.jvm.JvmHeapPressureMetrics; SearchStrategy: all) did not find any beans (OnBeanCondition)

   JvmMetricsAutoConfiguration#jvmInfoMetrics matched:
      - @ConditionalOnMissingBean (types: io.micrometer.core.instrument.binder.jvm.JvmInfoMetrics; SearchStrategy: all) did not find any beans (OnBeanCondition)

   JvmMetricsAutoConfiguration#jvmMemoryMetrics matched:
      - @ConditionalOnMissingBean (types: io.micrometer.core.instrument.binder.jvm.JvmMemoryMetrics; SearchStrategy: all) did not find any beans (OnBeanCondition)

   JvmMetricsAutoConfiguration#jvmThreadMetrics matched:
      - @ConditionalOnMissingBean (types: io.micrometer.core.instrument.binder.jvm.JvmThreadMetrics; SearchStrategy: all) did not find any beans (OnBeanCondition)

   KafkaAnnotationDrivenConfiguration matched:
      - @ConditionalOnClass found required class 'org.springframework.kafka.annotation.EnableKafka' (OnClassCondition)

   KafkaAnnotationDrivenConfiguration#kafkaListenerContainerFactory matched:
      - @ConditionalOnMissingBean (names: kafkaListenerContainerFactory; SearchStrategy: all) did not find any beans (OnBeanCondition)

   KafkaAnnotationDrivenConfiguration#kafkaListenerContainerFactoryConfigurer matched:
      - @ConditionalOnMissingBean (types: org.springframework.boot.autoconfigure.kafka.ConcurrentKafkaListenerContainerFactoryConfigurer; SearchStrategy: all) did not find any beans (OnBeanCondition)
      - @ConditionalOnThreading found PLATFORM (OnThreadingCondition)

   KafkaAnnotationDrivenConfiguration.EnableKafkaConfiguration matched:
      - @ConditionalOnMissingBean (names: org.springframework.kafka.config.internalKafkaListenerAnnotationProcessor; SearchStrategy: all) did not find any beans (OnBeanCondition)

   KafkaAutoConfiguration matched:
      - @ConditionalOnClass found required class 'org.springframework.kafka.core.KafkaTemplate' (OnClassCondition)

   KafkaAutoConfiguration#kafkaAdmin matched:
      - @ConditionalOnMissingBean (types: org.springframework.kafka.core.KafkaAdmin; SearchStrategy: all) did not find any beans (OnBeanCondition)

   KafkaAutoConfiguration#kafkaConnectionDetails matched:
      - @ConditionalOnMissingBean (types: org.springframework.boot.autoconfigure.kafka.KafkaConnectionDetails; SearchStrategy: all) did not find any beans (OnBeanCondition)

   KafkaAutoConfiguration#kafkaProducerListener matched:
      - @ConditionalOnMissingBean (types: org.springframework.kafka.support.ProducerListener; SearchStrategy: all) did not find any beans (OnBeanCondition)

   KafkaMetricsAutoConfiguration matched:
      - @ConditionalOnClass found required classes 'io.micrometer.core.instrument.binder.kafka.KafkaClientMetrics', 'org.springframework.kafka.core.ProducerFactory' (OnClassCondition)
      - @ConditionalOnBean (types: io.micrometer.core.instrument.MeterRegistry; SearchStrategy: all) found bean 'simpleMeterRegistry' (OnBeanCondition)

   KafkaMetricsAutoConfiguration.KafkaStreamsMetricsConfiguration matched:
      - @ConditionalOnClass found required classes 'io.micrometer.core.instrument.binder.kafka.KafkaStreamsMetrics', 'org.springframework.kafka.config.StreamsBuilderFactoryBean' (OnClassCondition)

   LettuceConnectionConfiguration matched:
      - @ConditionalOnClass found required class 'io.lettuce.core.RedisClient' (OnClassCondition)
      - @ConditionalOnProperty (spring.data.redis.client-type=lettuce) matched (OnPropertyCondition)

   LettuceConnectionConfiguration#lettuceClientResources matched:
      - @ConditionalOnMissingBean (types: io.lettuce.core.resource.ClientResources; SearchStrategy: all) did not find any beans (OnBeanCondition)

   LettuceConnectionConfiguration#redisConnectionFactory matched:
      - @ConditionalOnMissingBean (types: org.springframework.data.redis.connection.RedisConnectionFactory; SearchStrategy: all) did not find any beans (OnBeanCondition)
      - @ConditionalOnThreading found PLATFORM (OnThreadingCondition)

   LettuceMetricsAutoConfiguration matched:
      - @ConditionalOnClass found required classes 'io.lettuce.core.RedisClient', 'io.lettuce.core.metrics.MicrometerCommandLatencyRecorder' (OnClassCondition)
      - @ConditionalOnBean (types: io.micrometer.core.instrument.MeterRegistry; SearchStrategy: all) found bean 'simpleMeterRegistry' (OnBeanCondition)

   LettuceMetricsAutoConfiguration#micrometerOptions matched:
      - @ConditionalOnMissingBean (types: io.lettuce.core.metrics.MicrometerOptions; SearchStrategy: all) did not find any beans (OnBeanCondition)

   LifecycleAutoConfiguration#defaultLifecycleProcessor matched:
      - @ConditionalOnMissingBean (names: lifecycleProcessor; SearchStrategy: current) did not find any beans (OnBeanCondition)

   LogbackMetricsAutoConfiguration matched:
      - @ConditionalOnClass found required classes 'io.micrometer.core.instrument.MeterRegistry', 'ch.qos.logback.classic.LoggerContext', 'org.slf4j.LoggerFactory' (OnClassCondition)
      - LogbackLoggingCondition ILoggerFactory is a Logback LoggerContext (LogbackMetricsAutoConfiguration.LogbackLoggingCondition)
      - @ConditionalOnBean (types: io.micrometer.core.instrument.MeterRegistry; SearchStrategy: all) found bean 'simpleMeterRegistry' (OnBeanCondition)

   LogbackMetricsAutoConfiguration#logbackMetrics matched:
      - @ConditionalOnMissingBean (types: io.micrometer.core.instrument.binder.logging.LogbackMetrics; SearchStrategy: all) did not find any beans (OnBeanCondition)

   MailHealthContributorAutoConfiguration matched:
      - @ConditionalOnClass found required class 'org.springframework.mail.javamail.JavaMailSenderImpl' (OnClassCondition)
      - @ConditionalOnEnabledHealthIndicator management.health.defaults.enabled is considered true (OnEnabledHealthIndicatorCondition)
      - @ConditionalOnBean (types: org.springframework.mail.javamail.JavaMailSenderImpl; SearchStrategy: all) found bean 'mailSender' (OnBeanCondition)

   MailHealthContributorAutoConfiguration#mailHealthContributor matched:
      - @ConditionalOnMissingBean (names: mailHealthIndicator,mailHealthContributor; SearchStrategy: all) did not find any beans (OnBeanCondition)

   MailSenderAutoConfiguration matched:
      - @ConditionalOnClass found required classes 'jakarta.mail.internet.MimeMessage', 'jakarta.activation.MimeType', 'org.springframework.mail.MailSender' (OnClassCondition)
      - AnyNestedCondition 1 matched 1 did not; NestedCondition on MailSenderAutoConfiguration.MailSenderCondition.JndiNameProperty @ConditionalOnProperty (spring.mail.jndi-name) did not find property 'jndi-name'; NestedCondition on MailSenderAutoConfiguration.MailSenderCondition.HostProperty @ConditionalOnProperty (spring.mail.host) matched (MailSenderAutoConfiguration.MailSenderCondition)
      - @ConditionalOnMissingBean (types: org.springframework.mail.MailSender; SearchStrategy: all) did not find any beans (OnBeanCondition)

   MailSenderPropertiesConfiguration matched:
      - @ConditionalOnProperty (spring.mail.host) matched (OnPropertyCondition)

   MailSenderPropertiesConfiguration#mailSender matched:
      - @ConditionalOnMissingBean (types: org.springframework.mail.javamail.JavaMailSender; SearchStrategy: all) did not find any beans (OnBeanCondition)

   ManagementContextAutoConfiguration.SameManagementContextConfiguration matched:
      - Management Port actual port type (SAME) matched required type (OnManagementPortCondition)

   MetricsAutoConfiguration matched:
      - @ConditionalOnClass found required class 'io.micrometer.core.annotation.Timed' (OnClassCondition)

   MetricsAutoConfiguration#micrometerClock matched:
      - @ConditionalOnMissingBean (types: io.micrometer.core.instrument.Clock; SearchStrategy: all) did not find any beans (OnBeanCondition)

   MockMvcAutoConfiguration matched:
      - found 'session' scope (OnWebApplicationCondition)

   MockMvcAutoConfiguration.WebTestClientMockMvcConfiguration matched:
      - @ConditionalOnClass found required classes 'org.springframework.web.reactive.function.client.WebClient', 'org.springframework.test.web.reactive.server.WebTestClient' (OnClassCondition)

   MockMvcAutoConfiguration.WebTestClientMockMvcConfiguration#webTestClient matched:
      - @ConditionalOnMissingBean (types: org.springframework.test.web.reactive.server.WebTestClient; SearchStrategy: all) did not find any beans (OnBeanCondition)

   MockMvcConfiguration#mockMvc matched:
      - @ConditionalOnMissingBean (types: org.springframework.test.web.servlet.MockMvc; SearchStrategy: all) did not find any beans (OnBeanCondition)

   MockMvcConfiguration#mockMvcBuilder matched:
      - @ConditionalOnMissingBean (types: org.springframework.test.web.servlet.MockMvcBuilder; SearchStrategy: all) did not find any beans (OnBeanCondition)

   MockMvcSecurityConfiguration matched:
      - @ConditionalOnClass found required class 'org.springframework.security.test.web.servlet.request.SecurityMockMvcRequestPostProcessors' (OnClassCondition)

   MockMvcSecurityConfiguration#securityMockMvcBuilderCustomizer matched:
      - @ConditionalOnBean (names: springSecurityFilterChain; SearchStrategy: all) found bean 'springSecurityFilterChain' (OnBeanCondition)

   MockMvcTesterConfiguration matched:
      - @ConditionalOnClass found required class 'org.assertj.core.api.Assert' (OnClassCondition)

   MockMvcTesterConfiguration#mockMvcTester matched:
      - @ConditionalOnMissingBean (types: org.springframework.test.web.servlet.assertj.MockMvcTester; SearchStrategy: all) did not find any beans (OnBeanCondition)

   MultipartAutoConfiguration matched:
      - @ConditionalOnClass found required classes 'jakarta.servlet.Servlet', 'org.springframework.web.multipart.support.StandardServletMultipartResolver', 'jakarta.servlet.MultipartConfigElement' (OnClassCondition)
      - found 'session' scope (OnWebApplicationCondition)
      - @ConditionalOnProperty (spring.servlet.multipart.enabled) matched (OnPropertyCondition)

   MultipartAutoConfiguration#multipartConfigElement matched:
      - @ConditionalOnMissingBean (types: jakarta.servlet.MultipartConfigElement; SearchStrategy: all) did not find any beans (OnBeanCondition)

   MultipartAutoConfiguration#multipartResolver matched:
      - @ConditionalOnMissingBean (types: org.springframework.web.multipart.MultipartResolver; SearchStrategy: all) did not find any beans (OnBeanCondition)

   NamedParameterJdbcTemplateConfiguration matched:
      - @ConditionalOnSingleCandidate (types: org.springframework.jdbc.core.JdbcTemplate; SearchStrategy: all) found a single bean 'jdbcTemplate'; @ConditionalOnMissingBean (types: org.springframework.jdbc.core.namedparam.NamedParameterJdbcOperations; SearchStrategy: all) did not find any beans (OnBeanCondition)

   NettyAutoConfiguration matched:
      - @ConditionalOnClass found required class 'io.netty.util.NettyRuntime' (OnClassCondition)

   NoOpCacheConfiguration matched:
      - Cache org.springframework.boot.autoconfigure.cache.NoOpCacheConfiguration automatic cache type (CacheCondition)

   ObservationAutoConfiguration matched:
      - @ConditionalOnClass found required class 'io.micrometer.observation.ObservationRegistry' (OnClassCondition)

   ObservationAutoConfiguration#observationRegistry matched:
      - @ConditionalOnMissingBean (types: io.micrometer.observation.ObservationRegistry; SearchStrategy: all) did not find any beans (OnBeanCondition)

   ObservationAutoConfiguration.MeterObservationHandlerConfiguration matched:
      - @ConditionalOnBean (types: io.micrometer.core.instrument.MeterRegistry; SearchStrategy: all) found bean 'simpleMeterRegistry'; @ConditionalOnMissingBean (types: io.micrometer.core.instrument.observation.MeterObservationHandler; SearchStrategy: all) did not find any beans (OnBeanCondition)

   ObservationAutoConfiguration.MeterObservationHandlerConfiguration.OnlyMetricsMeterObservationHandlerConfiguration matched:
      - @ConditionalOnMissingBean (types: io.micrometer.tracing.Tracer; SearchStrategy: all) did not find any beans (OnBeanCondition)

   ObservationAutoConfiguration.ObservedAspectConfiguration matched:
      - @ConditionalOnClass found required class 'org.aspectj.weaver.Advice' (OnClassCondition)

   ObservationAutoConfiguration.ObservedAspectConfiguration#observedAspect matched:
      - @ConditionalOnMissingBean (types: io.micrometer.observation.aop.ObservedAspect; SearchStrategy: all) did not find any beans (OnBeanCondition)

   ObservationAutoConfiguration.OnlyMetricsConfiguration matched:
      - @ConditionalOnClass found required class 'io.micrometer.core.instrument.MeterRegistry'; @ConditionalOnMissingClass did not find unwanted class 'io.micrometer.tracing.Tracer' (OnClassCondition)

   PersistenceExceptionTranslationAutoConfiguration matched:
      - @ConditionalOnClass found required class 'org.springframework.dao.annotation.PersistenceExceptionTranslationPostProcessor' (OnClassCondition)

   PersistenceExceptionTranslationAutoConfiguration#persistenceExceptionTranslationPostProcessor matched:
      - @ConditionalOnProperty (spring.dao.exceptiontranslation.enabled) matched (OnPropertyCondition)
      - @ConditionalOnMissingBean (types: org.springframework.dao.annotation.PersistenceExceptionTranslationPostProcessor; SearchStrategy: all) did not find any beans (OnBeanCondition)

   PropertyPlaceholderAutoConfiguration#propertySourcesPlaceholderConfigurer matched:
      - @ConditionalOnMissingBean (types: org.springframework.context.support.PropertySourcesPlaceholderConfigurer; SearchStrategy: current) did not find any beans (OnBeanCondition)

   ReactiveHealthEndpointConfiguration matched:
      - @ConditionalOnClass found required class 'reactor.core.publisher.Flux' (OnClassCondition)
      - @ConditionalOnBean (types: org.springframework.boot.actuate.health.HealthEndpoint; SearchStrategy: all) found bean 'healthEndpoint' (OnBeanCondition)

   ReactiveHealthEndpointConfiguration#reactiveHealthContributorRegistry matched:
      - @ConditionalOnMissingBean (types: org.springframework.boot.actuate.health.ReactiveHealthContributorRegistry; SearchStrategy: all) did not find any beans (OnBeanCondition)

   ReactiveSecurityAutoConfiguration matched:
      - @ConditionalOnClass found required classes 'reactor.core.publisher.Flux', 'org.springframework.security.config.annotation.web.reactive.EnableWebFluxSecurity', 'org.springframework.security.web.server.WebFilterChainProxy', 'org.springframework.web.reactive.config.WebFluxConfigurer' (OnClassCondition)

   ReactorAutoConfiguration matched:
      - @ConditionalOnClass found required class 'reactor.core.publisher.Hooks' (OnClassCondition)

   ReactorNettyConfigurations.ReactorResourceFactoryConfiguration#reactorResourceFactory matched:
      - @ConditionalOnMissingBean (types: org.springframework.http.client.ReactorResourceFactory; SearchStrategy: all) did not find any beans (OnBeanCondition)

   RedisAutoConfiguration matched:
      - @ConditionalOnClass found required class 'org.springframework.data.redis.core.RedisOperations' (OnClassCondition)

   RedisAutoConfiguration#redisConnectionDetails matched:
      - @ConditionalOnMissingBean (types: org.springframework.boot.autoconfigure.data.redis.RedisConnectionDetails; SearchStrategy: all) did not find any beans (OnBeanCondition)

   RedisAutoConfiguration#stringRedisTemplate matched:
      - @ConditionalOnSingleCandidate (types: org.springframework.data.redis.connection.RedisConnectionFactory; SearchStrategy: all) found a single bean 'redisConnectionFactory'; @ConditionalOnMissingBean (types: org.springframework.data.redis.core.StringRedisTemplate; SearchStrategy: all) did not find any beans (OnBeanCondition)

   RedisCacheConfiguration matched:
      - @ConditionalOnClass found required class 'org.springframework.data.redis.connection.RedisConnectionFactory' (OnClassCondition)
      - Cache org.springframework.boot.autoconfigure.cache.RedisCacheConfiguration automatic cache type (CacheCondition)

   RedisHealthContributorAutoConfiguration matched:
      - @ConditionalOnClass found required class 'org.springframework.data.redis.connection.RedisConnectionFactory' (OnClassCondition)
      - @ConditionalOnEnabledHealthIndicator management.health.defaults.enabled is considered true (OnEnabledHealthIndicatorCondition)
      - @ConditionalOnBean (types: org.springframework.data.redis.connection.RedisConnectionFactory; SearchStrategy: all) found bean 'redisConnectionFactory' (OnBeanCondition)

   RedisReactiveAutoConfiguration matched:
      - @ConditionalOnClass found required classes 'org.springframework.data.redis.connection.ReactiveRedisConnectionFactory', 'org.springframework.data.redis.core.ReactiveRedisTemplate', 'reactor.core.publisher.Flux' (OnClassCondition)

   RedisReactiveAutoConfiguration#reactiveRedisTemplate matched:
      - @ConditionalOnBean (types: org.springframework.data.redis.connection.ReactiveRedisConnectionFactory; SearchStrategy: all) found bean 'redisConnectionFactory'; @ConditionalOnMissingBean (names: reactiveRedisTemplate; SearchStrategy: all) did not find any beans (OnBeanCondition)

   RedisReactiveAutoConfiguration#reactiveStringRedisTemplate matched:
      - @ConditionalOnBean (types: org.springframework.data.redis.connection.ReactiveRedisConnectionFactory; SearchStrategy: all) found bean 'redisConnectionFactory'; @ConditionalOnMissingBean (names: reactiveStringRedisTemplate; SearchStrategy: all) did not find any beans (OnBeanCondition)

   RedisReactiveHealthContributorAutoConfiguration matched:
      - @ConditionalOnClass found required classes 'org.springframework.data.redis.connection.ReactiveRedisConnectionFactory', 'reactor.core.publisher.Flux' (OnClassCondition)
      - @ConditionalOnEnabledHealthIndicator management.health.defaults.enabled is considered true (OnEnabledHealthIndicatorCondition)
      - @ConditionalOnBean (types: org.springframework.data.redis.connection.ReactiveRedisConnectionFactory; SearchStrategy: all) found bean 'redisConnectionFactory' (OnBeanCondition)

   RedisReactiveHealthContributorAutoConfiguration#redisHealthContributor matched:
      - @ConditionalOnMissingBean (names: redisHealthIndicator,redisHealthContributor; SearchStrategy: all) did not find any beans (OnBeanCondition)

   RedisRepositoriesAutoConfiguration matched:
      - @ConditionalOnClass found required class 'org.springframework.data.redis.repository.configuration.EnableRedisRepositories' (OnClassCondition)
      - @ConditionalOnProperty (spring.data.redis.repositories.enabled=true) matched (OnPropertyCondition)
      - @ConditionalOnBean (types: org.springframework.data.redis.connection.RedisConnectionFactory; SearchStrategy: all) found bean 'redisConnectionFactory'; @ConditionalOnMissingBean (types: org.springframework.data.redis.repository.support.RedisRepositoryFactoryBean; SearchStrategy: all) did not find any beans (OnBeanCondition)

   RepositoryMetricsAutoConfiguration matched:
      - @ConditionalOnClass found required class 'org.springframework.data.repository.Repository' (OnClassCondition)
      - @ConditionalOnBean (types: io.micrometer.core.instrument.MeterRegistry; SearchStrategy: all) found bean 'simpleMeterRegistry' (OnBeanCondition)

   RepositoryMetricsAutoConfiguration#metricsRepositoryMethodInvocationListener matched:
[...]
	at org.junit.platform.engine.support.hierarchical.NodeTestTask.lambda$executeRecursively$8(NodeTestTask.java:146) ~[junit-platform-engine-1.11.4.jar:1.11.4]
	at org.junit.platform.engine.support.hierarchical.Node.around(Node.java:137) ~[junit-platform-engine-1.11.4.jar:1.11.4]
	at org.junit.platform.engine.support.hierarchical.NodeTestTask.lambda$executeRecursively$9(NodeTestTask.java:144) ~[junit-platform-engine-1.11.4.jar:1.11.4]
	at org.junit.platform.engine.support.hierarchical.ThrowableCollector.execute(ThrowableCollector.java:73) ~[junit-platform-engine-1.11.4.jar:1.11.4]
	at org.junit.platform.engine.support.hierarchical.NodeTestTask.executeRecursively(NodeTestTask.java:143) ~[junit-platform-engine-1.11.4.jar:1.11.4]
	at org.junit.platform.engine.support.hierarchical.NodeTestTask.execute(NodeTestTask.java:100) ~[junit-platform-engine-1.11.4.jar:1.11.4]
	at org.junit.platform.engine.support.hierarchical.SameThreadHierarchicalTestExecutorService.submit(SameThreadHierarchicalTestExecutorService.java:35) ~[junit-platform-engine-1.11.4.jar:1.11.4]
	at org.junit.platform.engine.support.hierarchical.HierarchicalTestExecutor.execute(HierarchicalTestExecutor.java:57) ~[junit-platform-engine-1.11.4.jar:1.11.4]
	at org.junit.platform.engine.support.hierarchical.HierarchicalTestEngine.execute(HierarchicalTestEngine.java:54) ~[junit-platform-engine-1.11.4.jar:1.11.4]
	at org.junit.platform.launcher.core.EngineExecutionOrchestrator.execute(EngineExecutionOrchestrator.java:198) ~[junit-platform-launcher-1.11.4.jar:1.11.4]
	at org.junit.platform.launcher.core.EngineExecutionOrchestrator.execute(EngineExecutionOrchestrator.java:169) ~[junit-platform-launcher-1.11.4.jar:1.11.4]
	at org.junit.platform.launcher.core.EngineExecutionOrchestrator.execute(EngineExecutionOrchestrator.java:93) ~[junit-platform-launcher-1.11.4.jar:1.11.4]
	at org.junit.platform.launcher.core.EngineExecutionOrchestrator.lambda$execute$0(EngineExecutionOrchestrator.java:58) ~[junit-platform-launcher-1.11.4.jar:1.11.4]
	at org.junit.platform.launcher.core.EngineExecutionOrchestrator.withInterceptedStreams(EngineExecutionOrchestrator.java:141) ~[junit-platform-launcher-1.11.4.jar:1.11.4]
	at org.junit.platform.launcher.core.EngineExecutionOrchestrator.execute(EngineExecutionOrchestrator.java:57) ~[junit-platform-launcher-1.11.4.jar:1.11.4]
	at org.junit.platform.launcher.core.DefaultLauncher.execute(DefaultLauncher.java:103) ~[junit-platform-launcher-1.11.4.jar:1.11.4]
	at org.junit.platform.launcher.core.DefaultLauncher.execute(DefaultLauncher.java:85) ~[junit-platform-launcher-1.11.4.jar:1.11.4]
	at org.junit.platform.launcher.core.DelegatingLauncher.execute(DelegatingLauncher.java:47) ~[junit-platform-launcher-1.11.4.jar:1.11.4]
	at org.apache.maven.surefire.junitplatform.LazyLauncher.execute(LazyLauncher.java:56) ~[surefire-junit-platform-3.2.5.jar:3.2.5]
	at org.apache.maven.surefire.junitplatform.JUnitPlatformProvider.execute(JUnitPlatformProvider.java:184) ~[surefire-junit-platform-3.2.5.jar:3.2.5]
	at org.apache.maven.surefire.junitplatform.JUnitPlatformProvider.invokeAllTests(JUnitPlatformProvider.java:148) ~[surefire-junit-platform-3.2.5.jar:3.2.5]
	at org.apache.maven.surefire.junitplatform.JUnitPlatformProvider.invoke(JUnitPlatformProvider.java:122) ~[surefire-junit-platform-3.2.5.jar:3.2.5]
	at org.apache.maven.surefire.booter.ForkedBooter.runSuitesInProcess(ForkedBooter.java:385) ~[surefire-booter-3.2.5.jar:3.2.5]
	at org.apache.maven.surefire.booter.ForkedBooter.execute(ForkedBooter.java:162) ~[surefire-booter-3.2.5.jar:3.2.5]
	at org.apache.maven.surefire.booter.ForkedBooter.run(ForkedBooter.java:507) ~[surefire-booter-3.2.5.jar:3.2.5]
	at org.apache.maven.surefire.booter.ForkedBooter.main(ForkedBooter.java:495) ~[surefire-booter-3.2.5.jar:3.2.5]

2026-05-25T18:44:04.858+05:30 DEBUG 31788 --- [           main] o.s.w.s.m.m.a.HttpEntityMethodProcessor  : Using 'application/json', given [*/*] and supported [application/json, application/*+json, application/yaml]
2026-05-25T18:44:04.859+05:30 DEBUG 31788 --- [           main] o.s.w.s.m.m.a.HttpEntityMethodProcessor  : Writing [ApiResponse(success=false, message=An unexpected error occurred. Please contact support if the issue (truncated)...]
2026-05-25T18:44:04.862+05:30 DEBUG 31788 --- [           main] .m.m.a.ExceptionHandlerExceptionResolver : Resolved [java.lang.RuntimeException: Claim not found]
]]></system-out>
  </testcase>
  <testcase name="getClaimTimeline_asAdmin_shouldReturn200" classname="com.tpa.controller.AdminAndIntegrationTest" time="0.19">
    <system-out><![CDATA[2026-05-25T18:44:04.881+05:30 DEBUG 31788 --- [           main] org.hibernate.SQL                        : select rt1_0.id,rt1_0.expiry_date,rt1_0.token,rt1_0.user_id from refresh_tokens rt1_0
2026-05-25T18:44:04.882+05:30 DEBUG 31788 --- [           main] org.hibernate.SQL                        : select u1_0.id,u1_0.address,u1_0.created_at,u1_0.date_of_birth,u1_0.email,u1_0.gender,u1_0.password,u1_0.phone_number,u1_0.user_role,u1_0.user_status,u1_0.username from users u1_0
2026-05-25T18:44:04.929+05:30 DEBUG 31788 --- [           main] org.hibernate.SQL                        : insert into users (address,created_at,date_of_birth,email,gender,password,phone_number,user_role,user_status,username,id) values (?,?,?,?,?,?,?,?,?,?,default)
2026-05-25T18:44:04.967+05:30 DEBUG 31788 --- [           main] org.hibernate.SQL                        : insert into users (address,created_at,date_of_birth,email,gender,password,phone_number,user_role,user_status,username,id) values (?,?,?,?,?,?,?,?,?,?,default)
2026-05-25T18:44:05.024+05:30 DEBUG 31788 --- [           main] org.hibernate.SQL                        : insert into users (address,created_at,date_of_birth,email,gender,password,phone_number,user_role,user_status,username,id) values (?,?,?,?,?,?,?,?,?,?,default)
2026-05-25T18:44:05.028+05:30 DEBUG 31788 --- [           main] org.hibernate.SQL                        : select cd1_0.id,cd1_0.claim_id,cd1_0.confidence_score,cd1_0.file_name,cd1_0.file_path,cd1_0.file_type,cd1_0.type,cd1_0.validation_issues,cd1_0.validation_status from claim_documents cd1_0
2026-05-25T18:44:05.030+05:30 DEBUG 31788 --- [           main] org.hibernate.SQL                        : select c1_0.id,c1_0.admission_date,c1_0.ai_summary,c1_0.amount,c1_0.assigned_to,c1_0.bill_date,c1_0.bill_number,c1_0.carrier_id,c1_0.carrier_name,c1_0.claim_status,c1_0.claim_type,c1_0.created_date,c1_0.diagnosis,c1_0.discharge_date,c1_0.escalated,c1_0.escalated_at,c1_0.escalation_reason,c1_0.fraud_flags,c1_0.fraud_score,c1_0.health_score,c1_0.hospital_name,c1_0.icd_code,c1_0.patient_name,c1_0.policy_id,c1_0.policy_name,c1_0.policy_number,c1_0.processed_date,c1_0.rejection_reason,c1_0.review_notes,c1_0.reviewed_at,c1_0.reviewed_by,c1_0.risk_flags,c1_0.risk_level,c1_0.risk_score,c1_0.sla_deadline,c1_0.tenant_id,c1_0.total_bill_amount,c1_0.user_id from claims c1_0
2026-05-25T18:44:05.031+05:30 DEBUG 31788 --- [           main] org.hibernate.SQL                        : select c1_0.id,c1_0.ai_recommendation,c1_0.ai_risk_score,c1_0.ai_risk_status,c1_0.company_name,c1_0.company_type,c1_0.license_number,c1_0.registration_number,c1_0.tax_id,c1_0.user_id,c1_0.website from carriers c1_0
2026-05-25T18:44:05.032+05:30 DEBUG 31788 --- [           main] org.hibernate.SQL                        : insert into carriers (ai_recommendation,ai_risk_score,ai_risk_status,company_name,company_type,license_number,registration_number,tax_id,user_id,website,id) values (?,?,?,?,?,?,?,?,?,?,default)
2026-05-25T18:44:05.033+05:30 DEBUG 31788 --- [           main] org.hibernate.SQL                        : insert into claims (admission_date,ai_summary,amount,assigned_to,bill_date,bill_number,carrier_id,carrier_name,claim_status,claim_type,created_date,diagnosis,discharge_date,escalated,escalated_at,escalation_reason,fraud_flags,fraud_score,health_score,hospital_name,icd_code,patient_name,policy_id,policy_name,policy_number,processed_date,rejection_reason,review_notes,reviewed_at,reviewed_by,risk_flags,risk_level,risk_score,sla_deadline,tenant_id,total_bill_amount,user_id,id) values (?,?,?,?,?,?,?,?,?,?,?,?,?,?,?,?,?,?,?,?,?,?,?,?,?,?,?,?,?,?,?,?,?,?,?,?,?,default)
2026-05-25T18:44:05.038+05:30 DEBUG 31788 --- [           main] org.hibernate.SQL                        : select u1_0.id,u1_0.address,u1_0.created_at,u1_0.date_of_birth,u1_0.email,u1_0.gender,u1_0.password,u1_0.phone_number,u1_0.user_role,u1_0.user_status,u1_0.username from users u1_0 where u1_0.email=?
2026-05-25T18:44:05.042+05:30 DEBUG 31788 --- [           main] s.w.s.m.m.a.RequestMappingHandlerMapping : Mapped to com.tpa.controller.ClaimController#getClaimTimeline(Long)
2026-05-25T18:44:05.046+05:30 DEBUG 31788 --- [           main] org.hibernate.SQL                        : select cst1_0.id,cst1_0.changed_by,cst1_0.claim_id,cst1_0.estimated_days_remaining,cst1_0.from_status,cst1_0.notes,cst1_0.occurred_at,cst1_0.to_status from claim_status_timelines cst1_0 where cst1_0.claim_id=? order by cst1_0.occurred_at
2026-05-25T18:44:05.047+05:30 DEBUG 31788 --- [           main] o.s.w.s.m.m.a.HttpEntityMethodProcessor  : Using 'application/json', given [*/*] and supported [application/json, application/*+json, application/yaml]
2026-05-25T18:44:05.048+05:30 DEBUG 31788 --- [           main] o.s.w.s.m.m.a.HttpEntityMethodProcessor  : Writing [ApiResponse(success=true, message=Claim timeline fetched successfully, data=[], httpStatus=200)]
]]></system-out>
  </testcase>
  <testcase name="getClaimAudits_asAdmin_shouldReturn200WithAuditList" classname="com.tpa.controller.AdminAndIntegrationTest" time="0.176">
    <system-out><![CDATA[2026-05-25T18:44:05.077+05:30 DEBUG 31788 --- [           main] org.hibernate.SQL                        : select rt1_0.id,rt1_0.expiry_date,rt1_0.token,rt1_0.user_id from refresh_tokens rt1_0
2026-05-25T18:44:05.079+05:30 DEBUG 31788 --- [           main] org.hibernate.SQL                        : select u1_0.id,u1_0.address,u1_0.created_at,u1_0.date_of_birth,u1_0.email,u1_0.gender,u1_0.password,u1_0.phone_number,u1_0.user_role,u1_0.user_status,u1_0.username from users u1_0
2026-05-25T18:44:05.126+05:30 DEBUG 31788 --- [           main] org.hibernate.SQL                        : insert into users (address,created_at,date_of_birth,email,gender,password,phone_number,user_role,user_status,username,id) values (?,?,?,?,?,?,?,?,?,?,default)
2026-05-25T18:44:05.167+05:30 DEBUG 31788 --- [           main] org.hibernate.SQL                        : insert into users (address,created_at,date_of_birth,email,gender,password,phone_number,user_role,user_status,username,id) values (?,?,?,?,?,?,?,?,?,?,default)
2026-05-25T18:44:05.220+05:30 DEBUG 31788 --- [           main] org.hibernate.SQL                        : insert into users (address,created_at,date_of_birth,email,gender,password,phone_number,user_role,user_status,username,id) values (?,?,?,?,?,?,?,?,?,?,default)
2026-05-25T18:44:05.224+05:30 DEBUG 31788 --- [           main] org.hibernate.SQL                        : select cd1_0.id,cd1_0.claim_id,cd1_0.confidence_score,cd1_0.file_name,cd1_0.file_path,cd1_0.file_type,cd1_0.type,cd1_0.validation_issues,cd1_0.validation_status from claim_documents cd1_0
2026-05-25T18:44:05.225+05:30 DEBUG 31788 --- [           main] org.hibernate.SQL                        : select c1_0.id,c1_0.admission_date,c1_0.ai_summary,c1_0.amount,c1_0.assigned_to,c1_0.bill_date,c1_0.bill_number,c1_0.carrier_id,c1_0.carrier_name,c1_0.claim_status,c1_0.claim_type,c1_0.created_date,c1_0.diagnosis,c1_0.discharge_date,c1_0.escalated,c1_0.escalated_at,c1_0.escalation_reason,c1_0.fraud_flags,c1_0.fraud_score,c1_0.health_score,c1_0.hospital_name,c1_0.icd_code,c1_0.patient_name,c1_0.policy_id,c1_0.policy_name,c1_0.policy_number,c1_0.processed_date,c1_0.rejection_reason,c1_0.review_notes,c1_0.reviewed_at,c1_0.reviewed_by,c1_0.risk_flags,c1_0.risk_level,c1_0.risk_score,c1_0.sla_deadline,c1_0.tenant_id,c1_0.total_bill_amount,c1_0.user_id from claims c1_0
2026-05-25T18:44:05.225+05:30 DEBUG 31788 --- [           main] org.hibernate.SQL                        : select c1_0.id,c1_0.ai_recommendation,c1_0.ai_risk_score,c1_0.ai_risk_status,c1_0.company_name,c1_0.company_type,c1_0.license_number,c1_0.registration_number,c1_0.tax_id,c1_0.user_id,c1_0.website from carriers c1_0
2026-05-25T18:44:05.227+05:30 DEBUG 31788 --- [           main] org.hibernate.SQL                        : insert into carriers (ai_recommendation,ai_risk_score,ai_risk_status,company_name,company_type,license_number,registration_number,tax_id,user_id,website,id) values (?,?,?,?,?,?,?,?,?,?,default)
2026-05-25T18:44:05.228+05:30 DEBUG 31788 --- [           main] org.hibernate.SQL                        : insert into claims (admission_date,ai_summary,amount,assigned_to,bill_date,bill_number,carrier_id,carrier_name,claim_status,claim_type,created_date,diagnosis,discharge_date,escalated,escalated_at,escalation_reason,fraud_flags,fraud_score,health_score,hospital_name,icd_code,patient_name,policy_id,policy_name,policy_number,processed_date,rejection_reason,review_notes,reviewed_at,reviewed_by,risk_flags,risk_level,risk_score,sla_deadline,tenant_id,total_bill_amount,user_id,id) values (?,?,?,?,?,?,?,?,?,?,?,?,?,?,?,?,?,?,?,?,?,?,?,?,?,?,?,?,?,?,?,?,?,?,?,?,?,default)
2026-05-25T18:44:05.233+05:30 DEBUG 31788 --- [           main] org.hibernate.SQL                        : select u1_0.id,u1_0.address,u1_0.created_at,u1_0.date_of_birth,u1_0.email,u1_0.gender,u1_0.password,u1_0.phone_number,u1_0.user_role,u1_0.user_status,u1_0.username from users u1_0 where u1_0.email=?
2026-05-25T18:44:05.235+05:30 DEBUG 31788 --- [           main] s.w.s.m.m.a.RequestMappingHandlerMapping : Mapped to com.tpa.controller.ClaimController#getClaimAudits(Long)
2026-05-25T18:44:05.238+05:30 DEBUG 31788 --- [           main] org.hibernate.SQL                        : select ca1_0.id,ca1_0.changed_at,ca1_0.changed_by,ca1_0.claim_id,ca1_0.new_status,ca1_0.notes,ca1_0.previous_status from claim_audits ca1_0 left join claims c1_0 on c1_0.id=ca1_0.claim_id where c1_0.id=? order by ca1_0.changed_at desc
2026-05-25T18:44:05.239+05:30 DEBUG 31788 --- [           main] o.s.w.s.m.m.a.HttpEntityMethodProcessor  : Using 'application/json', given [*/*] and supported [application/json, application/*+json, application/yaml]
2026-05-25T18:44:05.239+05:30 DEBUG 31788 --- [           main] o.s.w.s.m.m.a.HttpEntityMethodProcessor  : Writing [ApiResponse(success=true, message=Claim audits fetched successfully, data=[], httpStatus=200)]
]]></system-out>
  </testcase>
  <testcase name="adminGetAllClaims_asPatient_shouldReturn403" classname="com.tpa.controller.AdminAndIntegrationTest" time="0.165">
    <system-out><![CDATA[2026-05-25T18:44:05.247+05:30 DEBUG 31788 --- [           main] org.hibernate.SQL                        : select rt1_0.id,rt1_0.expiry_date,rt1_0.token,rt1_0.user_id from refresh_tokens rt1_0
2026-05-25T18:44:05.247+05:30 DEBUG 31788 --- [           main] org.hibernate.SQL                        : select u1_0.id,u1_0.address,u1_0.created_at,u1_0.date_of_birth,u1_0.email,u1_0.gender,u1_0.password,u1_0.phone_number,u1_0.user_role,u1_0.user_status,u1_0.username from users u1_0
2026-05-25T18:44:05.294+05:30 DEBUG 31788 --- [           main] org.hibernate.SQL                        : insert into users (address,created_at,date_of_birth,email,gender,password,phone_number,user_role,user_status,username,id) values (?,?,?,?,?,?,?,?,?,?,default)
2026-05-25T18:44:05.342+05:30 DEBUG 31788 --- [           main] org.hibernate.SQL                        : insert into users (address,created_at,date_of_birth,email,gender,password,phone_number,user_role,user_status,username,id) values (?,?,?,?,?,?,?,?,?,?,default)
2026-05-25T18:44:05.387+05:30 DEBUG 31788 --- [           main] org.hibernate.SQL                        : insert into users (address,created_at,date_of_birth,email,gender,password,phone_number,user_role,user_status,username,id) values (?,?,?,?,?,?,?,?,?,?,default)
2026-05-25T18:44:05.391+05:30 DEBUG 31788 --- [           main] org.hibernate.SQL                        : select cd1_0.id,cd1_0.claim_id,cd1_0.confidence_score,cd1_0.file_name,cd1_0.file_path,cd1_0.file_type,cd1_0.type,cd1_0.validation_issues,cd1_0.validation_status from claim_documents cd1_0
2026-05-25T18:44:05.391+05:30 DEBUG 31788 --- [           main] org.hibernate.SQL                        : select c1_0.id,c1_0.admission_date,c1_0.ai_summary,c1_0.amount,c1_0.assigned_to,c1_0.bill_date,c1_0.bill_number,c1_0.carrier_id,c1_0.carrier_name,c1_0.claim_status,c1_0.claim_type,c1_0.created_date,c1_0.diagnosis,c1_0.discharge_date,c1_0.escalated,c1_0.escalated_at,c1_0.escalation_reason,c1_0.fraud_flags,c1_0.fraud_score,c1_0.health_score,c1_0.hospital_name,c1_0.icd_code,c1_0.patient_name,c1_0.policy_id,c1_0.policy_name,c1_0.policy_number,c1_0.processed_date,c1_0.rejection_reason,c1_0.review_notes,c1_0.reviewed_at,c1_0.reviewed_by,c1_0.risk_flags,c1_0.risk_level,c1_0.risk_score,c1_0.sla_deadline,c1_0.tenant_id,c1_0.total_bill_amount,c1_0.user_id from claims c1_0
2026-05-25T18:44:05.391+05:30 DEBUG 31788 --- [           main] org.hibernate.SQL                        : select c1_0.id,c1_0.ai_recommendation,c1_0.ai_risk_score,c1_0.ai_risk_status,c1_0.company_name,c1_0.company_type,c1_0.license_number,c1_0.registration_number,c1_0.tax_id,c1_0.user_id,c1_0.website from carriers c1_0
2026-05-25T18:44:05.391+05:30 DEBUG 31788 --- [           main] org.hibernate.SQL                        : insert into carriers (ai_recommendation,ai_risk_score,ai_risk_status,company_name,company_type,license_number,registration_number,tax_id,user_id,website,id) values (?,?,?,?,?,?,?,?,?,?,default)
2026-05-25T18:44:05.391+05:30 DEBUG 31788 --- [           main] org.hibernate.SQL                        : insert into claims (admission_date,ai_summary,amount,assigned_to,bill_date,bill_number,carrier_id,carrier_name,claim_status,claim_type,created_date,diagnosis,discharge_date,escalated,escalated_at,escalation_reason,fraud_flags,fraud_score,health_score,hospital_name,icd_code,patient_name,policy_id,policy_name,policy_number,processed_date,rejection_reason,review_notes,reviewed_at,reviewed_by,risk_flags,risk_level,risk_score,sla_deadline,tenant_id,total_bill_amount,user_id,id) values (?,?,?,?,?,?,?,?,?,?,?,?,?,?,?,?,?,?,?,?,?,?,?,?,?,?,?,?,?,?,?,?,?,?,?,?,?,default)
2026-05-25T18:44:05.397+05:30 DEBUG 31788 --- [           main] org.hibernate.SQL                        : select u1_0.id,u1_0.address,u1_0.created_at,u1_0.date_of_birth,u1_0.email,u1_0.gender,u1_0.password,u1_0.phone_number,u1_0.user_role,u1_0.user_status,u1_0.username from users u1_0 where u1_0.email=?
2026-05-25T18:44:05.400+05:30 DEBUG 31788 --- [           main] s.w.s.m.m.a.RequestMappingHandlerMapping : Mapped to com.tpa.controller.AdminController#getAllClaims(ClaimStatus, LocalDateTime, int, int, String, boolean)
2026-05-25T18:44:05.405+05:30 DEBUG 31788 --- [           main] .m.m.a.ExceptionHandlerExceptionResolver : Using @ExceptionHandler com.tpa.exception.GlobalExceptionHandler#handle(AccessDeniedException)
2026-05-25T18:44:05.406+05:30 DEBUG 31788 --- [           main] o.s.w.s.m.m.a.HttpEntityMethodProcessor  : Using 'application/json', given [*/*] and supported [application/json, application/*+json, application/yaml]
2026-05-25T18:44:05.406+05:30 DEBUG 31788 --- [           main] o.s.w.s.m.m.a.HttpEntityMethodProcessor  : Writing [ApiResponse(success=false, message=Access denied: insufficient permissions., data=Access Denied, htt (truncated)...]
2026-05-25T18:44:05.406+05:30 DEBUG 31788 --- [           main] .m.m.a.ExceptionHandlerExceptionResolver : Resolved [org.springframework.security.authorization.AuthorizationDeniedException: Access Denied]
]]></system-out>
  </testcase>
</testsuite>