<?xml version="1.0" encoding="UTF-8"?>
<testsuite xmlns:xsi="http://www.w3.org/2001/XMLSchema-instance" xsi:noNamespaceSchemaLocation="https://maven.apache.org/surefire/maven-surefire-plugin/xsd/surefire-test-report-3.0.xsd" version="3.0" name="com.tpa.service.ClaimServiceImplTest" time="0.681" tests="12" errors="0" skipped="0" failures="0">
  <properties>
[...]
</properties>
  <testcase name="getClaimQueries_shouldReturnQueriesInTimestampAscOrder" classname="com.tpa.service.ClaimServiceImplTest" time="0.64">
    <system-out><![CDATA[2026-05-16T20:02:27.794+05:30  WARN 16976 --- [ntainer#8-0-C-1] org.apache.kafka.clients.NetworkClient   : [Consumer clientId=consumer-tpa-pipeline-group-7, groupId=tpa-pipeline-group] Connection to node -1 (localhost/127.0.0.1:9092) could not be established. Node may not be available.
2026-05-16T20:02:27.794+05:30  WARN 16976 --- [ntainer#3-0-C-1] org.apache.kafka.clients.NetworkClient   : [Consumer clientId=consumer-tpa-pipeline-group-14, groupId=tpa-pipeline-group] Connection to node -1 (localhost/127.0.0.1:9092) could not be established. Node may not be available.
2026-05-16T20:02:27.794+05:30  WARN 16976 --- [ntainer#8-0-C-1] org.apache.kafka.clients.NetworkClient   : [Consumer clientId=consumer-tpa-pipeline-group-7, groupId=tpa-pipeline-group] Bootstrap broker localhost:9092 (id: -1 rack: null) disconnected
2026-05-16T20:02:27.794+05:30  WARN 16976 --- [ntainer#3-0-C-1] org.apache.kafka.clients.NetworkClient   : [Consumer clientId=consumer-tpa-pipeline-group-14, groupId=tpa-pipeline-group] Bootstrap broker localhost:9092 (id: -1 rack: null) disconnected
2026-05-16T20:02:27.855+05:30  WARN 16976 --- [ntainer#6-2-C-1] org.apache.kafka.clients.NetworkClient   : [Consumer clientId=consumer-tpa-pipeline-group-3, groupId=tpa-pipeline-group] Connection to node -1 (localhost/127.0.0.1:9092) could not be established. Node may not be available.
2026-05-16T20:02:27.855+05:30  WARN 16976 --- [ntainer#8-1-C-1] org.apache.kafka.clients.NetworkClient   : [Consumer clientId=consumer-tpa-pipeline-group-8, groupId=tpa-pipeline-group] Connection to node -1 (localhost/127.0.0.1:9092) could not be established. Node may not be available.
2026-05-16T20:02:27.855+05:30  WARN 16976 --- [ntainer#5-0-C-1] org.apache.kafka.clients.NetworkClient   : [Consumer clientId=consumer-tpa-pipeline-group-20, groupId=tpa-pipeline-group] Connection to node -1 (localhost/127.0.0.1:9092) could not be established. Node may not be available.
2026-05-16T20:02:27.855+05:30  WARN 16976 --- [ntainer#8-1-C-1] org.apache.kafka.clients.NetworkClient   : [Consumer clientId=consumer-tpa-pipeline-group-8, groupId=tpa-pipeline-group] Bootstrap broker localhost:9092 (id: -1 rack: null) disconnected
2026-05-16T20:02:27.855+05:30  WARN 16976 --- [ntainer#6-2-C-1] org.apache.kafka.clients.NetworkClient   : [Consumer clientId=consumer-tpa-pipeline-group-3, groupId=tpa-pipeline-group] Bootstrap broker localhost:9092 (id: -1 rack: null) disconnected
2026-05-16T20:02:27.855+05:30  WARN 16976 --- [ntainer#5-0-C-1] org.apache.kafka.clients.NetworkClient   : [Consumer clientId=consumer-tpa-pipeline-group-20, groupId=tpa-pipeline-group] Bootstrap broker localhost:9092 (id: -1 rack: null) disconnected
2026-05-16T20:02:27.911+05:30  WARN 16976 --- [ntainer#5-2-C-1] org.apache.kafka.clients.NetworkClient   : [Consumer clientId=consumer-tpa-pipeline-group-22, groupId=tpa-pipeline-group] Connection to node -1 (localhost/127.0.0.1:9092) could not be established. Node may not be available.
2026-05-16T20:02:27.911+05:30  WARN 16976 --- [ntainer#5-1-C-1] org.apache.kafka.clients.NetworkClient   : [Consumer clientId=consumer-tpa-pipeline-group-21, groupId=tpa-pipeline-group] Connection to node -1 (localhost/127.0.0.1:9092) could not be established. Node may not be available.
2026-05-16T20:02:27.911+05:30  WARN 16976 --- [ntainer#2-0-C-1] org.apache.kafka.clients.NetworkClient   : [Consumer clientId=consumer-tpa-dlq-group-13, groupId=tpa-dlq-group] Connection to node -1 (localhost/127.0.0.1:9092) could not be established. Node may not be available.
2026-05-16T20:02:27.912+05:30  WARN 16976 --- [ntainer#5-1-C-1] org.apache.kafka.clients.NetworkClient   : [Consumer clientId=consumer-tpa-pipeline-group-21, groupId=tpa-pipeline-group] Bootstrap broker localhost:9092 (id: -1 rack: null) disconnected
2026-05-16T20:02:27.912+05:30  WARN 16976 --- [ntainer#2-0-C-1] org.apache.kafka.clients.NetworkClient   : [Consumer clientId=consumer-tpa-dlq-group-13, groupId=tpa-dlq-group] Bootstrap broker localhost:9092 (id: -1 rack: null) disconnected
2026-05-16T20:02:27.911+05:30  WARN 16976 --- [ntainer#5-2-C-1] org.apache.kafka.clients.NetworkClient   : [Consumer clientId=consumer-tpa-pipeline-group-22, groupId=tpa-pipeline-group] Bootstrap broker localhost:9092 (id: -1 rack: null) disconnected
2026-05-16T20:02:27.917+05:30  WARN 16976 --- [ntainer#9-0-C-1] org.apache.kafka.clients.NetworkClient   : [Consumer clientId=consumer-tpa-pipeline-group-41, groupId=tpa-pipeline-group] Connection to node -1 (localhost/127.0.0.1:9092) could not be established. Node may not be available.
2026-05-16T20:02:27.917+05:30  WARN 16976 --- [ntainer#9-0-C-1] org.apache.kafka.clients.NetworkClient   : [Consumer clientId=consumer-tpa-pipeline-group-41, groupId=tpa-pipeline-group] Bootstrap broker localhost:9092 (id: -1 rack: null) disconnected
2026-05-16T20:02:27.917+05:30  WARN 16976 --- [ntainer#4-1-C-1] org.apache.kafka.clients.NetworkClient   : [Consumer clientId=consumer-tpa-pipeline-group-18, groupId=tpa-pipeline-group] Connection to node -1 (localhost/127.0.0.1:9092) could not be established. Node may not be available.
2026-05-16T20:02:27.917+05:30  WARN 16976 --- [ntainer#3-2-C-1] org.apache.kafka.clients.NetworkClient   : [Consumer clientId=consumer-tpa-pipeline-group-47, groupId=tpa-pipeline-group] Connection to node -1 (localhost/127.0.0.1:9092) could not be established. Node may not be available.
2026-05-16T20:02:27.917+05:30  WARN 16976 --- [ntainer#4-1-C-1] org.apache.kafka.clients.NetworkClient   : [Consumer clientId=consumer-tpa-pipeline-group-18, groupId=tpa-pipeline-group] Bootstrap broker localhost:9092 (id: -1 rack: null) disconnected
2026-05-16T20:02:27.917+05:30  WARN 16976 --- [ntainer#3-2-C-1] org.apache.kafka.clients.NetworkClient   : [Consumer clientId=consumer-tpa-pipeline-group-47, groupId=tpa-pipeline-group] Bootstrap broker localhost:9092 (id: -1 rack: null) disconnected
2026-05-16T20:02:27.979+05:30  WARN 16976 --- [ntainer#7-0-C-1] org.apache.kafka.clients.NetworkClient   : [Consumer clientId=consumer-tpa-pipeline-group-4, groupId=tpa-pipeline-group] Connection to node -1 (localhost/127.0.0.1:9092) could not be established. Node may not be available.
2026-05-16T20:02:27.979+05:30  WARN 16976 --- [ntainer#8-2-C-1] org.apache.kafka.clients.NetworkClient   : [Consumer clientId=consumer-tpa-pipeline-group-9, groupId=tpa-pipeline-group] Connection to node -1 (localhost/127.0.0.1:9092) could not be established. Node may not be available.
2026-05-16T20:02:27.979+05:30  WARN 16976 --- [ntainer#8-2-C-1] org.apache.kafka.clients.NetworkClient   : [Consumer clientId=consumer-tpa-pipeline-group-9, groupId=tpa-pipeline-group] Bootstrap broker localhost:9092 (id: -1 rack: null) disconnected
2026-05-16T20:02:27.979+05:30  WARN 16976 --- [ntainer#7-0-C-1] org.apache.kafka.clients.NetworkClient   : [Consumer clientId=consumer-tpa-pipeline-group-4, groupId=tpa-pipeline-group] Bootstrap broker localhost:9092 (id: -1 rack: null) disconnected
2026-05-16T20:02:28.142+05:30  WARN 16976 --- [tainer#12-0-C-1] org.apache.kafka.clients.NetworkClient   : [Consumer clientId=consumer-tpa-group-26, groupId=tpa-group] Connection to node -1 (localhost/127.0.0.1:9092) could not be established. Node may not be available.
2026-05-16T20:02:28.142+05:30  WARN 16976 --- [ntainer#7-1-C-1] org.apache.kafka.clients.NetworkClient   : [Consumer clientId=consumer-tpa-pipeline-group-36, groupId=tpa-pipeline-group] Connection to node -1 (localhost/127.0.0.1:9092) could not be established. Node may not be available.
2026-05-16T20:02:28.142+05:30  WARN 16976 --- [tainer#12-0-C-1] org.apache.kafka.clients.NetworkClient   : [Consumer clientId=consumer-tpa-group-26, groupId=tpa-group] Bootstrap broker localhost:9092 (id: -1 rack: null) disconnected
2026-05-16T20:02:28.142+05:30  WARN 16976 --- [ntainer#7-1-C-1] org.apache.kafka.clients.NetworkClient   : [Consumer clientId=consumer-tpa-pipeline-group-36, groupId=tpa-pipeline-group] Bootstrap broker localhost:9092 (id: -1 rack: null) disconnected
2026-05-16T20:02:28.196+05:30  WARN 16976 --- [ntainer#9-1-C-1] org.apache.kafka.clients.NetworkClient   : [Consumer clientId=consumer-tpa-pipeline-group-42, groupId=tpa-pipeline-group] Connection to node -1 (localhost/127.0.0.1:9092) could not be established. Node may not be available.
2026-05-16T20:02:28.196+05:30  WARN 16976 --- [ntainer#9-2-C-1] org.apache.kafka.clients.NetworkClient   : [Consumer clientId=consumer-tpa-pipeline-group-43, groupId=tpa-pipeline-group] Connection to node -1 (localhost/127.0.0.1:9092) could not be established. Node may not be available.
2026-05-16T20:02:28.196+05:30  WARN 16976 --- [ntainer#9-1-C-1] org.apache.kafka.clients.NetworkClient   : [Consumer clientId=consumer-tpa-pipeline-group-42, groupId=tpa-pipeline-group] Bootstrap broker localhost:9092 (id: -1 rack: null) disconnected
2026-05-16T20:02:28.196+05:30  WARN 16976 --- [ntainer#1-0-C-1] org.apache.kafka.clients.NetworkClient   : [Consumer clientId=consumer-tpa-group-28, groupId=tpa-group] Connection to node -1 (localhost/127.0.0.1:9092) could not be established. Node may not be available.
2026-05-16T20:02:28.196+05:30  WARN 16976 --- [ntainer#1-0-C-1] org.apache.kafka.clients.NetworkClient   : [Consumer clientId=consumer-tpa-group-28, groupId=tpa-group] Bootstrap broker localhost:9092 (id: -1 rack: null) disconnected
2026-05-16T20:02:28.196+05:30  WARN 16976 --- [ntainer#8-2-C-1] org.apache.kafka.clients.NetworkClient   : [Consumer clientId=consumer-tpa-pipeline-group-40, groupId=tpa-pipeline-group] Connection to node -1 (localhost/127.0.0.1:9092) could not be established. Node may not be available.
2026-05-16T20:02:28.196+05:30  WARN 16976 --- [tainer#11-2-C-1] org.apache.kafka.clients.NetworkClient   : [Consumer clientId=consumer-tpa-pipeline-group-25, groupId=tpa-pipeline-group] Connection to node -1 (localhost/127.0.0.1:9092) could not be established. Node may not be available.
2026-05-16T20:02:28.196+05:30  WARN 16976 --- [tainer#11-2-C-1] org.apache.kafka.clients.NetworkClient   : [Consumer clientId=consumer-tpa-pipeline-group-25, groupId=tpa-pipeline-group] Bootstrap broker localhost:9092 (id: -1 rack: null) disconnected
2026-05-16T20:02:28.196+05:30  WARN 16976 --- [ntainer#9-2-C-1] org.apache.kafka.clients.NetworkClient   : [Consumer clientId=consumer-tpa-pipeline-group-43, groupId=tpa-pipeline-group] Bootstrap broker localhost:9092 (id: -1 rack: null) disconnected
2026-05-16T20:02:28.196+05:30  WARN 16976 --- [ntainer#8-2-C-1] org.apache.kafka.clients.NetworkClient   : [Consumer clientId=consumer-tpa-pipeline-group-40, groupId=tpa-pipeline-group] Bootstrap broker localhost:9092 (id: -1 rack: null) disconnected
2026-05-16T20:02:28.259+05:30  WARN 16976 --- [ntainer#5-2-C-1] org.apache.kafka.clients.NetworkClient   : [Consumer clientId=consumer-tpa-pipeline-group-53, groupId=tpa-pipeline-group] Connection to node -1 (localhost/127.0.0.1:9092) could not be established. Node may not be available.
2026-05-16T20:02:28.259+05:30  WARN 16976 --- [ntainer#5-2-C-1] org.apache.kafka.clients.NetworkClient   : [Consumer clientId=consumer-tpa-pipeline-group-53, groupId=tpa-pipeline-group] Bootstrap broker localhost:9092 (id: -1 rack: null) disconnected
2026-05-16T20:02:28.259+05:30  WARN 16976 --- [ntainer#7-2-C-1] org.apache.kafka.clients.NetworkClient   : [Consumer clientId=consumer-tpa-pipeline-group-37, groupId=tpa-pipeline-group] Connection to node -1 (localhost/127.0.0.1:9092) could not be established. Node may not be available.
2026-05-16T20:02:28.259+05:30  WARN 16976 --- [tainer#10-0-C-1] org.apache.kafka.clients.NetworkClient   : [Consumer clientId=consumer-tpa-pipeline-group-29, groupId=tpa-pipeline-group] Connection to node -1 (localhost/127.0.0.1:9092) could not be established. Node may not be available.
2026-05-16T20:02:28.259+05:30  WARN 16976 --- [ntainer#7-2-C-1] org.apache.kafka.clients.NetworkClient   : [Consumer clientId=consumer-tpa-pipeline-group-37, groupId=tpa-pipeline-group] Bootstrap broker localhost:9092 (id: -1 rack: null) disconnected
2026-05-16T20:02:28.259+05:30  WARN 16976 --- [tainer#10-0-C-1] org.apache.kafka.clients.NetworkClient   : [Consumer clientId=consumer-tpa-pipeline-group-29, groupId=tpa-pipeline-group] Bootstrap broker localhost:9092 (id: -1 rack: null) disconnected
2026-05-16T20:02:28.320+05:30  WARN 16976 --- [ntainer#7-0-C-1] org.apache.kafka.clients.NetworkClient   : [Consumer clientId=consumer-tpa-pipeline-group-35, groupId=tpa-pipeline-group] Connection to node -1 (localhost/127.0.0.1:9092) could not be established. Node may not be available.
2026-05-16T20:02:28.320+05:30  WARN 16976 --- [ntainer#7-0-C-1] org.apache.kafka.clients.NetworkClient   : [Consumer clientId=consumer-tpa-pipeline-group-35, groupId=tpa-pipeline-group] Bootstrap broker localhost:9092 (id: -1 rack: null) disconnected
2026-05-16T20:02:28.320+05:30  WARN 16976 --- [tainer#11-0-C-1] org.apache.kafka.clients.NetworkClient   : [Consumer clientId=consumer-tpa-pipeline-group-23, groupId=tpa-pipeline-group] Connection to node -1 (localhost/127.0.0.1:9092) could not be established. Node may not be available.
2026-05-16T20:02:28.320+05:30  WARN 16976 --- [tainer#11-0-C-1] org.apache.kafka.clients.NetworkClient   : [Consumer clientId=consumer-tpa-pipeline-group-23, groupId=tpa-pipeline-group] Bootstrap broker localhost:9092 (id: -1 rack: null) disconnected
2026-05-16T20:02:28.321+05:30  WARN 16976 --- [ntainer#9-2-C-1] org.apache.kafka.clients.NetworkClient   : [Consumer clientId=consumer-tpa-pipeline-group-12, groupId=tpa-pipeline-group] Connection to node -1 (localhost/127.0.0.1:9092) could not be established. Node may not be available.
2026-05-16T20:02:28.321+05:30  WARN 16976 --- [ntainer#9-2-C-1] org.apache.kafka.clients.NetworkClient   : [Consumer clientId=consumer-tpa-pipeline-group-12, groupId=tpa-pipeline-group] Bootstrap broker localhost:9092 (id: -1 rack: null) disconnected
2026-05-16T20:02:28.380+05:30  WARN 16976 --- [ntainer#3-1-C-1] org.apache.kafka.clients.NetworkClient   : [Consumer clientId=consumer-tpa-pipeline-group-15, groupId=tpa-pipeline-group] Connection to node -1 (localhost/127.0.0.1:9092) could not be established. Node may not be available.
2026-05-16T20:02:28.380+05:30  WARN 16976 --- [ntainer#3-1-C-1] org.apache.kafka.clients.NetworkClient   : [Consumer clientId=consumer-tpa-pipeline-group-15, groupId=tpa-pipeline-group] Bootstrap broker localhost:9092 (id: -1 rack: null) disconnected
2026-05-16T20:02:28.380+05:30  WARN 16976 --- [tainer#11-1-C-1] org.apache.kafka.clients.NetworkClient   : [Consumer clientId=consumer-tpa-pipeline-group-24, groupId=tpa-pipeline-group] Connection to node -1 (localhost/127.0.0.1:9092) could not be established. Node may not be available.
2026-05-16T20:02:28.380+05:30  WARN 16976 --- [ntainer#6-2-C-1] org.apache.kafka.clients.NetworkClient   : [Consumer clientId=consumer-tpa-pipeline-group-34, groupId=tpa-pipeline-group] Connection to node -1 (localhost/127.0.0.1:9092) could not be established. Node may not be available.
2026-05-16T20:02:28.380+05:30  WARN 16976 --- [tainer#11-1-C-1] org.apache.kafka.clients.NetworkClient   : [Consumer clientId=consumer-tpa-pipeline-group-24, groupId=tpa-pipeline-group] Bootstrap broker localhost:9092 (id: -1 rack: null) disconnected
2026-05-16T20:02:28.380+05:30  WARN 16976 --- [ntainer#6-2-C-1] org.apache.kafka.clients.NetworkClient   : [Consumer clientId=consumer-tpa-pipeline-group-34, groupId=tpa-pipeline-group] Bootstrap broker localhost:9092 (id: -1 rack: null) disconnected
2026-05-16T20:02:28.382+05:30  WARN 16976 --- [ntainer#8-1-C-1] org.apache.kafka.clients.NetworkClient   : [Consumer clientId=consumer-tpa-pipeline-group-39, groupId=tpa-pipeline-group] Connection to node -1 (localhost/127.0.0.1:9092) could not be established. Node may not be available.
2026-05-16T20:02:28.382+05:30  WARN 16976 --- [ntainer#2-0-C-1] org.apache.kafka.clients.NetworkClient   : [Consumer clientId=consumer-tpa-dlq-group-44, groupId=tpa-dlq-group] Connection to node -1 (localhost/127.0.0.1:9092) could not be established. Node may not be available.
2026-05-16T20:02:28.382+05:30  WARN 16976 --- [tainer#11-1-C-1] org.apache.kafka.clients.NetworkClient   : [Consumer clientId=consumer-tpa-pipeline-group-55, groupId=tpa-pipeline-group] Connection to node -1 (localhost/127.0.0.1:9092) could not be established. Node may not be available.
2026-05-16T20:02:28.382+05:30  WARN 16976 --- [ntainer#6-0-C-1] org.apache.kafka.clients.NetworkClient   : [Consumer clientId=consumer-tpa-pipeline-group-1, groupId=tpa-pipeline-group] Connection to node -1 (localhost/127.0.0.1:9092) could not be established. Node may not be available.
2026-05-16T20:02:28.382+05:30  WARN 16976 --- [tainer#11-1-C-1] org.apache.kafka.clients.NetworkClient   : [Consumer clientId=consumer-tpa-pipeline-group-55, groupId=tpa-pipeline-group] Bootstrap broker localhost:9092 (id: -1 rack: null) disconnected
2026-05-16T20:02:28.382+05:30  WARN 16976 --- [ntainer#8-1-C-1] org.apache.kafka.clients.NetworkClient   : [Consumer clientId=consumer-tpa-pipeline-group-39, groupId=tpa-pipeline-group] Bootstrap broker localhost:9092 (id: -1 rack: null) disconnected
2026-05-16T20:02:28.382+05:30  WARN 16976 --- [ntainer#6-0-C-1] org.apache.kafka.clients.NetworkClient   : [Consumer clientId=consumer-tpa-pipeline-group-1, groupId=tpa-pipeline-group] Bootstrap broker localhost:9092 (id: -1 rack: null) disconnected
2026-05-16T20:02:28.382+05:30  WARN 16976 --- [ntainer#2-0-C-1] org.apache.kafka.clients.NetworkClient   : [Consumer clientId=consumer-tpa-dlq-group-44, groupId=tpa-dlq-group] Bootstrap broker localhost:9092 (id: -1 rack: null) disconnected
]]></system-out>
  </testcase>
  <testcase name="getAllClaims_forAdmin_shouldReturnAllClaims" classname="com.tpa.service.ClaimServiceImplTest" time="0.005"/>
  <testcase name="getClaim_byPatientForOtherUserClaim_shouldThrowAccessDenied" classname="com.tpa.service.ClaimServiceImplTest" time="0.002"/>
  <testcase name="createClaim_withUnknownCarrier_shouldThrowNotFound" classname="com.tpa.service.ClaimServiceImplTest" time="0.002"/>
  <testcase name="createClaim_shouldSaveWithSubmittedStatus" classname="com.tpa.service.ClaimServiceImplTest" time="0.004"/>
  <testcase name="processClaimDecision_forSettledClaim_shouldReturnEarly" classname="com.tpa.service.ClaimServiceImplTest" time="0.002"/>
  <testcase name="createClaim_withBlankPolicyNumber_shouldGenerateTempPolicyNumber" classname="com.tpa.service.ClaimServiceImplTest" time="0.003"/>
  <testcase name="getClaim_withNonExistentId_shouldThrowException" classname="com.tpa.service.ClaimServiceImplTest" time="0.004"/>
  <testcase name="deleteClaim_withApprovedClaim_shouldThrowBadRequest" classname="com.tpa.service.ClaimServiceImplTest" time="0.003"/>
  <testcase name="broadcastStatusUpdate_shouldCallMessagingTemplateWithCorrectTopic" classname="com.tpa.service.ClaimServiceImplTest" time="0.004"/>
  <testcase name="processBulkApproval_mixedResults_shouldReturnCorrectCounts" classname="com.tpa.service.ClaimServiceImplTest" time="0.004">
    <system-out><![CDATA[2026-05-16T20:02:28.421+05:30 ERROR 16976 --- [           main] com.tpa.service.impl.ClaimServiceImpl    : Failed to process bulk approval for claim #99

java.lang.RuntimeException: Claim not found: 99
	at com.tpa.service.impl.ClaimServiceImpl.lambda$processBulkApproval$8(ClaimServiceImpl.java:281) ~[classes/:na]
	at java.base/java.util.Optional.orElseThrow(Optional.java:403) ~[na:na]
	at com.tpa.service.impl.ClaimServiceImpl.processBulkApproval(ClaimServiceImpl.java:281) ~[classes/:na]
	at com.tpa.service.ClaimServiceImplTest.processBulkApproval_mixedResults_shouldReturnCorrectCounts(ClaimServiceImplTest.java:225) ~[test-classes/:na]
	at java.base/jdk.internal.reflect.NativeMethodAccessorImpl.invoke0(Native Method) ~[na:na]
	at java.base/jdk.internal.reflect.NativeMethodAccessorImpl.invoke(NativeMethodAccessorImpl.java:77) ~[na:na]
	at java.base/jdk.internal.reflect.DelegatingMethodAccessorImpl.invoke(DelegatingMethodAccessorImpl.java:43) ~[na:na]
	at java.base/java.lang.reflect.Method.invoke(Method.java:569) ~[na:na]
	at org.junit.platform.commons.util.ReflectionUtils.invokeMethod(ReflectionUtils.java:767) ~[junit-platform-commons-1.11.4.jar:1.11.4]
	at org.junit.jupiter.engine.execution.MethodInvocation.proceed(MethodInvocation.java:60) ~[junit-jupiter-engine-5.11.4.jar:5.11.4]
	at org.junit.jupiter.engine.execution.InvocationInterceptorChain$ValidatingInvocation.proceed(InvocationInterceptorChain.java:131) ~[junit-jupiter-engine-5.11.4.jar:5.11.4]
	at org.junit.jupiter.engine.extension.TimeoutExtension.intercept(TimeoutExtension.java:156) ~[junit-jupiter-engine-5.11.4.jar:5.11.4]
	at org.junit.jupiter.engine.extension.TimeoutExtension.interceptTestableMethod(TimeoutExtension.java:147) ~[junit-jupiter-engine-5.11.4.jar:5.11.4]
	at org.junit.jupiter.engine.extension.TimeoutExtension.interceptTestMethod(TimeoutExtension.java:86) ~[junit-jupiter-engine-5.11.4.jar:5.11.4]
	at org.junit.jupiter.engine.execution.InterceptingExecutableInvoker$ReflectiveInterceptorCall.lambda$ofVoidMethod$0(InterceptingExecutableInvoker.java:103) ~[junit-jupiter-engine-5.11.4.jar:5.11.4]
	at org.junit.jupiter.engine.execution.InterceptingExecutableInvoker.lambda$invoke$0(InterceptingExecutableInvoker.java:93) ~[junit-jupiter-engine-5.11.4.jar:5.11.4]
	at org.junit.jupiter.engine.execution.InvocationInterceptorChain$InterceptedInvocation.proceed(InvocationInterceptorChain.java:106) ~[junit-jupiter-engine-5.11.4.jar:5.11.4]
	at org.junit.jupiter.engine.execution.InvocationInterceptorChain.proceed(InvocationInterceptorChain.java:64) ~[junit-jupiter-engine-5.11.4.jar:5.11.4]
	at org.junit.jupiter.engine.execution.InvocationInterceptorChain.chainAndInvoke(InvocationInterceptorChain.java:45) ~[junit-jupiter-engine-5.11.4.jar:5.11.4]
	at org.junit.jupiter.engine.execution.InvocationInterceptorChain.invoke(InvocationInterceptorChain.java:37) ~[junit-jupiter-engine-5.11.4.jar:5.11.4]
	at org.junit.jupiter.engine.execution.InterceptingExecutableInvoker.invoke(InterceptingExecutableInvoker.java:92) ~[junit-jupiter-engine-5.11.4.jar:5.11.4]
	at org.junit.jupiter.engine.execution.InterceptingExecutableInvoker.invoke(InterceptingExecutableInvoker.java:86) ~[junit-jupiter-engine-5.11.4.jar:5.11.4]
	at org.junit.jupiter.engine.descriptor.TestMethodTestDescriptor.lambda$invokeTestMethod$8(TestMethodTestDescriptor.java:217) ~[junit-jupiter-engine-5.11.4.jar:5.11.4]
	at org.junit.platform.engine.support.hierarchical.ThrowableCollector.execute(ThrowableCollector.java:73) ~[junit-platform-engine-1.11.4.jar:1.11.4]
	at org.junit.jupiter.engine.descriptor.TestMethodTestDescriptor.invokeTestMethod(TestMethodTestDescriptor.java:213) ~[junit-jupiter-engine-5.11.4.jar:5.11.4]
	at org.junit.jupiter.engine.descriptor.TestMethodTestDescriptor.execute(TestMethodTestDescriptor.java:138) ~[junit-jupiter-engine-5.11.4.jar:5.11.4]
	at org.junit.jupiter.engine.descriptor.TestMethodTestDescriptor.execute(TestMethodTestDescriptor.java:68) ~[junit-jupiter-engine-5.11.4.jar:5.11.4]
	at org.junit.platform.engine.support.hierarchical.NodeTestTask.lambda$executeRecursively$6(NodeTestTask.java:156) ~[junit-platform-engine-1.11.4.jar:1.11.4]
	at org.junit.platform.engine.support.hierarchical.ThrowableCollector.execute(ThrowableCollector.java:73) ~[junit-platform-engine-1.11.4.jar:1.11.4]
	at org.junit.platform.engine.support.hierarchical.NodeTestTask.lambda$executeRecursively$8(NodeTestTask.java:146) ~[junit-platform-engine-1.11.4.jar:1.11.4]
	at org.junit.platform.engine.support.hierarchical.Node.around(Node.java:137) ~[junit-platform-engine-1.11.4.jar:1.11.4]
	at org.junit.platform.engine.support.hierarchical.NodeTestTask.lambda$executeRecursively$9(NodeTestTask.java:144) ~[junit-platform-engine-1.11.4.jar:1.11.4]
	at org.junit.platform.engine.support.hierarchical.ThrowableCollector.execute(ThrowableCollector.java:73) ~[junit-platform-engine-1.11.4.jar:1.11.4]
	at org.junit.platform.engine.support.hierarchical.NodeTestTask.executeRecursively(NodeTestTask.java:143) ~[junit-platform-engine-1.11.4.jar:1.11.4]
	at org.junit.platform.engine.support.hierarchical.NodeTestTask.execute(NodeTestTask.java:100) ~[junit-platform-engine-1.11.4.jar:1.11.4]
	at java.base/java.util.ArrayList.forEach(ArrayList.java:1511) ~[na:na]
	at org.junit.platform.engine.support.hierarchical.SameThreadHierarchicalTestExecutorService.invokeAll(SameThreadHierarchicalTestExecutorService.java:41) ~[junit-platform-engine-1.11.4.jar:1.11.4]
	at org.junit.platform.engine.support.hierarchical.NodeTestTask.lambda$executeRecursively$6(NodeTestTask.java:160) ~[junit-platform-engine-1.11.4.jar:1.11.4]
	at org.junit.platform.engine.support.hierarchical.ThrowableCollector.execute(ThrowableCollector.java:73) ~[junit-platform-engine-1.11.4.jar:1.11.4]
	at org.junit.platform.engine.support.hierarchical.NodeTestTask.lambda$executeRecursively$8(NodeTestTask.java:146) ~[junit-platform-engine-1.11.4.jar:1.11.4]
	at org.junit.platform.engine.support.hierarchical.Node.around(Node.java:137) ~[junit-platform-engine-1.11.4.jar:1.11.4]
	at org.junit.platform.engine.support.hierarchical.NodeTestTask.lambda$executeRecursively$9(NodeTestTask.java:144) ~[junit-platform-engine-1.11.4.jar:1.11.4]
	at org.junit.platform.engine.support.hierarchical.ThrowableCollector.execute(ThrowableCollector.java:73) ~[junit-platform-engine-1.11.4.jar:1.11.4]
	at org.junit.platform.engine.support.hierarchical.NodeTestTask.executeRecursively(NodeTestTask.java:143) ~[junit-platform-engine-1.11.4.jar:1.11.4]
	at org.junit.platform.engine.support.hierarchical.NodeTestTask.execute(NodeTestTask.java:100) ~[junit-platform-engine-1.11.4.jar:1.11.4]
	at java.base/java.util.ArrayList.forEach(ArrayList.java:1511) ~[na:na]
	at org.junit.platform.engine.support.hierarchical.SameThreadHierarchicalTestExecutorService.invokeAll(SameThreadHierarchicalTestExecutorService.java:41) ~[junit-platform-engine-1.11.4.jar:1.11.4]
	at org.junit.platform.engine.support.hierarchical.NodeTestTask.lambda$executeRecursively$6(NodeTestTask.java:160) ~[junit-platform-engine-1.11.4.jar:1.11.4]
	at org.junit.platform.engine.support.hierarchical.ThrowableCollector.execute(ThrowableCollector.java:73) ~[junit-platform-engine-1.11.4.jar:1.11.4]
	at org.junit.platform.engine.support.hierarchical.NodeTestTask.lambda$executeRecursively$8(NodeTestTask.java:146) ~[junit-platform-engine-1.11.4.jar:1.11.4]
	at org.junit.platform.engine.support.hierarchical.Node.around(Node.java:137) ~[junit-platform-engine-1.11.4.jar:1.11.4]
	at org.junit.platform.engine.support.hierarchical.NodeTestTask.lambda$executeRecursively$9(NodeTestTask.java:144) ~[junit-platform-engine-1.11.4.jar:1.11.4]
	at org.junit.platform.engine.support.hierarchical.ThrowableCollector.execute(ThrowableCollector.java:73) ~[junit-platform-engine-1.11.4.jar:1.11.4]
	at org.junit.platform.engine.support.hierarchical.NodeTestTask.executeRecursively(NodeTestTask.java:143) ~[junit-platform-engine-1.11.4.jar:1.11.4]
	at org.junit.platform.engine.support.hierarchical.NodeTestTask.execute(NodeTestTask.java:100) ~[junit-platform-engine-1.11.4.jar:1.11.4]
	at org.junit.platform.engine.support.hierarchical.SameThreadHierarchicalTestExecutorService.submit(SameThreadHierarchicalTestExecutorService.java:35) ~[junit-platform-engine-1.11.4.jar:1.11.4]
	at org.junit.platform.engine.support.hierarchical.HierarchicalTestExecutor.execute(HierarchicalTestExecutor.java:57) ~[junit-platform-engine-1.11.4.jar:1.11.4]
	at org.junit.platform.engine.support.hierarchical.HierarchicalTestEngine.execute(HierarchicalTestEngine.java:54) ~[junit-platform-engine-1.11.4.jar:1.11.4]
	at org.junit.platform.launcher.core.EngineExecutionOrchestrator.execute(EngineExecutionOrchestrator.java:198) ~[junit-platform-launcher-1.11.4.jar:1.11.4]
	at org.junit.platform.launcher.core.EngineExecutionOrchestrator.execute(EngineExecutionOrchestrator.java:169) ~[junit-platform-launcher-1.11.4.jar:1.11.4]
	at org.junit.platform.launcher.core.EngineExecutionOrchestrator.execute(EngineExecutionOrchestrator.java:93) ~[junit-platform-launcher-1.11.4.jar:1.11.4]
	at org.junit.platform.launcher.core.EngineExecutionOrchestrator.lambda$execute$0(EngineExecutionOrchestrator.java:58) ~[junit-platform-launcher-1.11.4.jar:1.11.4]
	at org.junit.platform.launcher.core.EngineExecutionOrchestrator.withInterceptedStreams(EngineExecutionOrchestrator.java:141) ~[junit-platform-launcher-1.11.4.jar:1.11.4]
	at org.junit.platform.launcher.core.EngineExecutionOrchestrator.execute(EngineExecutionOrchestrator.java:57) ~[junit-platform-launcher-1.11.4.jar:1.11.4]
	at org.junit.platform.launcher.core.DefaultLauncher.execute(DefaultLauncher.java:103) ~[junit-platform-launcher-1.11.4.jar:1.11.4]
	at org.junit.platform.launcher.core.DefaultLauncher.execute(DefaultLauncher.java:85) ~[junit-platform-launcher-1.11.4.jar:1.11.4]
	at org.junit.platform.launcher.core.DelegatingLauncher.execute(DelegatingLauncher.java:47) ~[junit-platform-launcher-1.11.4.jar:1.11.4]
	at org.apache.maven.surefire.junitplatform.LazyLauncher.execute(LazyLauncher.java:56) ~[surefire-junit-platform-3.2.5.jar:3.2.5]
	at org.apache.maven.surefire.junitplatform.JUnitPlatformProvider.execute(JUnitPlatformProvider.java:184) ~[surefire-junit-platform-3.2.5.jar:3.2.5]
	at org.apache.maven.surefire.junitplatform.JUnitPlatformProvider.invokeAllTests(JUnitPlatformProvider.java:148) ~[surefire-junit-platform-3.2.5.jar:3.2.5]
	at org.apache.maven.surefire.junitplatform.JUnitPlatformProvider.invoke(JUnitPlatformProvider.java:122) ~[surefire-junit-platform-3.2.5.jar:3.2.5]
	at org.apache.maven.surefire.booter.ForkedBooter.runSuitesInProcess(ForkedBooter.java:385) ~[surefire-booter-3.2.5.jar:3.2.5]
	at org.apache.maven.surefire.booter.ForkedBooter.execute(ForkedBooter.java:162) ~[surefire-booter-3.2.5.jar:3.2.5]
	at org.apache.maven.surefire.booter.ForkedBooter.run(ForkedBooter.java:507) ~[surefire-booter-3.2.5.jar:3.2.5]
	at org.apache.maven.surefire.booter.ForkedBooter.main(ForkedBooter.java:495) ~[surefire-booter-3.2.5.jar:3.2.5]

]]></system-out>
  </testcase>
  <testcase name="sendUserNotification_shouldSendToCorrectUserDestination" classname="com.tpa.service.ClaimServiceImplTest" time="0.003"/>
</testsuite>